<?xml version="1.0" encoding="UTF-8"?>
<!-- Generated by org.testng.reporters.JUnitReportReporter -->
<testsuite hostname="SPCOKLAP-5140" failures="0" tests="17" name="CollectionAgencyDisposition_Module.AllScenarios_CollectionAgencyDispositionModule" time="585.426" errors="0" timestamp="2025-02-20T11:37:49 IST" skipped="0">
  <testcase classname="CollectionAgencyDisposition_Module.AllScenarios_CollectionAgencyDispositionModule" name="Login_to_core_application_and_navigate_to_agency_account_agency_menu" time="82.713"/>
  <system-out/>
  <testcase classname="CollectionAgencyDisposition_Module.AllScenarios_CollectionAgencyDispositionModule" name="Truncate_mst_col_agency_acc_allocated_and_delete_data_from_trn_account_followup_where_disposition_date__today" time="4.719"/>
  <system-out/>
  <testcase classname="CollectionAgencyDisposition_Module.AllScenarios_CollectionAgencyDispositionModule" name="Allocating_accounts_to_collection_agency" time="190.264"/>
  <system-out/>
  <testcase classname="CollectionAgencyDisposition_Module.AllScenarios_CollectionAgencyDispositionModule" name="Fetch_a_not_allocated_account_number_in_selected_collection_agency" time="3.626"/>
  <system-out/>
  <testcase classname="CollectionAgencyDisposition_Module.AllScenarios_CollectionAgencyDispositionModule" name="Login_to_allocated_collection_agency_from_collection_agency_application" time="52.672"/>
  <system-out/>
  <testcase classname="CollectionAgencyDisposition_Module.AllScenarios_CollectionAgencyDispositionModule" name="Doing_Disposition_against_Agency_allocated_accounts" time="34.424"/>
  <system-out/>
  <testcase classname="CollectionAgencyDisposition_Module.AllScenarios_CollectionAgencyDispositionModule" name="Customer_Details_Grid_Data_Integrity" time="3.220"/>
  <system-out/>
  <testcase classname="CollectionAgencyDisposition_Module.AllScenarios_CollectionAgencyDispositionModule" name="Risk_Column_Data_Consistency" time="3.065"/>
  <system-out/>
  <testcase classname="CollectionAgencyDisposition_Module.AllScenarios_CollectionAgencyDispositionModule" name="Security_Details_View_Open_Grid" time="9.631"/>
  <system-out/>
  <testcase classname="CollectionAgencyDisposition_Module.AllScenarios_CollectionAgencyDispositionModule" name="Next_Action_Owner_Dropdown_Selection" time="3.378"/>
  <system-out/>
  <testcase classname="CollectionAgencyDisposition_Module.AllScenarios_CollectionAgencyDispositionModule" name="Cancel_Button_Functionality_in_Add_New_Interaction_Details" time="10.246"/>
  <system-out/>
  <testcase classname="CollectionAgencyDisposition_Module.AllScenarios_CollectionAgencyDispositionModule" name="Error_Guessing_Empty_Remarks_Field" time="17.013"/>
  <system-out/>
  <testcase classname="CollectionAgencyDisposition_Module.AllScenarios_CollectionAgencyDispositionModule" name="Committed_Amount_Field_BVA_Validations" time="5.172"/>
  <system-out/>
  <testcase classname="CollectionAgencyDisposition_Module.AllScenarios_CollectionAgencyDispositionModule" name="Customer_Details_Data_Accuracy" time="8.536"/>
  <system-out/>
  <testcase classname="CollectionAgencyDisposition_Module.AllScenarios_CollectionAgencyDispositionModule" name="Other_Account_Details_Grid_Validation" time="8.230"/>
  <system-out/>
  <testcase classname="CollectionAgencyDisposition_Module.AllScenarios_CollectionAgencyDispositionModule" name="Disposition_and_Sub_Disposition_Valid_Selections" time="16.913"/>
  <system-out/>
  <testcase classname="CollectionAgencyDisposition_Module.AllScenarios_CollectionAgencyDispositionModule" name="Search_Functionality_Invalid_Input" time="131.604"/>
  <system-out/>
</testsuite> <!-- CollectionAgencyDisposition_Module.AllScenarios_CollectionAgencyDispositionModule -->
