<?xml version="1.0" encoding="UTF-8"?>
<!-- Generated by org.testng.reporters.JUnitReportReporter -->
<testsuite hostname="SPCOKLAP-5140" failures="0" tests="39" name="com.test.CoreManualAllocation_Module.AllScenarios_CoreManualAllocationModule" time="546.135" errors="0" timestamp="2025-01-27T20:54:37 IST" skipped="0">
  <testcase classname="com.test.CoreManualAllocation_Module.AllScenarios_CoreManualAllocationModule" name="Login_to_call_centre_application_and_take_account_filtration_page" time="9.118"/>
  <system-out/>
  <testcase classname="com.test.CoreManualAllocation_Module.AllScenarios_CoreManualAllocationModule" name="Allocated_To_dropdown_mandatory_checking" time="8.793"/>
  <system-out/>
  <testcase classname="com.test.CoreManualAllocation_Module.AllScenarios_CoreManualAllocationModule" name="Asset_category_dropdown_mandatory_checking" time="8.832"/>
  <system-out/>
  <testcase classname="com.test.CoreManualAllocation_Module.AllScenarios_CoreManualAllocationModule" name="Select_SMA_and_NPA_Categories" time="12.691"/>
  <system-out/>
  <testcase classname="com.test.CoreManualAllocation_Module.AllScenarios_CoreManualAllocationModule" name="SMA_Category_Selection" time="3.592"/>
  <system-out/>
  <testcase classname="com.test.CoreManualAllocation_Module.AllScenarios_CoreManualAllocationModule" name="NPA_Category_Selection_" time="3.578"/>
  <system-out/>
  <testcase classname="com.test.CoreManualAllocation_Module.AllScenarios_CoreManualAllocationModule" name="Allocation_Type_Selection_Manual_allocation" time="4.155"/>
  <system-out/>
  <testcase classname="com.test.CoreManualAllocation_Module.AllScenarios_CoreManualAllocationModule" name="Perform_Search_with_Valid_Data" time="10.671"/>
  <system-out/>
  <testcase classname="com.test.CoreManualAllocation_Module.AllScenarios_CoreManualAllocationModule" name="Login_and_Navigation_to_Manual_Allocation" time="93.124"/>
  <system-out/>
  <testcase classname="com.test.CoreManualAllocation_Module.AllScenarios_CoreManualAllocationModule" name="Verify_Fields_and_Buttons_on_Manual_Allocation_Page" time="4.867"/>
  <system-out/>
  <testcase classname="com.test.CoreManualAllocation_Module.AllScenarios_CoreManualAllocationModule" name="Mandatory_Field_Validation_for_Asset_Category" time="8.621"/>
  <system-out/>
  <testcase classname="com.test.CoreManualAllocation_Module.AllScenarios_CoreManualAllocationModule" name="Asset_Category_SMA_and_NPA_Selection" time="14.361"/>
  <system-out/>
  <testcase classname="com.test.CoreManualAllocation_Module.AllScenarios_CoreManualAllocationModule" name="SMA_Category_Dropdown_Selection" time="4.291"/>
  <system-out/>
  <testcase classname="com.test.CoreManualAllocation_Module.AllScenarios_CoreManualAllocationModule" name="NPA_Category_Dropdown_Selection" time="3.324"/>
  <system-out/>
  <testcase classname="com.test.CoreManualAllocation_Module.AllScenarios_CoreManualAllocationModule" name="OS_Balance_Field_Validation" time="3.702"/>
  <system-out/>
  <testcase classname="com.test.CoreManualAllocation_Module.AllScenarios_CoreManualAllocationModule" name="To_Field_Dropdown_Selection" time="3.389"/>
  <system-out/>
  <testcase classname="com.test.CoreManualAllocation_Module.AllScenarios_CoreManualAllocationModule" name="Search_with_Mandatory_Fields" time="14.384"/>
  <system-out/>
  <testcase classname="com.test.CoreManualAllocation_Module.AllScenarios_CoreManualAllocationModule" name="Download_Excel_Functionality" time="11.846"/>
  <system-out/>
  <testcase classname="com.test.CoreManualAllocation_Module.AllScenarios_CoreManualAllocationModule" name="Excel_Account_Count_Verification" time="3.269"/>
  <system-out/>
  <testcase classname="com.test.CoreManualAllocation_Module.AllScenarios_CoreManualAllocationModule" name="Login_to_call_centre_application_and_take_updation_of_disposition_page" time="65.099"/>
  <system-out/>
  <testcase classname="com.test.CoreManualAllocation_Module.AllScenarios_CoreManualAllocationModule" name="Login_and_Navigation_to_Manual_Allocation_Core_Application" time="87.368"/>
  <system-out/>
  <testcase classname="com.test.CoreManualAllocation_Module.AllScenarios_CoreManualAllocationModule" name="Mandatory_Field_Validation_for_Asset_Category_" time="9.657"/>
  <system-out/>
  <testcase classname="com.test.CoreManualAllocation_Module.AllScenarios_CoreManualAllocationModule" name="Asset_Category_SMA_and_NPA_Selection_" time="14.364"/>
  <system-out/>
  <testcase classname="com.test.CoreManualAllocation_Module.AllScenarios_CoreManualAllocationModule" name="SMA_Category_Dropdown_Selection_" time="4.272"/>
  <system-out/>
  <testcase classname="com.test.CoreManualAllocation_Module.AllScenarios_CoreManualAllocationModule" name="NPA_Category_Dropdown_Selection_" time="8.477"/>
  <system-out/>
  <testcase classname="com.test.CoreManualAllocation_Module.AllScenarios_CoreManualAllocationModule" name="OS_Balance_Field_Validation_" time="3.665"/>
  <system-out/>
  <testcase classname="com.test.CoreManualAllocation_Module.AllScenarios_CoreManualAllocationModule" name="To_Field_Dropdown_Selection_" time="3.452"/>
  <system-out/>
  <testcase classname="com.test.CoreManualAllocation_Module.AllScenarios_CoreManualAllocationModule" name="Search_with_Mandatory_Fields_" time="14.263"/>
  <system-out/>
  <testcase classname="com.test.CoreManualAllocation_Module.AllScenarios_CoreManualAllocationModule" name="Allocate_to_Field_Dropdown_Selection" time="3.359"/>
  <system-out/>
  <testcase classname="com.test.CoreManualAllocation_Module.AllScenarios_CoreManualAllocationModule" name="Select_Call_Centre_Field_Dropdown_Selection" time="3.387"/>
  <system-out/>
  <testcase classname="com.test.CoreManualAllocation_Module.AllScenarios_CoreManualAllocationModule" name="Assign_Button_Validation_Message" time="9.675"/>
  <system-out/>
  <testcase classname="com.test.CoreManualAllocation_Module.AllScenarios_CoreManualAllocationModule" name="Successful_Login_and_Navigation" time="52.517"/>
  <system-out/>
  <testcase classname="com.test.CoreManualAllocation_Module.AllScenarios_CoreManualAllocationModule" name="Verify_Mandatory_Fields" time="3.725"/>
  <system-out/>
  <testcase classname="com.test.CoreManualAllocation_Module.AllScenarios_CoreManualAllocationModule" name="Form_Submission_Without_Mandatory_Fields" time="9.190"/>
  <system-out/>
  <testcase classname="com.test.CoreManualAllocation_Module.AllScenarios_CoreManualAllocationModule" name="Asset_Category_Selection" time="12.178"/>
  <system-out/>
  <testcase classname="com.test.CoreManualAllocation_Module.AllScenarios_CoreManualAllocationModule" name="SMA_Category_Selection_" time="3.569"/>
  <system-out/>
  <testcase classname="com.test.CoreManualAllocation_Module.AllScenarios_CoreManualAllocationModule" name="NPA_Category_Selection" time="3.552"/>
  <system-out/>
  <testcase classname="com.test.CoreManualAllocation_Module.AllScenarios_CoreManualAllocationModule" name="Allocation_Type_Selection" time="4.145"/>
  <system-out/>
  <testcase classname="com.test.CoreManualAllocation_Module.AllScenarios_CoreManualAllocationModule" name="Allocated_To_Selection_Call_Centre" time="3.613"/>
  <system-out/>
</testsuite> <!-- com.test.CoreManualAllocation_Module.AllScenarios_CoreManualAllocationModule -->
