<?xml version="1.0" encoding="UTF-8"?>
<!-- Generated by org.testng.reporters.JUnitReportReporter -->
<testsuite hostname="SPCOKLAP-5140" failures="0" tests="36" name="com.test.CoreAutoAllocation_Module.AllScenarios_CoreAutoAllocationModule" time="729.786" errors="0" timestamp="2025-02-03T15:13:35 IST" skipped="0">
  <testcase classname="com.test.CoreAutoAllocation_Module.AllScenarios_CoreAutoAllocationModule" name="Login_to_call_centre_application_and_take_account_filtration_page" time="8.438"/>
  <system-out/>
  <testcase classname="com.test.CoreAutoAllocation_Module.AllScenarios_CoreAutoAllocationModule" name="Allocated_To_dropdown_mandatory_checking" time="8.973"/>
  <system-out/>
  <testcase classname="com.test.CoreAutoAllocation_Module.AllScenarios_CoreAutoAllocationModule" name="Asset_category_dropdown_mandatory_checking" time="8.988"/>
  <system-out/>
  <testcase classname="com.test.CoreAutoAllocation_Module.AllScenarios_CoreAutoAllocationModule" name="Select_SMA_and_NPA_Categories" time="12.475"/>
  <system-out/>
  <testcase classname="com.test.CoreAutoAllocation_Module.AllScenarios_CoreAutoAllocationModule" name="SMA_Category_Selection" time="3.607"/>
  <system-out/>
  <testcase classname="com.test.CoreAutoAllocation_Module.AllScenarios_CoreAutoAllocationModule" name="NPA_Category_Selection" time="3.594"/>
  <system-out/>
  <testcase classname="com.test.CoreAutoAllocation_Module.AllScenarios_CoreAutoAllocationModule" name="Allocation_Type_Selection__Auto" time="4.122"/>
  <system-out/>
  <testcase classname="com.test.CoreAutoAllocation_Module.AllScenarios_CoreAutoAllocationModule" name="Perform_Search_with_Valid_Data" time="11.535"/>
  <system-out/>
  <testcase classname="com.test.CoreAutoAllocation_Module.AllScenarios_CoreAutoAllocationModule" name="Login_to_beacon_fcm_core_application_Verify_Auto_Allocation_Page_Load" time="81.254"/>
  <system-out/>
  <testcase classname="com.test.CoreAutoAllocation_Module.AllScenarios_CoreAutoAllocationModule" name="Verify_Fields_and_Buttons_on_Auto_Allocation_Page" time="3.657"/>
  <system-out/>
  <testcase classname="com.test.CoreAutoAllocation_Module.AllScenarios_CoreAutoAllocationModule" name="Enter_Allocation_Name_with_Alphabets" time="7.185"/>
  <system-out/>
  <testcase classname="com.test.CoreAutoAllocation_Module.AllScenarios_CoreAutoAllocationModule" name="Select_effect_Date_from_Date_Picker" time="3.430"/>
  <system-out/>
  <testcase classname="com.test.CoreAutoAllocation_Module.AllScenarios_CoreAutoAllocationModule" name="Select_NPA_and_SMA_Category_Checkbox" time="51.106"/>
  <system-out/>
  <testcase classname="com.test.CoreAutoAllocation_Module.AllScenarios_CoreAutoAllocationModule" name="Select_Zone_from_Dropdown" time="8.412"/>
  <system-out/>
  <testcase classname="com.test.CoreAutoAllocation_Module.AllScenarios_CoreAutoAllocationModule" name="Select_Processing_Interval_from_Dropdown" time="8.509"/>
  <system-out/>
  <testcase classname="com.test.CoreAutoAllocation_Module.AllScenarios_CoreAutoAllocationModule" name="Select_To_Dropdown" time="8.514"/>
  <system-out/>
  <testcase classname="com.test.CoreAutoAllocation_Module.AllScenarios_CoreAutoAllocationModule" name="Add_New_Allocation_Name" time="22.328"/>
  <system-out/>
  <testcase classname="com.test.CoreAutoAllocation_Module.AllScenarios_CoreAutoAllocationModule" name="Verify_Allocation_Name_Status_After_Creation" time="4.150"/>
  <system-out/>
  <testcase classname="com.test.CoreAutoAllocation_Module.AllScenarios_CoreAutoAllocationModule" name="Deactivate_Allocation_Name" time="21.233"/>
  <system-out/>
  <testcase classname="com.test.CoreAutoAllocation_Module.AllScenarios_CoreAutoAllocationModule" name="Reactivate_Allocation_Name" time="15.875"/>
  <system-out/>
  <testcase classname="com.test.CoreAutoAllocation_Module.AllScenarios_CoreAutoAllocationModule" name="Run_Database_Package_and_Verify_Accounts_Insertion" time="137.780"/>
  <system-out/>
  <testcase classname="com.test.CoreAutoAllocation_Module.AllScenarios_CoreAutoAllocationModule" name="Login_to_call_centre_application_and_take_account_filtration_pages" time="66.843"/>
  <system-out/>
  <testcase classname="com.test.CoreAutoAllocation_Module.AllScenarios_CoreAutoAllocationModule" name="Select_SMA_and_NPA_Categorie" time="77.797"/>
  <system-out/>
  <testcase classname="com.test.CoreAutoAllocation_Module.AllScenarios_CoreAutoAllocationModule" name="SMA_Category_Selections" time="3.573"/>
  <system-out/>
  <testcase classname="com.test.CoreAutoAllocation_Module.AllScenarios_CoreAutoAllocationModule" name="NPA_Category_Selections" time="4.173"/>
  <system-out/>
  <testcase classname="com.test.CoreAutoAllocation_Module.AllScenarios_CoreAutoAllocationModule" name="Allocation_Type_Selections__Auto" time="4.262"/>
  <system-out/>
  <testcase classname="com.test.CoreAutoAllocation_Module.AllScenarios_CoreAutoAllocationModule" name="Allocated_To_Selection__Call_Centre" time="3.647"/>
  <system-out/>
  <testcase classname="com.test.CoreAutoAllocation_Module.AllScenarios_CoreAutoAllocationModule" name="Perform_Search_with_Valid_Datas" time="65.208"/>
  <system-out/>
  <testcase classname="com.test.CoreAutoAllocation_Module.AllScenarios_CoreAutoAllocationModule" name="Verify_Total_Account_and_Amount_in_Grid" time="3.069"/>
  <system-out/>
  <testcase classname="com.test.CoreAutoAllocation_Module.AllScenarios_CoreAutoAllocationModule" name="Download_File__List_of_Accounts" time="13.068"/>
  <system-out/>
  <testcase classname="com.test.CoreAutoAllocation_Module.AllScenarios_CoreAutoAllocationModule" name="Verify_Downloaded_File" time="3.269"/>
  <system-out/>
  <testcase classname="com.test.CoreAutoAllocation_Module.AllScenarios_CoreAutoAllocationModule" name="Download_Dialer_File" time="23.777"/>
  <system-out/>
  <testcase classname="com.test.CoreAutoAllocation_Module.AllScenarios_CoreAutoAllocationModule" name="Verify_Dialer_Downloaded_File" time="3.091"/>
  <system-out/>
  <testcase classname="com.test.CoreAutoAllocation_Module.AllScenarios_CoreAutoAllocationModule" name="Download_Invalid_MobileNo_Excel_File" time="9.570"/>
  <system-out/>
  <testcase classname="com.test.CoreAutoAllocation_Module.AllScenarios_CoreAutoAllocationModule" name="Verify_Invalid_Mobile_Number_Downloaded_File" time="3.052"/>
  <system-out/>
  <testcase classname="com.test.CoreAutoAllocation_Module.AllScenarios_CoreAutoAllocationModule" name="Verify_Download_History" time="10.222"/>
  <system-out/>
</testsuite> <!-- com.test.CoreAutoAllocation_Module.AllScenarios_CoreAutoAllocationModule -->
