<?xml version="1.0" encoding="UTF-8"?>
<!-- Generated by org.testng.reporters.JUnitReportReporter -->
<testsuite hostname="SPCOKLAP-5140" failures="0" tests="9" name="core.SummaryReports.BankAllocationSummary_TestClass" time="433.608" errors="0" timestamp="2025-04-11T16:30:07 IST" skipped="0">
  <testcase classname="core.SummaryReports.BankAllocationSummary_TestClass" name="testSuccessfulAccountAllocation" time="174.329"/>
  <system-out/>
  <testcase classname="core.SummaryReports.BankAllocationSummary_TestClass" name="testValidUserLogin" time="95.201"/>
  <system-out/>
  <testcase classname="core.SummaryReports.BankAllocationSummary_TestClass" name="testAccountAllocation" time="43.489"/>
  <system-out/>
  <testcase classname="core.SummaryReports.BankAllocationSummary_TestClass" name="validateDataExecutionForBankAllocationSummary" time="0.733"/>
  <system-out/>
  <testcase classname="core.SummaryReports.BankAllocationSummary_TestClass" name="testVerifyTodaysAccountsInBranchAllocation" time="104.082"/>
  <system-out/>
  <testcase classname="core.SummaryReports.BankAllocationSummary_TestClass" name="testDownloadFunctionality" time="7.864"/>
  <system-out/>
  <testcase classname="core.SummaryReports.BankAllocationSummary_TestClass" name="testVerifyAccountsInYesterdaysDate" time="1.448"/>
  <system-out/>
  <testcase classname="core.SummaryReports.BankAllocationSummary_TestClass" name="verifyTablesUpdatedAfterPackageExecution" time="0.728"/>
  <system-out/>
  <testcase classname="core.SummaryReports.BankAllocationSummary_TestClass" name="verifyGridDetailsAccuracy" time="5.734"/>
  <system-out/>
</testsuite> <!-- core.SummaryReports.BankAllocationSummary_TestClass -->
