<?xml version="1.0" encoding="UTF-8"?>
<!-- Generated by org.testng.reporters.JUnitReportReporter -->
<testsuite hostname="SPCOKLAP-5140" failures="0" tests="23" name="core.AlertsandNotifications.AlertsNotificationManagement_TestClass" time="317.122" errors="0" timestamp="2025-03-21T10:39:16 IST" skipped="0">
  <testcase classname="core.AlertsandNotifications.AlertsNotificationManagement_TestClass" name="Test_Login_with_Valid_Credentials" time="123.936"/>
  <system-out/>
  <testcase classname="core.AlertsandNotifications.AlertsNotificationManagement_TestClass" name="Display_Alerts_and_Notifications_Menu_Option" time="8.130"/>
  <system-out/>
  <testcase classname="core.AlertsandNotifications.AlertsNotificationManagement_TestClass" name="Access_Alerts_and_Notifications_Page" time="3.174"/>
  <system-out/>
  <testcase classname="core.AlertsandNotifications.AlertsNotificationManagement_TestClass" name="Verify_Notification_Management_Menu_Display" time="31.017"/>
  <system-out/>
  <testcase classname="core.AlertsandNotifications.AlertsNotificationManagement_TestClass" name="Verify_Notification_Management_Type_Fields" time="3.254"/>
  <system-out/>
  <testcase classname="core.AlertsandNotifications.AlertsNotificationManagement_TestClass" name="Verify_Category_Fields" time="3.250"/>
  <system-out/>
  <testcase classname="core.AlertsandNotifications.AlertsNotificationManagement_TestClass" name="Verify_Schedule_Type_Fields" time="3.311"/>
  <system-out/>
  <testcase classname="core.AlertsandNotifications.AlertsNotificationManagement_TestClass" name="Verify_Status_Fields" time="3.228"/>
  <system-out/>
  <testcase classname="core.AlertsandNotifications.AlertsNotificationManagement_TestClass" name="Verify_Schedule_Type_Column_Display" time="3.775"/>
  <system-out/>
  <testcase classname="core.AlertsandNotifications.AlertsNotificationManagement_TestClass" name="Verify_Template_Name_Column_Display" time="3.046"/>
  <system-out/>
  <testcase classname="core.AlertsandNotifications.AlertsNotificationManagement_TestClass" name="Verify_Schedule_Start_Column_Display" time="3.162"/>
  <system-out/>
  <testcase classname="core.AlertsandNotifications.AlertsNotificationManagement_TestClass" name="Verify_Schedule_End_Column_Display" time="3.172"/>
  <system-out/>
  <testcase classname="core.AlertsandNotifications.AlertsNotificationManagement_TestClass" name="Verify_Time_Column_Display" time="3.075"/>
  <system-out/>
  <testcase classname="core.AlertsandNotifications.AlertsNotificationManagement_TestClass" name="Verify_Recurrence_Column_Display" time="3.059"/>
  <system-out/>
  <testcase classname="core.AlertsandNotifications.AlertsNotificationManagement_TestClass" name="Verify_Day_of_Week_Column_Display" time="3.083"/>
  <system-out/>
  <testcase classname="core.AlertsandNotifications.AlertsNotificationManagement_TestClass" name="Verify_Day_of_Month_Column_Display" time="3.065"/>
  <system-out/>
  <testcase classname="core.AlertsandNotifications.AlertsNotificationManagement_TestClass" name="Verify_Status_Column_Display" time="3.065"/>
  <system-out/>
  <testcase classname="core.AlertsandNotifications.AlertsNotificationManagement_TestClass" name="Verify_the_pagination" time="3.106"/>
  <system-out/>
  <testcase classname="core.AlertsandNotifications.AlertsNotificationManagement_TestClass" name="Verify_the_functionality_of_search_button" time="44.802"/>
  <system-out/>
  <testcase classname="core.AlertsandNotifications.AlertsNotificationManagement_TestClass" name="Verify_the_functionality_of_cross_button_in_input_fields" time="3.178"/>
  <system-out/>
  <testcase classname="core.AlertsandNotifications.AlertsNotificationManagement_TestClass" name="Verify_Configure_Button_Click" time="3.261"/>
  <system-out/>
  <testcase classname="core.AlertsandNotifications.AlertsNotificationManagement_TestClass" name="Verify_UI_Elements_Presence" time="21.924"/>
  <system-out/>
  <testcase classname="core.AlertsandNotifications.AlertsNotificationManagement_TestClass" name="Verify_Edit_Button_Functionality" time="33.049"/>
  <system-out/>
</testsuite> <!-- core.AlertsandNotifications.AlertsNotificationManagement_TestClass -->
