<?xml version="1.0" encoding="UTF-8"?>
<!-- Generated by org.testng.reporters.JUnitReportReporter -->
<testsuite hostname="SPCOKLAP-5140" failures="0" tests="9" name="core.SummaryReports.BankAllocationSummary_TestClass" time="647.353" errors="0" timestamp="2025-04-17T18:06:14 IST" skipped="0">
  <testcase classname="core.SummaryReports.BankAllocationSummary_TestClass" name="Verify_zone_user_able_to_allocate_accounts_to_branch" time="237.103"/>
  <system-out/>
  <testcase classname="core.SummaryReports.BankAllocationSummary_TestClass" name="Verify_branch_user_able_to_Login_with_Valid_Credentials" time="84.855"/>
  <system-out/>
  <testcase classname="core.SummaryReports.BankAllocationSummary_TestClass" name="Successful_Account_Allocation_to_My_accounts_in_my_desk" time="61.981"/>
  <system-out/>
  <testcase classname="core.SummaryReports.BankAllocationSummary_TestClass" name="Validate_Data_Execution_for_Bank_Allocation_Summary_in_database" time="3.635"/>
  <system-out/>
  <testcase classname="core.SummaryReports.BankAllocationSummary_TestClass" name="Verify_Accounts_in_Todays_Branch_Allocation_Summary" time="220.147"/>
  <system-out/>
  <testcase classname="core.SummaryReports.BankAllocationSummary_TestClass" name="Verify_Download_Functionality_as_Excel" time="16.474"/>
  <system-out/>
  <testcase classname="core.SummaryReports.BankAllocationSummary_TestClass" name="Verify_Accounts_in_Yesterdays_date" time="4.754"/>
  <system-out/>
  <testcase classname="core.SummaryReports.BankAllocationSummary_TestClass" name="Verify_the_tables_DW_BRANCH_ALLOCATIONS_SUMMARY_and_DW_BRANCH_ALLOCATIONS_DASHBOARD_are_updated_after_the_package_execution" time="3.613"/>
  <system-out/>
  <testcase classname="core.SummaryReports.BankAllocationSummary_TestClass" name="Verify_Grid_Details_Accuracy" time="14.791"/>
  <system-out/>
</testsuite> <!-- core.SummaryReports.BankAllocationSummary_TestClass -->
