<?xml version="1.0" encoding="UTF-8"?>
<!-- Generated by org.testng.reporters.JUnitReportReporter -->
<testsuite hostname="SPCOKLAP-5140" failures="1" tests="36" name="com.test.CallCenter_AccountFiltration_Module.AllScenarios_CallCenter_AccountFiltrationModule" time="626.982" errors="1" timestamp="2025-01-13T19:38:39 IST" skipped="0">
  <testcase classname="com.test.CallCenter_AccountFiltration_Module.AllScenarios_CallCenter_AccountFiltrationModule" name="Login_to_call_centre_application_and_take_account_filtration_page" time="8.960"/>
  <system-out/>
  <testcase classname="com.test.CallCenter_AccountFiltration_Module.AllScenarios_CallCenter_AccountFiltrationModule" name="Allocated_To_dropdown_mandatory_checking" time="8.875"/>
  <system-out/>
  <testcase classname="com.test.CallCenter_AccountFiltration_Module.AllScenarios_CallCenter_AccountFiltrationModule" name="Asset_category_dropdown_mandatory_checking" time="8.933"/>
  <system-out/>
  <testcase classname="com.test.CallCenter_AccountFiltration_Module.AllScenarios_CallCenter_AccountFiltrationModule" name="Select_SMA_and_NPA_Categories" time="12.385"/>
  <system-out/>
  <testcase classname="com.test.CallCenter_AccountFiltration_Module.AllScenarios_CallCenter_AccountFiltrationModule" name="SMA_Category_Selection" time="3.616"/>
  <system-out/>
  <testcase classname="com.test.CallCenter_AccountFiltration_Module.AllScenarios_CallCenter_AccountFiltrationModule" name="NPA_Category_Selection" time="3.581"/>
  <system-out/>
  <testcase classname="com.test.CallCenter_AccountFiltration_Module.AllScenarios_CallCenter_AccountFiltrationModule" name="Allocation_Type_Selection__Auto" time="4.310"/>
  <system-out/>
  <testcase classname="com.test.CallCenter_AccountFiltration_Module.AllScenarios_CallCenter_AccountFiltrationModule" name="Perform_Search_with_Valid_Data" time="21.350">
    <failure message="Test failed because grid text did not contain &#039;No records to display&#039;. Instead, it contains: records" type="java.lang.AssertionError">
      <![CDATA[java.lang.AssertionError: Test failed because grid text did not contain 'No records to display'. Instead, it contains: records
at org.testng.Assert.fail(Assert.java:99)
at com.test.CallCenter_AccountFiltration_Module.AllScenarios_CallCenter_AccountFiltrationModule.Perform_Search_with_Valid_Data(AllScenarios_CallCenter_AccountFiltrationModule.java:246)
at java.base/jdk.internal.reflect.DirectMethodHandleAccessor.invoke(DirectMethodHandleAccessor.java:103)
at java.base/java.lang.reflect.Method.invoke(Method.java:580)
at org.testng.internal.MethodInvocationHelper.invokeMethod(MethodInvocationHelper.java:133)
at org.testng.internal.TestInvoker.invokeMethod(TestInvoker.java:598)
at org.testng.internal.TestInvoker.invokeTestMethod(TestInvoker.java:173)
at org.testng.internal.MethodRunner.runInSequence(MethodRunner.java:46)
at org.testng.internal.TestInvoker$MethodInvocationAgent.invoke(TestInvoker.java:824)
at org.testng.internal.TestInvoker.invokeTestMethods(TestInvoker.java:146)
at org.testng.internal.TestMethodWorker.invokeTestMethods(TestMethodWorker.java:146)
at org.testng.internal.TestMethodWorker.run(TestMethodWorker.java:128)
at java.base/java.util.ArrayList.forEach(ArrayList.java:1597)
at org.testng.TestRunner.privateRun(TestRunner.java:794)
at org.testng.TestRunner.run(TestRunner.java:596)
at org.testng.SuiteRunner.runTest(SuiteRunner.java:377)
at org.testng.SuiteRunner.runSequentially(SuiteRunner.java:371)
at org.testng.SuiteRunner.privateRun(SuiteRunner.java:332)
at org.testng.SuiteRunner.run(SuiteRunner.java:276)
at org.testng.SuiteRunnerWorker.runSuite(SuiteRunnerWorker.java:53)
at org.testng.SuiteRunnerWorker.run(SuiteRunnerWorker.java:96)
at org.testng.TestNG.runSuitesSequentially(TestNG.java:1212)
at org.testng.TestNG.runSuitesLocally(TestNG.java:1134)
at org.testng.TestNG.runSuites(TestNG.java:1063)
at org.testng.TestNG.run(TestNG.java:1031)
at org.testng.remote.AbstractRemoteTestNG.run(AbstractRemoteTestNG.java:115)
at org.testng.remote.RemoteTestNG.initAndRun(RemoteTestNG.java:293)
at org.testng.remote.RemoteTestNG.main(RemoteTestNG.java:91)
]]>
    </failure>
  </testcase> <!-- Perform_Search_with_Valid_Data -->
  <system-out/>
  <testcase classname="com.test.CallCenter_AccountFiltration_Module.AllScenarios_CallCenter_AccountFiltrationModule" name="Login_to_beacon_fcm_core_application_Verify_Auto_Allocation_Page_Load" time="104.518"/>
  <system-out/>
  <testcase classname="com.test.CallCenter_AccountFiltration_Module.AllScenarios_CallCenter_AccountFiltrationModule" name="Verify_Fields_and_Buttons_on_Auto_Allocation_Page" time="3.673"/>
  <system-out/>
  <testcase classname="com.test.CallCenter_AccountFiltration_Module.AllScenarios_CallCenter_AccountFiltrationModule" name="Enter_Allocation_Name_with_Alphabets" time="3.503"/>
  <system-out/>
  <testcase classname="com.test.CallCenter_AccountFiltration_Module.AllScenarios_CallCenter_AccountFiltrationModule" name="Select_effect_Date_from_Date_Picker" time="3.400"/>
  <system-out/>
  <testcase classname="com.test.CallCenter_AccountFiltration_Module.AllScenarios_CallCenter_AccountFiltrationModule" name="Select_NPA_and_SMA_Category_Checkbox" time="50.480"/>
  <system-out/>
  <testcase classname="com.test.CallCenter_AccountFiltration_Module.AllScenarios_CallCenter_AccountFiltrationModule" name="Select_Zone_from_Dropdown" time="8.426"/>
  <system-out/>
  <testcase classname="com.test.CallCenter_AccountFiltration_Module.AllScenarios_CallCenter_AccountFiltrationModule" name="Select_Processing_Interval_from_Dropdown" time="8.681"/>
  <system-out/>
  <testcase classname="com.test.CallCenter_AccountFiltration_Module.AllScenarios_CallCenter_AccountFiltrationModule" name="Select_To_Dropdown" time="8.530"/>
  <system-out/>
  <testcase classname="com.test.CallCenter_AccountFiltration_Module.AllScenarios_CallCenter_AccountFiltrationModule" name="Add_New_Allocation_Name" time="9.428"/>
  <system-out/>
  <testcase classname="com.test.CallCenter_AccountFiltration_Module.AllScenarios_CallCenter_AccountFiltrationModule" name="Verify_Allocation_Name_Status_After_Creation" time="4.089"/>
  <system-out/>
  <testcase classname="com.test.CallCenter_AccountFiltration_Module.AllScenarios_CallCenter_AccountFiltrationModule" name="Deactivate_Allocation_Name" time="22.682"/>
  <system-out/>
  <testcase classname="com.test.CallCenter_AccountFiltration_Module.AllScenarios_CallCenter_AccountFiltrationModule" name="Reactivate_Allocation_Name" time="19.403"/>
  <system-out/>
  <testcase classname="com.test.CallCenter_AccountFiltration_Module.AllScenarios_CallCenter_AccountFiltrationModule" name="Run_Database_Package_and_Verify_Accounts_Insertion" time="175.059"/>
  <system-out/>
  <testcase classname="com.test.CallCenter_AccountFiltration_Module.AllScenarios_CallCenter_AccountFiltrationModule" name="Login_to_call_centre_application_and_take_account_filtration_pages" time="54.085"/>
  <system-out/>
  <testcase classname="com.test.CallCenter_AccountFiltration_Module.AllScenarios_CallCenter_AccountFiltrationModule" name="Select_SMA_and_NPA_Categorie" time="11.842"/>
  <system-out/>
  <testcase classname="com.test.CallCenter_AccountFiltration_Module.AllScenarios_CallCenter_AccountFiltrationModule" name="SMA_Category_Selections" time="3.569"/>
  <system-out/>
  <testcase classname="com.test.CallCenter_AccountFiltration_Module.AllScenarios_CallCenter_AccountFiltrationModule" name="NPA_Category_Selections" time="4.230"/>
  <system-out/>
  <testcase classname="com.test.CallCenter_AccountFiltration_Module.AllScenarios_CallCenter_AccountFiltrationModule" name="Allocation_Type_Selections__Auto" time="4.226"/>
  <system-out/>
  <testcase classname="com.test.CallCenter_AccountFiltration_Module.AllScenarios_CallCenter_AccountFiltrationModule" name="Allocated_To_Selection__Call_Centre" time="3.615"/>
  <system-out/>
  <testcase classname="com.test.CallCenter_AccountFiltration_Module.AllScenarios_CallCenter_AccountFiltrationModule" name="Perform_Search_with_Valid_Datas" time="9.556"/>
  <system-out/>
  <testcase classname="com.test.CallCenter_AccountFiltration_Module.AllScenarios_CallCenter_AccountFiltrationModule" name="Verify_Total_Account_and_Amount_in_Grid" time="3.061"/>
  <system-out/>
  <testcase classname="com.test.CallCenter_AccountFiltration_Module.AllScenarios_CallCenter_AccountFiltrationModule" name="Download_File__List_of_Accounts" time="7.066"/>
  <system-out/>
  <testcase classname="com.test.CallCenter_AccountFiltration_Module.AllScenarios_CallCenter_AccountFiltrationModule" name="Verify_Downloaded_File" time="3.227"/>
  <system-out/>
  <testcase classname="com.test.CallCenter_AccountFiltration_Module.AllScenarios_CallCenter_AccountFiltrationModule" name="Download_Dialer_File" time="6.932"/>
  <system-out/>
  <testcase classname="com.test.CallCenter_AccountFiltration_Module.AllScenarios_CallCenter_AccountFiltrationModule" name="Verify_Dialer_Downloaded_File" time="3.083"/>
  <system-out/>
  <testcase classname="com.test.CallCenter_AccountFiltration_Module.AllScenarios_CallCenter_AccountFiltrationModule" name="Download_Invalid_MobileNo_Excel_File" time="8.866"/>
  <system-out/>
  <testcase classname="com.test.CallCenter_AccountFiltration_Module.AllScenarios_CallCenter_AccountFiltrationModule" name="Verify_Invalid_Mobile_Number_Downloaded_File" time="0.055">
    <error message="DataSummary is null, test case failed." type="java.lang.Exception">
      <![CDATA[java.lang.Exception: DataSummary is null, test case failed.
at com.test.CallCenter_AccountFiltration_Module.AllScenarios_CallCenter_AccountFiltrationModule.Verify_Invalid_Mobile_Number_Downloaded_File(AllScenarios_CallCenter_AccountFiltrationModule.java:863)
at java.base/jdk.internal.reflect.DirectMethodHandleAccessor.invoke(DirectMethodHandleAccessor.java:103)
at java.base/java.lang.reflect.Method.invoke(Method.java:580)
at org.testng.internal.MethodInvocationHelper.invokeMethod(MethodInvocationHelper.java:133)
at org.testng.internal.TestInvoker.invokeMethod(TestInvoker.java:598)
at org.testng.internal.TestInvoker.invokeTestMethod(TestInvoker.java:173)
at org.testng.internal.MethodRunner.runInSequence(MethodRunner.java:46)
at org.testng.internal.TestInvoker$MethodInvocationAgent.invoke(TestInvoker.java:824)
at org.testng.internal.TestInvoker.invokeTestMethods(TestInvoker.java:146)
at org.testng.internal.TestMethodWorker.invokeTestMethods(TestMethodWorker.java:146)
at org.testng.internal.TestMethodWorker.run(TestMethodWorker.java:128)
at java.base/java.util.ArrayList.forEach(ArrayList.java:1597)
at org.testng.TestRunner.privateRun(TestRunner.java:794)
at org.testng.TestRunner.run(TestRunner.java:596)
at org.testng.SuiteRunner.runTest(SuiteRunner.java:377)
at org.testng.SuiteRunner.runSequentially(SuiteRunner.java:371)
at org.testng.SuiteRunner.privateRun(SuiteRunner.java:332)
at org.testng.SuiteRunner.run(SuiteRunner.java:276)
at org.testng.SuiteRunnerWorker.runSuite(SuiteRunnerWorker.java:53)
at org.testng.SuiteRunnerWorker.run(SuiteRunnerWorker.java:96)
at org.testng.TestNG.runSuitesSequentially(TestNG.java:1212)
at org.testng.TestNG.runSuitesLocally(TestNG.java:1134)
at org.testng.TestNG.runSuites(TestNG.java:1063)
at org.testng.TestNG.run(TestNG.java:1031)
at org.testng.remote.AbstractRemoteTestNG.run(AbstractRemoteTestNG.java:115)
at org.testng.remote.RemoteTestNG.initAndRun(RemoteTestNG.java:293)
at org.testng.remote.RemoteTestNG.main(RemoteTestNG.java:91)
]]>
    </error>
  </testcase> <!-- Verify_Invalid_Mobile_Number_Downloaded_File -->
  <system-out/>
  <testcase classname="com.test.CallCenter_AccountFiltration_Module.AllScenarios_CallCenter_AccountFiltrationModule" name="Verify_Download_History" time="9.687"/>
  <system-out/>
</testsuite> <!-- com.test.CallCenter_AccountFiltration_Module.AllScenarios_CallCenter_AccountFiltrationModule -->
