<?xml version="1.0" encoding="UTF-8"?>
<!-- Generated by org.testng.reporters.JUnitReportReporter -->
<testsuite hostname="SPCOKLAP-5140" failures="0" tests="2" name="collectionAgency.Dashboard.Allocationsummary_TestClass" time="82.121" errors="0" timestamp="2025-04-22T14:17:27 IST" skipped="0">
  <testcase classname="collectionAgency.Dashboard.Allocationsummary_TestClass" name="testLoginAndNavigateToDashboard" time="81.797"/>
  <system-out/>
  <testcase classname="collectionAgency.Dashboard.Allocationsummary_TestClass" name="testGridColumnsDisplay" time="0.324"/>
  <system-out/>
</testsuite> <!-- collectionAgency.Dashboard.Allocationsummary_TestClass -->
