<?xml version="1.0" encoding="UTF-8"?>
<!-- Generated by org.testng.reporters.JUnitReportReporter -->
<testsuite hostname="SPCOKLAP-5140" failures="0" tests="13" name="core.Configurations.CollectionOfficerConfig_TestClass" time="571.733" errors="0" timestamp="2025-04-22T15:57:02 IST" skipped="0">
  <testcase classname="core.Configurations.CollectionOfficerConfig_TestClass" name="Add_core_users_to_mst_employee_table" time="3.734"/>
  <system-out/>
  <testcase classname="core.Configurations.CollectionOfficerConfig_TestClass" name="Test_Collection_Officer_Configurations_Page_Basic_Accessibility" time="13.938"/>
  <system-out/>
  <testcase classname="core.Configurations.CollectionOfficerConfig_TestClass" name="Test_Collection_Officer_Configurations_Page_Parameters" time="16.458"/>
  <system-out/>
  <testcase classname="core.Configurations.CollectionOfficerConfig_TestClass" name="Test_Search_Functionality" time="45.653"/>
  <system-out/>
  <testcase classname="core.Configurations.CollectionOfficerConfig_TestClass" name="Test_Save_Configurations_Functionality" time="21.513"/>
  <system-out/>
  <testcase classname="core.Configurations.CollectionOfficerConfig_TestClass" name="Test_Excel_Download_Functionality" time="17.924"/>
  <system-out/>
  <testcase classname="core.Configurations.CollectionOfficerConfig_TestClass" name="Test_Failed_Save_Configurations_without_Selections" time="3.165"/>
  <system-out/>
  <testcase classname="core.Configurations.CollectionOfficerConfig_TestClass" name="Test_Reset_Functionality" time="16.429"/>
  <system-out/>
  <testcase classname="core.Configurations.CollectionOfficerConfig_TestClass" name="Verify_My_Desk_Unassigned_accounts_Tile" time="50.804"/>
  <system-out/>
  <testcase classname="core.Configurations.CollectionOfficerConfig_TestClass" name="Verify_My_Desk_Branch_Attention_Required_Tile" time="35.799"/>
  <system-out/>
  <testcase classname="core.Configurations.CollectionOfficerConfig_TestClass" name="other_branch_user_is_not_showing_My_Desk_Unassigned_accounts_Tile" time="124.932"/>
  <system-out/>
  <testcase classname="core.Configurations.CollectionOfficerConfig_TestClass" name="other_branch_user_is_not_showing_My_Desk_Branch_Attention_Required_Tile" time="40.178"/>
  <system-out/>
  <testcase classname="core.Configurations.CollectionOfficerConfig_TestClass" name="Test_Uncheck_Collection_Officer_Functionality" time="181.206"/>
  <system-out/>
</testsuite> <!-- core.Configurations.CollectionOfficerConfig_TestClass -->
