<?xml version="1.0" encoding="UTF-8"?>
<!-- Generated by org.testng.reporters.JUnitReportReporter -->
<testsuite hostname="SPCOKLAP-5140" failures="0" tests="7" name="core.SummaryReports.BankRegularizationSummary_TestClass" time="151.334" errors="0" timestamp="2025-04-22T10:10:55 IST" skipped="0">
  <testcase classname="core.SummaryReports.BankRegularizationSummary_TestClass" name="Validate_Navigation_to_Bank_Regularization_Summary" time="95.866"/>
  <system-out/>
  <testcase classname="core.SummaryReports.BankRegularizationSummary_TestClass" name="Inserting_TRN_AC_MOVEMENT_table_with_AC_MOVEMENT_DATE_Current_date_MOVEMENT_TYPE_4_and_MOVEMENT_TYPE_CATEGORY_REMOVED" time="4.325"/>
  <system-out/>
  <testcase classname="core.SummaryReports.BankRegularizationSummary_TestClass" name="Validate_Data_Execution_for_Bank_Regularization_Summary" time="4.267"/>
  <system-out/>
  <testcase classname="core.SummaryReports.BankRegularizationSummary_TestClass" name="Validate_Data_in_Bank_Regularization_Summary_page" time="17.430"/>
  <system-out/>
  <testcase classname="core.SummaryReports.BankRegularizationSummary_TestClass" name="Validate_Count_and_OS_Amount_Without_Query_Execution" time="3.178"/>
  <system-out/>
  <testcase classname="core.SummaryReports.BankRegularizationSummary_TestClass" name="Validate_Data_Consistency_in_Export" time="10.989"/>
  <system-out/>
  <testcase classname="core.SummaryReports.BankRegularizationSummary_TestClass" name="Mandatory_Fields_Empty_Validation" time="15.279"/>
  <system-out/>
</testsuite> <!-- core.SummaryReports.BankRegularizationSummary_TestClass -->
