<?xml version="1.0" encoding="UTF-8"?>
<!-- Generated by org.testng.reporters.JUnitReportReporter -->
<testsuite hostname="SPCOKLAP-5140" failures="0" tests="5" name="core.SummaryReports.BankAllocationSummary_TestClass" time="410.202" errors="0" timestamp="2025-04-09T15:14:05 IST" skipped="0">
  <testcase classname="core.SummaryReports.BankAllocationSummary_TestClass" name="testSuccessfulAccountAllocation" time="162.962"/>
  <system-out/>
  <testcase classname="core.SummaryReports.BankAllocationSummary_TestClass" name="testValidUserLogin" time="83.213"/>
  <system-out/>
  <testcase classname="core.SummaryReports.BankAllocationSummary_TestClass" name="testAccountAllocation" time="53.534"/>
  <system-out/>
  <testcase classname="core.SummaryReports.BankAllocationSummary_TestClass" name="validateDataExecutionForBankAllocationSummary" time="0.607"/>
  <system-out/>
  <testcase classname="core.SummaryReports.BankAllocationSummary_TestClass" name="testVerifyTodaysAccountsInBranchAllocation" time="109.886"/>
  <system-out/>
</testsuite> <!-- core.SummaryReports.BankAllocationSummary_TestClass -->
