<?xml version="1.0" encoding="UTF-8"?>
<!-- Generated by org.testng.reporters.JUnitReportReporter -->
<testsuite hostname="SPCOKLAP-5140" failures="0" tests="11" name="core.AlertsandNotifications.AlertsMaskAcAndMaskingAutho_TestClass" time="1320.377" errors="0" timestamp="2025-04-03T10:39:16 IST" skipped="0">
  <testcase classname="core.AlertsandNotifications.AlertsMaskAcAndMaskingAutho_TestClass" name="Login_and_Navigate_to_Mask_Account_Window" time="198.780"/>
  <system-out/>
  <testcase classname="core.AlertsandNotifications.AlertsMaskAcAndMaskingAutho_TestClass" name="Mask_Account_with_Valid_Details" time="51.927"/>
  <system-out/>
  <testcase classname="core.AlertsandNotifications.AlertsMaskAcAndMaskingAutho_TestClass" name="Approve_Masking_Request" time="169.627"/>
  <system-out/>
  <testcase classname="core.AlertsandNotifications.AlertsMaskAcAndMaskingAutho_TestClass" name="Validate_Masked_Account_in_Notification_Management" time="423.563"/>
  <system-out/>
  <testcase classname="core.AlertsandNotifications.AlertsMaskAcAndMaskingAutho_TestClass" name="Unmask_Account" time="51.880"/>
  <system-out/>
  <testcase classname="core.AlertsandNotifications.AlertsMaskAcAndMaskingAutho_TestClass" name="Approve_Unmask_Request" time="247.754"/>
  <system-out/>
  <testcase classname="core.AlertsandNotifications.AlertsMaskAcAndMaskingAutho_TestClass" name="Account_Number_Field_BVA_Validations" time="27.401"/>
  <system-out/>
  <testcase classname="core.AlertsandNotifications.AlertsMaskAcAndMaskingAutho_TestClass" name="Account_Number_Field_ECP_Validations" time="18.696"/>
  <system-out/>
  <testcase classname="core.AlertsandNotifications.AlertsMaskAcAndMaskingAutho_TestClass" name="Enter_Invalid_Account_Number" time="16.602"/>
  <system-out/>
  <testcase classname="core.AlertsandNotifications.AlertsMaskAcAndMaskingAutho_TestClass" name="Leave_Account_Number_Empty" time="13.406"/>
  <system-out/>
  <testcase classname="core.AlertsandNotifications.AlertsMaskAcAndMaskingAutho_TestClass" name="Confirm_Masking_Without_Reason" time="100.741"/>
  <system-out/>
</testsuite> <!-- core.AlertsandNotifications.AlertsMaskAcAndMaskingAutho_TestClass -->
