<?xml version="1.0" encoding="UTF-8"?>
<!-- Generated by org.testng.reporters.JUnitReportReporter -->
<testsuite hostname="SPCOKLAP-5140" failures="0" tests="15" name="core.AlertsandNotifications.AlertsTemplateManagement_TestClass" time="245.342" errors="0" timestamp="2025-04-11T17:25:03 IST" skipped="0">
  <testcase classname="core.AlertsandNotifications.AlertsTemplateManagement_TestClass" name="Test_Login_with_Valid_Credentials" time="97.353"/>
  <system-out/>
  <testcase classname="core.AlertsandNotifications.AlertsTemplateManagement_TestClass" name="Display_Alerts_and_Notifications_Menu_Option" time="8.104"/>
  <system-out/>
  <testcase classname="core.AlertsandNotifications.AlertsTemplateManagement_TestClass" name="Access_Alerts_and_Notifications_Page" time="3.196"/>
  <system-out/>
  <testcase classname="core.AlertsandNotifications.AlertsTemplateManagement_TestClass" name="Navigate_to_Template_Management" time="16.929"/>
  <system-out/>
  <testcase classname="core.AlertsandNotifications.AlertsTemplateManagement_TestClass" name="Interact_with_Template_Management_Fields" time="9.605"/>
  <system-out/>
  <testcase classname="core.AlertsandNotifications.AlertsTemplateManagement_TestClass" name="Clear_Input_Field_Test" time="3.207"/>
  <system-out/>
  <testcase classname="core.AlertsandNotifications.AlertsTemplateManagement_TestClass" name="Display_Template_Details_Table" time="3.276"/>
  <system-out/>
  <testcase classname="core.AlertsandNotifications.AlertsTemplateManagement_TestClass" name="Test_Template_Pagination" time="8.706"/>
  <system-out/>
  <testcase classname="core.AlertsandNotifications.AlertsTemplateManagement_TestClass" name="SMS_Template_Body_Character_Limit" time="19.236"/>
  <system-out/>
  <testcase classname="core.AlertsandNotifications.AlertsTemplateManagement_TestClass" name="Additional_Fields_for_Email_or_Notice" time="4.381"/>
  <system-out/>
  <testcase classname="core.AlertsandNotifications.AlertsTemplateManagement_TestClass" name="Add_New_Template" time="12.130"/>
  <system-out/>
  <testcase classname="core.AlertsandNotifications.AlertsTemplateManagement_TestClass" name="Save_New_Template" time="4.944"/>
  <system-out/>
  <testcase classname="core.AlertsandNotifications.AlertsTemplateManagement_TestClass" name="View_Template_Details" time="6.260"/>
  <system-out/>
  <testcase classname="core.AlertsandNotifications.AlertsTemplateManagement_TestClass" name="Edit_Existing_Template" time="38.840"/>
  <system-out/>
  <testcase classname="core.AlertsandNotifications.AlertsTemplateManagement_TestClass" name="View_Template_History" time="9.175"/>
  <system-out/>
</testsuite> <!-- core.AlertsandNotifications.AlertsTemplateManagement_TestClass -->
