<?xml version="1.0" encoding="UTF-8"?>
<!-- Generated by org.testng.reporters.JUnitReportReporter -->
<testsuite hostname="SPCOKLAP-5140" failures="0" tests="45" name="com.test.Disposition_masterModule.AllScenarios_Disposition_masterModule" time="602.036" errors="0" timestamp="2024-12-10T14:25:28 IST" skipped="0">
  <testcase classname="com.test.Disposition_masterModule.AllScenarios_Disposition_masterModule" name="Verify_Disposition_Master_Navigation" time="3.899"/>
  <system-out/>
  <testcase classname="com.test.Disposition_masterModule.AllScenarios_Disposition_masterModule" name="Verify_Initial_Load_of_Active_Dispositions" time="39.290"/>
  <system-out/>
  <testcase classname="com.test.Disposition_masterModule.AllScenarios_Disposition_masterModule" name="Action_Owner_Dropdown_Selections" time="3.523"/>
  <system-out/>
  <testcase classname="com.test.Disposition_masterModule.AllScenarios_Disposition_masterModule" name="Verify_Is_Active_Checkbox_Default_State" time="3.062"/>
  <system-out/>
  <testcase classname="com.test.Disposition_masterModule.AllScenarios_Disposition_masterModule" name="Verify_Action_Column_Options" time="3.230"/>
  <system-out/>
  <testcase classname="com.test.Disposition_masterModule.AllScenarios_Disposition_masterModule" name="Verify_Status_Column_Appearance" time="3.173"/>
  <system-out/>
  <testcase classname="com.test.Disposition_masterModule.AllScenarios_Disposition_masterModule" name="Validate_Pagination__Initial_Load" time="3.367"/>
  <system-out/>
  <testcase classname="com.test.Disposition_masterModule.AllScenarios_Disposition_masterModule" name="Validate_Next_Button" time="10.495"/>
  <system-out/>
  <testcase classname="com.test.Disposition_masterModule.AllScenarios_Disposition_masterModule" name="Validate_Previous_Button" time="13.186"/>
  <system-out/>
  <testcase classname="com.test.Disposition_masterModule.AllScenarios_Disposition_masterModule" name="Validate_Button__Jump_to_Last_Page" time="23.292"/>
  <system-out/>
  <testcase classname="com.test.Disposition_masterModule.AllScenarios_Disposition_masterModule" name="Validate_Button__Jump_to_First_Page" time="13.266"/>
  <system-out/>
  <testcase classname="com.test.Disposition_masterModule.AllScenarios_Disposition_masterModule" name="Open_Add_Disposition_Form" time="3.403"/>
  <system-out/>
  <testcase classname="com.test.Disposition_masterModule.AllScenarios_Disposition_masterModule" name="Close_Add_Disposition_Form" time="4.919"/>
  <system-out/>
  <testcase classname="com.test.Disposition_masterModule.AllScenarios_Disposition_masterModule" name="Add_Disposition__Submit_with_All_Fields_Valid" time="13.588"/>
  <system-out/>
  <testcase classname="com.test.Disposition_masterModule.AllScenarios_Disposition_masterModule" name="Test_Disposition_Grid_Visibility" time="10.440"/>
  <system-out/>
  <testcase classname="com.test.Disposition_masterModule.AllScenarios_Disposition_masterModule" name="Action_Owner_Multi_select_Functionality" time="8.586"/>
  <system-out/>
  <testcase classname="com.test.Disposition_masterModule.AllScenarios_Disposition_masterModule" name="Asset_Category_Multi_select_Functionality" time="3.421"/>
  <system-out/>
  <testcase classname="com.test.Disposition_masterModule.AllScenarios_Disposition_masterModule" name="Select_All_Functionality__Action_Owner" time="8.492"/>
  <system-out/>
  <testcase classname="com.test.Disposition_masterModule.AllScenarios_Disposition_masterModule" name="Deselecting_Via_Multi_select__Action_Owner" time="3.118"/>
  <system-out/>
  <testcase classname="com.test.Disposition_masterModule.AllScenarios_Disposition_masterModule" name="Select_All_Functionality__Asset_Category" time="3.285"/>
  <system-out/>
  <testcase classname="com.test.Disposition_masterModule.AllScenarios_Disposition_masterModule" name="Deselecting_Via_Multi_select__Asset_Category" time="3.111"/>
  <system-out/>
  <testcase classname="com.test.Disposition_masterModule.AllScenarios_Disposition_masterModule" name="Verify_Add_Disposition_without_Selection" time="7.839"/>
  <system-out/>
  <testcase classname="com.test.Disposition_masterModule.AllScenarios_Disposition_masterModule" name="Add_Disposition_with_Existing_Name" time="14.424"/>
  <system-out/>
  <testcase classname="com.test.Disposition_masterModule.AllScenarios_Disposition_masterModule" name="Edit_Disposition_Popup_Display" time="10.496"/>
  <system-out/>
  <testcase classname="com.test.Disposition_masterModule.AllScenarios_Disposition_masterModule" name="Update_Without_Changes" time="8.511"/>
  <system-out/>
  <testcase classname="com.test.Disposition_masterModule.AllScenarios_Disposition_masterModule" name="Verify_Add_Disposition_with_Valid_Data" time="20.551"/>
  <system-out/>
  <testcase classname="com.test.Disposition_masterModule.AllScenarios_Disposition_masterModule" name="Change_Name_to_Existing_and_Update" time="20.110"/>
  <system-out/>
  <testcase classname="com.test.Disposition_masterModule.AllScenarios_Disposition_masterModule" name="Edit_and_Verify_Disposition_Changes" time="16.723"/>
  <system-out/>
  <testcase classname="com.test.Disposition_masterModule.AllScenarios_Disposition_masterModule" name="Deactivate_Disposition" time="32.143"/>
  <system-out/>
  <testcase classname="com.test.Disposition_masterModule.AllScenarios_Disposition_masterModule" name="Search_Deactivated_Disposition" time="14.959"/>
  <system-out/>
  <testcase classname="com.test.Disposition_masterModule.AllScenarios_Disposition_masterModule" name="Activate_Deactivated_Disposition" time="22.870"/>
  <system-out/>
  <testcase classname="com.test.Disposition_masterModule.AllScenarios_Disposition_masterModule" name="Search_Active_Disposition" time="14.418"/>
  <system-out/>
  <testcase classname="com.test.Disposition_masterModule.AllScenarios_Disposition_masterModule" name="Verify_Sub_Disposition_Tab_UI_Elements" time="3.312"/>
  <system-out/>
  <testcase classname="com.test.Disposition_masterModule.AllScenarios_Disposition_masterModule" name="Verify_Add_Sub_Disposition_Popup" time="3.332"/>
  <system-out/>
  <testcase classname="com.test.Disposition_masterModule.AllScenarios_Disposition_masterModule" name="Close_Add_Sub_Disposition_Popup" time="3.160"/>
  <system-out/>
  <testcase classname="com.test.Disposition_masterModule.AllScenarios_Disposition_masterModule" name="Add_New_Sub_Disposition" time="20.609"/>
  <system-out/>
  <testcase classname="com.test.Disposition_masterModule.AllScenarios_Disposition_masterModule" name="Add_Duplicate_Sub_Disposition" time="27.731"/>
  <system-out/>
  <testcase classname="com.test.Disposition_masterModule.AllScenarios_Disposition_masterModule" name="Edit_Sub_Disposition_Popup_Display" time="11.050"/>
  <system-out/>
  <testcase classname="com.test.Disposition_masterModule.AllScenarios_Disposition_masterModule" name="Update_Sub_Disposition_Without_Changes" time="17.140"/>
  <system-out/>
  <testcase classname="com.test.Disposition_masterModule.AllScenarios_Disposition_masterModule" name="Update_Sub_Disposition_with_Duplicate_Name" time="24.850"/>
  <system-out/>
  <testcase classname="com.test.Disposition_masterModule.AllScenarios_Disposition_masterModule" name="Update_Sub_Disposition_Successfully" time="25.214"/>
  <system-out/>
  <testcase classname="com.test.Disposition_masterModule.AllScenarios_Disposition_masterModule" name="Deactivate_Sub_Disposition" time="32.428"/>
  <system-out/>
  <testcase classname="com.test.Disposition_masterModule.AllScenarios_Disposition_masterModule" name="Search_Deactivated_Sub_Disposition" time="19.107"/>
  <system-out/>
  <testcase classname="com.test.Disposition_masterModule.AllScenarios_Disposition_masterModule" name="Reactivate_Sub_Disposition" time="22.943"/>
  <system-out/>
  <testcase classname="com.test.Disposition_masterModule.AllScenarios_Disposition_masterModule" name="Search_Active_Sub_Disposition" time="25.970"/>
  <system-out/>
</testsuite> <!-- com.test.Disposition_masterModule.AllScenarios_Disposition_masterModule -->
