<?xml version="1.0" encoding="UTF-8"?>
<!-- Generated by org.testng.reporters.JUnitReportReporter -->
<testsuite hostname="SPCOKLAP-5140" failures="0" tests="45" name="com.test.Disposition_masterModule.AllScenarios_Disposition_masterModule" time="628.276" errors="0" timestamp="2024-12-12T11:06:06 IST" skipped="0">
  <testcase classname="com.test.Disposition_masterModule.AllScenarios_Disposition_masterModule" name="Verify_Disposition_Master_Navigation" time="3.620"/>
  <system-out/>
  <testcase classname="com.test.Disposition_masterModule.AllScenarios_Disposition_masterModule" name="Verify_Initial_Load_of_Active_Dispositions" time="33.139"/>
  <system-out/>
  <testcase classname="com.test.Disposition_masterModule.AllScenarios_Disposition_masterModule" name="Action_Owner_Dropdown_Selections" time="3.571"/>
  <system-out/>
  <testcase classname="com.test.Disposition_masterModule.AllScenarios_Disposition_masterModule" name="Verify_Is_Active_Checkbox_Default_State" time="3.069"/>
  <system-out/>
  <testcase classname="com.test.Disposition_masterModule.AllScenarios_Disposition_masterModule" name="Verify_Action_Column_Options" time="3.239"/>
  <system-out/>
  <testcase classname="com.test.Disposition_masterModule.AllScenarios_Disposition_masterModule" name="Verify_Status_Column_Appearance" time="3.175"/>
  <system-out/>
  <testcase classname="com.test.Disposition_masterModule.AllScenarios_Disposition_masterModule" name="Validate_Pagination__Initial_Load" time="3.179"/>
  <system-out/>
  <testcase classname="com.test.Disposition_masterModule.AllScenarios_Disposition_masterModule" name="Validate_Next_Button" time="8.934"/>
  <system-out/>
  <testcase classname="com.test.Disposition_masterModule.AllScenarios_Disposition_masterModule" name="Validate_Previous_Button" time="8.276"/>
  <system-out/>
  <testcase classname="com.test.Disposition_masterModule.AllScenarios_Disposition_masterModule" name="Validate_Button__Jump_to_Last_Page" time="29.972"/>
  <system-out/>
  <testcase classname="com.test.Disposition_masterModule.AllScenarios_Disposition_masterModule" name="Validate_Button__Jump_to_First_Page" time="17.152"/>
  <system-out/>
  <testcase classname="com.test.Disposition_masterModule.AllScenarios_Disposition_masterModule" name="Open_Add_Disposition_Form" time="3.387"/>
  <system-out/>
  <testcase classname="com.test.Disposition_masterModule.AllScenarios_Disposition_masterModule" name="Close_Add_Disposition_Form" time="7.082"/>
  <system-out/>
  <testcase classname="com.test.Disposition_masterModule.AllScenarios_Disposition_masterModule" name="Add_Disposition__Submit_with_All_Fields_Valid" time="14.045"/>
  <system-out/>
  <testcase classname="com.test.Disposition_masterModule.AllScenarios_Disposition_masterModule" name="Test_Disposition_Grid_Visibility" time="12.011"/>
  <system-out/>
  <testcase classname="com.test.Disposition_masterModule.AllScenarios_Disposition_masterModule" name="Action_Owner_Multi_select_Functionality" time="10.853"/>
  <system-out/>
  <testcase classname="com.test.Disposition_masterModule.AllScenarios_Disposition_masterModule" name="Asset_Category_Multi_select_Functionality" time="3.378"/>
  <system-out/>
  <testcase classname="com.test.Disposition_masterModule.AllScenarios_Disposition_masterModule" name="Select_All_Functionality__Action_Owner" time="12.207"/>
  <system-out/>
  <testcase classname="com.test.Disposition_masterModule.AllScenarios_Disposition_masterModule" name="Deselecting_Via_Multi_select__Action_Owner" time="3.138"/>
  <system-out/>
  <testcase classname="com.test.Disposition_masterModule.AllScenarios_Disposition_masterModule" name="Select_All_Functionality__Asset_Category" time="3.256"/>
  <system-out/>
  <testcase classname="com.test.Disposition_masterModule.AllScenarios_Disposition_masterModule" name="Deselecting_Via_Multi_select__Asset_Category" time="3.114"/>
  <system-out/>
  <testcase classname="com.test.Disposition_masterModule.AllScenarios_Disposition_masterModule" name="Verify_Add_Disposition_without_Selection" time="8.470"/>
  <system-out/>
  <testcase classname="com.test.Disposition_masterModule.AllScenarios_Disposition_masterModule" name="Add_Disposition_with_Existing_Name" time="16.783"/>
  <system-out/>
  <testcase classname="com.test.Disposition_masterModule.AllScenarios_Disposition_masterModule" name="Edit_Disposition_Popup_Display" time="11.641"/>
  <system-out/>
  <testcase classname="com.test.Disposition_masterModule.AllScenarios_Disposition_masterModule" name="Update_Without_Changes" time="8.605"/>
  <system-out/>
  <testcase classname="com.test.Disposition_masterModule.AllScenarios_Disposition_masterModule" name="Verify_Add_Disposition_with_Valid_Data" time="27.685"/>
  <system-out/>
  <testcase classname="com.test.Disposition_masterModule.AllScenarios_Disposition_masterModule" name="Change_Name_to_Existing_and_Update" time="26.256"/>
  <system-out/>
  <testcase classname="com.test.Disposition_masterModule.AllScenarios_Disposition_masterModule" name="Edit_and_Verify_Disposition_Changes" time="17.093"/>
  <system-out/>
  <testcase classname="com.test.Disposition_masterModule.AllScenarios_Disposition_masterModule" name="Deactivate_Disposition" time="28.577"/>
  <system-out/>
  <testcase classname="com.test.Disposition_masterModule.AllScenarios_Disposition_masterModule" name="Search_Deactivated_Disposition" time="13.498"/>
  <system-out/>
  <testcase classname="com.test.Disposition_masterModule.AllScenarios_Disposition_masterModule" name="Activate_Deactivated_Disposition" time="22.299"/>
  <system-out/>
  <testcase classname="com.test.Disposition_masterModule.AllScenarios_Disposition_masterModule" name="Search_Active_Disposition" time="13.786"/>
  <system-out/>
  <testcase classname="com.test.Disposition_masterModule.AllScenarios_Disposition_masterModule" name="Verify_Sub_Disposition_Tab_UI_Elements" time="3.322"/>
  <system-out/>
  <testcase classname="com.test.Disposition_masterModule.AllScenarios_Disposition_masterModule" name="Verify_Add_Sub_Disposition_Popup" time="3.349"/>
  <system-out/>
  <testcase classname="com.test.Disposition_masterModule.AllScenarios_Disposition_masterModule" name="Close_Add_Sub_Disposition_Popup" time="3.152"/>
  <system-out/>
  <testcase classname="com.test.Disposition_masterModule.AllScenarios_Disposition_masterModule" name="Add_New_Sub_Disposition" time="41.913"/>
  <system-out/>
  <testcase classname="com.test.Disposition_masterModule.AllScenarios_Disposition_masterModule" name="Add_Duplicate_Sub_Disposition" time="20.499"/>
  <system-out/>
  <testcase classname="com.test.Disposition_masterModule.AllScenarios_Disposition_masterModule" name="Edit_Sub_Disposition_Popup_Display" time="10.080"/>
  <system-out/>
  <testcase classname="com.test.Disposition_masterModule.AllScenarios_Disposition_masterModule" name="Update_Sub_Disposition_Without_Changes" time="13.352"/>
  <system-out/>
  <testcase classname="com.test.Disposition_masterModule.AllScenarios_Disposition_masterModule" name="Update_Sub_Disposition_with_Duplicate_Name" time="25.421"/>
  <system-out/>
  <testcase classname="com.test.Disposition_masterModule.AllScenarios_Disposition_masterModule" name="Update_Sub_Disposition_Successfully" time="25.259"/>
  <system-out/>
  <testcase classname="com.test.Disposition_masterModule.AllScenarios_Disposition_masterModule" name="Deactivate_Sub_Disposition" time="28.113"/>
  <system-out/>
  <testcase classname="com.test.Disposition_masterModule.AllScenarios_Disposition_masterModule" name="Search_Deactivated_Sub_Disposition" time="19.633"/>
  <system-out/>
  <testcase classname="com.test.Disposition_masterModule.AllScenarios_Disposition_masterModule" name="Reactivate_Sub_Disposition" time="25.436"/>
  <system-out/>
  <testcase classname="com.test.Disposition_masterModule.AllScenarios_Disposition_masterModule" name="Search_Active_Sub_Disposition" time="24.257"/>
  <system-out/>
</testsuite> <!-- com.test.Disposition_masterModule.AllScenarios_Disposition_masterModule -->
