<?xml version="1.0" encoding="UTF-8"?>
<!-- Generated by org.testng.reporters.JUnitReportReporter -->
<testsuite hostname="SPCOKLAP-5140" failures="1" tests="15" name="com.test.CoreAutoAllocation_Module.AllScenarios_CoreAutoAllocationModule" time="2577.375" errors="0" timestamp="2025-01-21T21:31:50 IST" skipped="0">
  <testcase classname="com.test.CoreAutoAllocation_Module.AllScenarios_CoreAutoAllocationModule" name="Login_to_call_centre_application_and_take_account_filtration_pages" time="56.214"/>
  <system-out/>
  <testcase classname="com.test.CoreAutoAllocation_Module.AllScenarios_CoreAutoAllocationModule" name="Select_SMA_and_NPA_Categorie" time="12.784"/>
  <system-out/>
  <testcase classname="com.test.CoreAutoAllocation_Module.AllScenarios_CoreAutoAllocationModule" name="SMA_Category_Selections" time="3.554"/>
  <system-out/>
  <testcase classname="com.test.CoreAutoAllocation_Module.AllScenarios_CoreAutoAllocationModule" name="NPA_Category_Selections" time="4.178"/>
  <system-out/>
  <testcase classname="com.test.CoreAutoAllocation_Module.AllScenarios_CoreAutoAllocationModule" name="Allocation_Type_Selections__Auto" time="4.239"/>
  <system-out/>
  <testcase classname="com.test.CoreAutoAllocation_Module.AllScenarios_CoreAutoAllocationModule" name="Allocated_To_Selection__Call_Centre" time="3.753"/>
  <system-out/>
  <testcase classname="com.test.CoreAutoAllocation_Module.AllScenarios_CoreAutoAllocationModule" name="Perform_Search_with_Valid_Datas" time="10.531"/>
  <system-out/>
  <testcase classname="com.test.CoreAutoAllocation_Module.AllScenarios_CoreAutoAllocationModule" name="Verify_Total_Account_and_Amount_in_Grid" time="3.068"/>
  <system-out/>
  <testcase classname="com.test.CoreAutoAllocation_Module.AllScenarios_CoreAutoAllocationModule" name="Download_File__List_of_Accounts" time="7.031"/>
  <system-out/>
  <testcase classname="com.test.CoreAutoAllocation_Module.AllScenarios_CoreAutoAllocationModule" name="Verify_Downloaded_File" time="3.236"/>
  <system-out/>
  <testcase classname="com.test.CoreAutoAllocation_Module.AllScenarios_CoreAutoAllocationModule" name="Download_Dialer_File" time="7.502"/>
  <system-out/>
  <testcase classname="com.test.CoreAutoAllocation_Module.AllScenarios_CoreAutoAllocationModule" name="Verify_Dialer_Downloaded_File" time="0.089">
    <failure message="Accounts do not match those indicated in the grid. expected [true] but found [false]" type="java.lang.AssertionError">
      <![CDATA[java.lang.AssertionError: Accounts do not match those indicated in the grid. expected [true] but found [false]
at org.testng.Assert.fail(Assert.java:99)
at org.testng.Assert.failNotEquals(Assert.java:1037)
at org.testng.Assert.assertTrue(Assert.java:45)
at com.test.CoreAutoAllocation_Module.AllScenarios_CoreAutoAllocationModule.Verify_Dialer_Downloaded_File(AllScenarios_CoreAutoAllocationModule.java:805)
at java.base/jdk.internal.reflect.DirectMethodHandleAccessor.invoke(DirectMethodHandleAccessor.java:103)
at java.base/java.lang.reflect.Method.invoke(Method.java:580)
at org.testng.internal.MethodInvocationHelper.invokeMethod(MethodInvocationHelper.java:133)
at org.testng.internal.TestInvoker.invokeMethod(TestInvoker.java:598)
at org.testng.internal.TestInvoker.invokeTestMethod(TestInvoker.java:173)
at org.testng.internal.MethodRunner.runInSequence(MethodRunner.java:46)
at org.testng.internal.TestInvoker$MethodInvocationAgent.invoke(TestInvoker.java:824)
at org.testng.internal.TestInvoker.invokeTestMethods(TestInvoker.java:146)
at org.testng.internal.TestMethodWorker.invokeTestMethods(TestMethodWorker.java:146)
at org.testng.internal.TestMethodWorker.run(TestMethodWorker.java:128)
at java.base/java.util.ArrayList.forEach(ArrayList.java:1597)
at org.testng.TestRunner.privateRun(TestRunner.java:794)
at org.testng.TestRunner.run(TestRunner.java:596)
at org.testng.SuiteRunner.runTest(SuiteRunner.java:377)
at org.testng.SuiteRunner.runSequentially(SuiteRunner.java:371)
at org.testng.SuiteRunner.privateRun(SuiteRunner.java:332)
at org.testng.SuiteRunner.run(SuiteRunner.java:276)
at org.testng.SuiteRunnerWorker.runSuite(SuiteRunnerWorker.java:53)
at org.testng.SuiteRunnerWorker.run(SuiteRunnerWorker.java:96)
at org.testng.TestNG.runSuitesSequentially(TestNG.java:1212)
at org.testng.TestNG.runSuitesLocally(TestNG.java:1134)
at org.testng.TestNG.runSuites(TestNG.java:1063)
at org.testng.TestNG.run(TestNG.java:1031)
at org.testng.remote.AbstractRemoteTestNG.run(AbstractRemoteTestNG.java:115)
at org.testng.remote.RemoteTestNG.initAndRun(RemoteTestNG.java:293)
at org.testng.remote.RemoteTestNG.main(RemoteTestNG.java:91)
]]>
    </failure>
  </testcase> <!-- Verify_Dialer_Downloaded_File -->
  <system-out/>
  <testcase classname="com.test.CoreAutoAllocation_Module.AllScenarios_CoreAutoAllocationModule" name="Download_Invalid_MobileNo_Excel_File" time="8.241"/>
  <system-out/>
  <testcase classname="com.test.CoreAutoAllocation_Module.AllScenarios_CoreAutoAllocationModule" name="Verify_Invalid_Mobile_Number_Downloaded_File" time="3.068"/>
  <system-out/>
  <testcase classname="com.test.CoreAutoAllocation_Module.AllScenarios_CoreAutoAllocationModule" name="Verify_Download_History" time="2449.887"/>
  <system-out/>
</testsuite> <!-- com.test.CoreAutoAllocation_Module.AllScenarios_CoreAutoAllocationModule -->
