<?xml version="1.0" encoding="UTF-8"?>
<!-- Generated by org.testng.reporters.JUnitReportReporter -->
<testsuite hostname="SPCOKLAP-5140" failures="0" tests="11" name="core.Configurations.CollectionOfficerConfig_TestClass" time="363.417" errors="0" timestamp="2025-03-09T20:15:00 IST" skipped="0">
  <testcase classname="core.Configurations.CollectionOfficerConfig_TestClass" name="Add_core_users_to_mst_employee_table" time="3.675"/>
  <system-out/>
  <testcase classname="core.Configurations.CollectionOfficerConfig_TestClass" name="Test_Collection_Officer_Configurations_Page_Basic_Accessibility" time="16.235"/>
  <system-out/>
  <testcase classname="core.Configurations.CollectionOfficerConfig_TestClass" name="Test_Collection_Officer_Configurations_Page_Parameters" time="16.551"/>
  <system-out/>
  <testcase classname="core.Configurations.CollectionOfficerConfig_TestClass" name="Test_Search_Functionality" time="44.523"/>
  <system-out/>
  <testcase classname="core.Configurations.CollectionOfficerConfig_TestClass" name="Test_Save_Configurations_Functionality" time="19.553"/>
  <system-out/>
  <testcase classname="core.Configurations.CollectionOfficerConfig_TestClass" name="Test_Excel_Download_Functionality" time="17.906"/>
  <system-out/>
  <testcase classname="core.Configurations.CollectionOfficerConfig_TestClass" name="Test_Failed_Save_Configurations_without_Selections" time="3.145"/>
  <system-out/>
  <testcase classname="core.Configurations.CollectionOfficerConfig_TestClass" name="Test_Reset_Functionality" time="15.739"/>
  <system-out/>
  <testcase classname="core.Configurations.CollectionOfficerConfig_TestClass" name="Verify_My_Desk_Unassigned_accounts_Tile" time="65.985"/>
  <system-out/>
  <testcase classname="core.Configurations.CollectionOfficerConfig_TestClass" name="Verify_My_Desk_Branch_Attention_Required_Tile" time="52.987"/>
  <system-out/>
  <testcase classname="core.Configurations.CollectionOfficerConfig_TestClass" name="Test_Uncheck_Collection_Officer_Functionality" time="107.118"/>
  <system-out/>
</testsuite> <!-- core.Configurations.CollectionOfficerConfig_TestClass -->
