<?xml version="1.0" encoding="UTF-8"?>
<!-- Generated by org.testng.reporters.JUnitReportReporter -->
<testsuite hostname="SPCOKLAP-5140" failures="0" tests="31" name="com.test.CoreManualAllocation_Module.AllScenarios_CoreManualAllocationModule" time="473.075" errors="0" timestamp="2025-01-27T13:40:05 IST" skipped="0">
  <testcase classname="com.test.CoreManualAllocation_Module.AllScenarios_CoreManualAllocationModule" name="Login_to_call_centre_application_and_take_account_filtration_page" time="10.558"/>
  <system-out/>
  <testcase classname="com.test.CoreManualAllocation_Module.AllScenarios_CoreManualAllocationModule" name="Allocated_To_dropdown_mandatory_checking" time="9.048"/>
  <system-out/>
  <testcase classname="com.test.CoreManualAllocation_Module.AllScenarios_CoreManualAllocationModule" name="Asset_category_dropdown_mandatory_checking" time="9.032"/>
  <system-out/>
  <testcase classname="com.test.CoreManualAllocation_Module.AllScenarios_CoreManualAllocationModule" name="Select_SMA_and_NPA_Categories" time="12.949"/>
  <system-out/>
  <testcase classname="com.test.CoreManualAllocation_Module.AllScenarios_CoreManualAllocationModule" name="SMA_Category_Selection" time="3.628"/>
  <system-out/>
  <testcase classname="com.test.CoreManualAllocation_Module.AllScenarios_CoreManualAllocationModule" name="NPA_Category_Selection" time="3.622"/>
  <system-out/>
  <testcase classname="com.test.CoreManualAllocation_Module.AllScenarios_CoreManualAllocationModule" name="Allocation_Type_Selection_Manual_allocation" time="4.154"/>
  <system-out/>
  <testcase classname="com.test.CoreManualAllocation_Module.AllScenarios_CoreManualAllocationModule" name="Perform_Search_with_Valid_Data" time="11.146"/>
  <system-out/>
  <testcase classname="com.test.CoreManualAllocation_Module.AllScenarios_CoreManualAllocationModule" name="Login_and_Navigation_to_Manual_Allocation" time="85.120"/>
  <system-out/>
  <testcase classname="com.test.CoreManualAllocation_Module.AllScenarios_CoreManualAllocationModule" name="Verify_Fields_and_Buttons_on_Manual_Allocation_Page" time="4.853"/>
  <system-out/>
  <testcase classname="com.test.CoreManualAllocation_Module.AllScenarios_CoreManualAllocationModule" name="Mandatory_Field_Validation_for_Asset_Category" time="8.337"/>
  <system-out/>
  <testcase classname="com.test.CoreManualAllocation_Module.AllScenarios_CoreManualAllocationModule" name="Asset_Category_SMA_and_NPA_Selection" time="13.976"/>
  <system-out/>
  <testcase classname="com.test.CoreManualAllocation_Module.AllScenarios_CoreManualAllocationModule" name="SMA_Category_Dropdown_Selection" time="4.273"/>
  <system-out/>
  <testcase classname="com.test.CoreManualAllocation_Module.AllScenarios_CoreManualAllocationModule" name="NPA_Category_Dropdown_Selection" time="3.360"/>
  <system-out/>
  <testcase classname="com.test.CoreManualAllocation_Module.AllScenarios_CoreManualAllocationModule" name="OS_Balance_Field_Validation" time="3.705"/>
  <system-out/>
  <testcase classname="com.test.CoreManualAllocation_Module.AllScenarios_CoreManualAllocationModule" name="To_Field_Dropdown_Selection" time="3.456"/>
  <system-out/>
  <testcase classname="com.test.CoreManualAllocation_Module.AllScenarios_CoreManualAllocationModule" name="Search_with_Mandatory_Fields" time="14.571"/>
  <system-out/>
  <testcase classname="com.test.CoreManualAllocation_Module.AllScenarios_CoreManualAllocationModule" name="Download_Excel_Functionality" time="14.058"/>
  <system-out/>
  <testcase classname="com.test.CoreManualAllocation_Module.AllScenarios_CoreManualAllocationModule" name="Excel_Account_Count_Verification" time="3.179"/>
  <system-out/>
  <testcase classname="com.test.CoreManualAllocation_Module.AllScenarios_CoreManualAllocationModule" name="Login_to_call_centre_application_and_take_updation_of_disposition_page" time="67.134"/>
  <system-out/>
  <testcase classname="com.test.CoreManualAllocation_Module.AllScenarios_CoreManualAllocationModule" name="Login_and_Navigation_to_Manual_Allocation_Core_Application" time="101.389"/>
  <system-out/>
  <testcase classname="com.test.CoreManualAllocation_Module.AllScenarios_CoreManualAllocationModule" name="Mandatory_Field_Validation_for_Asset_Category_" time="9.339"/>
  <system-out/>
  <testcase classname="com.test.CoreManualAllocation_Module.AllScenarios_CoreManualAllocationModule" name="Asset_Category_SMA_and_NPA_Selection_" time="14.443"/>
  <system-out/>
  <testcase classname="com.test.CoreManualAllocation_Module.AllScenarios_CoreManualAllocationModule" name="SMA_Category_Dropdown_Selection_" time="4.282"/>
  <system-out/>
  <testcase classname="com.test.CoreManualAllocation_Module.AllScenarios_CoreManualAllocationModule" name="NPA_Category_Dropdown_Selection_" time="8.663"/>
  <system-out/>
  <testcase classname="com.test.CoreManualAllocation_Module.AllScenarios_CoreManualAllocationModule" name="OS_Balance_Field_Validation_" time="3.679"/>
  <system-out/>
  <testcase classname="com.test.CoreManualAllocation_Module.AllScenarios_CoreManualAllocationModule" name="To_Field_Dropdown_Selection_" time="3.464"/>
  <system-out/>
  <testcase classname="com.test.CoreManualAllocation_Module.AllScenarios_CoreManualAllocationModule" name="Search_with_Mandatory_Fields_" time="13.923"/>
  <system-out/>
  <testcase classname="com.test.CoreManualAllocation_Module.AllScenarios_CoreManualAllocationModule" name="testAllocateToDropdownSelection" time="0.339"/>
  <system-out/>
  <testcase classname="com.test.CoreManualAllocation_Module.AllScenarios_CoreManualAllocationModule" name="testSelectCallCentreDropdown" time="0.381"/>
  <system-out/>
  <testcase classname="com.test.CoreManualAllocation_Module.AllScenarios_CoreManualAllocationModule" name="testAssignButtonValidationMessage" time="23.014"/>
  <system-out/>
</testsuite> <!-- com.test.CoreManualAllocation_Module.AllScenarios_CoreManualAllocationModule -->
