<?xml version="1.0" encoding="UTF-8"?>
<!-- Generated by org.testng.reporters.JUnitReportReporter -->
<testsuite hostname="SPCOKLAP-5140" failures="0" tests="36" name="com.test.CoreAutoAllocation_Module.AllScenarios_CoreAutoAllocationModule" time="558.387" errors="0" timestamp="2025-01-27T21:22:50 IST" skipped="0">
  <testcase classname="com.test.CoreAutoAllocation_Module.AllScenarios_CoreAutoAllocationModule" name="Login_to_call_centre_application_and_take_account_filtration_page" time="9.295"/>
  <system-out/>
  <testcase classname="com.test.CoreAutoAllocation_Module.AllScenarios_CoreAutoAllocationModule" name="Allocated_To_dropdown_mandatory_checking" time="8.692"/>
  <system-out/>
  <testcase classname="com.test.CoreAutoAllocation_Module.AllScenarios_CoreAutoAllocationModule" name="Asset_category_dropdown_mandatory_checking" time="30.311"/>
  <system-out/>
  <testcase classname="com.test.CoreAutoAllocation_Module.AllScenarios_CoreAutoAllocationModule" name="Select_SMA_and_NPA_Categories" time="12.424"/>
  <system-out/>
  <testcase classname="com.test.CoreAutoAllocation_Module.AllScenarios_CoreAutoAllocationModule" name="SMA_Category_Selection" time="3.605"/>
  <system-out/>
  <testcase classname="com.test.CoreAutoAllocation_Module.AllScenarios_CoreAutoAllocationModule" name="NPA_Category_Selection" time="3.608"/>
  <system-out/>
  <testcase classname="com.test.CoreAutoAllocation_Module.AllScenarios_CoreAutoAllocationModule" name="Allocation_Type_Selection__Auto" time="4.167"/>
  <system-out/>
  <testcase classname="com.test.CoreAutoAllocation_Module.AllScenarios_CoreAutoAllocationModule" name="Perform_Search_with_Valid_Data" time="7.953"/>
  <system-out/>
  <testcase classname="com.test.CoreAutoAllocation_Module.AllScenarios_CoreAutoAllocationModule" name="Login_to_beacon_fcm_core_application_Verify_Auto_Allocation_Page_Load" time="77.921"/>
  <system-out/>
  <testcase classname="com.test.CoreAutoAllocation_Module.AllScenarios_CoreAutoAllocationModule" name="Verify_Fields_and_Buttons_on_Auto_Allocation_Page" time="3.726"/>
  <system-out/>
  <testcase classname="com.test.CoreAutoAllocation_Module.AllScenarios_CoreAutoAllocationModule" name="Enter_Allocation_Name_with_Alphabets" time="6.325"/>
  <system-out/>
  <testcase classname="com.test.CoreAutoAllocation_Module.AllScenarios_CoreAutoAllocationModule" name="Select_effect_Date_from_Date_Picker" time="3.477"/>
  <system-out/>
  <testcase classname="com.test.CoreAutoAllocation_Module.AllScenarios_CoreAutoAllocationModule" name="Select_NPA_and_SMA_Category_Checkbox" time="50.022"/>
  <system-out/>
  <testcase classname="com.test.CoreAutoAllocation_Module.AllScenarios_CoreAutoAllocationModule" name="Select_Zone_from_Dropdown" time="8.413"/>
  <system-out/>
  <testcase classname="com.test.CoreAutoAllocation_Module.AllScenarios_CoreAutoAllocationModule" name="Select_Processing_Interval_from_Dropdown" time="8.455"/>
  <system-out/>
  <testcase classname="com.test.CoreAutoAllocation_Module.AllScenarios_CoreAutoAllocationModule" name="Select_To_Dropdown" time="8.519"/>
  <system-out/>
  <testcase classname="com.test.CoreAutoAllocation_Module.AllScenarios_CoreAutoAllocationModule" name="Add_New_Allocation_Name" time="20.701"/>
  <system-out/>
  <testcase classname="com.test.CoreAutoAllocation_Module.AllScenarios_CoreAutoAllocationModule" name="Verify_Allocation_Name_Status_After_Creation" time="4.123"/>
  <system-out/>
  <testcase classname="com.test.CoreAutoAllocation_Module.AllScenarios_CoreAutoAllocationModule" name="Deactivate_Allocation_Name" time="20.724"/>
  <system-out/>
  <testcase classname="com.test.CoreAutoAllocation_Module.AllScenarios_CoreAutoAllocationModule" name="Reactivate_Allocation_Name" time="20.767"/>
  <system-out/>
  <testcase classname="com.test.CoreAutoAllocation_Module.AllScenarios_CoreAutoAllocationModule" name="Run_Database_Package_and_Verify_Accounts_Insertion" time="91.841"/>
  <system-out/>
  <testcase classname="com.test.CoreAutoAllocation_Module.AllScenarios_CoreAutoAllocationModule" name="Login_to_call_centre_application_and_take_account_filtration_pages" time="57.994"/>
  <system-out/>
  <testcase classname="com.test.CoreAutoAllocation_Module.AllScenarios_CoreAutoAllocationModule" name="Select_SMA_and_NPA_Categorie" time="13.317"/>
  <system-out/>
  <testcase classname="com.test.CoreAutoAllocation_Module.AllScenarios_CoreAutoAllocationModule" name="SMA_Category_Selections" time="3.575"/>
  <system-out/>
  <testcase classname="com.test.CoreAutoAllocation_Module.AllScenarios_CoreAutoAllocationModule" name="NPA_Category_Selections" time="4.313"/>
  <system-out/>
  <testcase classname="com.test.CoreAutoAllocation_Module.AllScenarios_CoreAutoAllocationModule" name="Allocation_Type_Selections__Auto" time="4.249"/>
  <system-out/>
  <testcase classname="com.test.CoreAutoAllocation_Module.AllScenarios_CoreAutoAllocationModule" name="Allocated_To_Selection__Call_Centre" time="3.667"/>
  <system-out/>
  <testcase classname="com.test.CoreAutoAllocation_Module.AllScenarios_CoreAutoAllocationModule" name="Perform_Search_with_Valid_Datas" time="12.540"/>
  <system-out/>
  <testcase classname="com.test.CoreAutoAllocation_Module.AllScenarios_CoreAutoAllocationModule" name="Verify_Total_Account_and_Amount_in_Grid" time="3.091"/>
  <system-out/>
  <testcase classname="com.test.CoreAutoAllocation_Module.AllScenarios_CoreAutoAllocationModule" name="Download_File__List_of_Accounts" time="9.855"/>
  <system-out/>
  <testcase classname="com.test.CoreAutoAllocation_Module.AllScenarios_CoreAutoAllocationModule" name="Verify_Downloaded_File" time="3.530"/>
  <system-out/>
  <testcase classname="com.test.CoreAutoAllocation_Module.AllScenarios_CoreAutoAllocationModule" name="Download_Dialer_File" time="9.631"/>
  <system-out/>
  <testcase classname="com.test.CoreAutoAllocation_Module.AllScenarios_CoreAutoAllocationModule" name="Verify_Dialer_Downloaded_File" time="3.112"/>
  <system-out/>
  <testcase classname="com.test.CoreAutoAllocation_Module.AllScenarios_CoreAutoAllocationModule" name="Download_Invalid_MobileNo_Excel_File" time="11.257"/>
  <system-out/>
  <testcase classname="com.test.CoreAutoAllocation_Module.AllScenarios_CoreAutoAllocationModule" name="Verify_Invalid_Mobile_Number_Downloaded_File" time="3.090"/>
  <system-out/>
  <testcase classname="com.test.CoreAutoAllocation_Module.AllScenarios_CoreAutoAllocationModule" name="Verify_Download_History" time="10.097"/>
  <system-out/>
</testsuite> <!-- com.test.CoreAutoAllocation_Module.AllScenarios_CoreAutoAllocationModule -->
