<?xml version="1.0" encoding="UTF-8"?>
<!-- Generated by org.testng.reporters.JUnitReportReporter -->
<testsuite hostname="SPCOKLAP-5140" failures="0" tests="1" name="core.AlertsandNotifications.AlertsMaskAcAndMaskingAutho_TestClass" time="98.796" errors="0" timestamp="2025-03-20T15:45:09 IST" skipped="0">
  <testcase classname="core.AlertsandNotifications.AlertsMaskAcAndMaskingAutho_TestClass" name="testLoginAndNavigateToMaskAccountWindow" time="98.796"/>
  <system-out/>
</testsuite> <!-- core.AlertsandNotifications.AlertsMaskAcAndMaskingAutho_TestClass -->
