<?xml version="1.0" encoding="UTF-8"?>
<!-- Generated by org.testng.reporters.JUnitReportReporter -->
<testsuite hostname="SPCOKLAP-5140" failures="0" tests="17" name="collectionAgency.Disposition.CollectionAgencyDisposition_TestClass" time="290.019" errors="0" timestamp="2025-03-11T13:02:15 IST" skipped="0">
  <testcase classname="collectionAgency.Disposition.CollectionAgencyDisposition_TestClass" name="Login_to_core_application_and_navigate_to_agency_account_agency_menu" time="23.533"/>
  <system-out/>
  <testcase classname="collectionAgency.Disposition.CollectionAgencyDisposition_TestClass" name="Truncate_mst_col_agency_acc_allocated_and_delete_data_from_trn_account_followup_where_disposition_date__today" time="4.405"/>
  <system-out/>
  <testcase classname="collectionAgency.Disposition.CollectionAgencyDisposition_TestClass" name="Allocating_accounts_to_collection_agency" time="73.533"/>
  <system-out/>
  <testcase classname="collectionAgency.Disposition.CollectionAgencyDisposition_TestClass" name="Fetch_a_not_allocated_account_number_in_selected_collection_agency" time="3.888"/>
  <system-out/>
  <testcase classname="collectionAgency.Disposition.CollectionAgencyDisposition_TestClass" name="Login_to_allocated_collection_agency_from_collection_agency_application" time="62.548"/>
  <system-out/>
  <testcase classname="collectionAgency.Disposition.CollectionAgencyDisposition_TestClass" name="Doing_Disposition_against_Agency_allocated_accounts" time="28.880"/>
  <system-out/>
  <testcase classname="collectionAgency.Disposition.CollectionAgencyDisposition_TestClass" name="Customer_Details_Grid_Data_Integrity" time="3.237"/>
  <system-out/>
  <testcase classname="collectionAgency.Disposition.CollectionAgencyDisposition_TestClass" name="Risk_Column_Data_Consistency" time="3.044"/>
  <system-out/>
  <testcase classname="collectionAgency.Disposition.CollectionAgencyDisposition_TestClass" name="Security_Details_View_Open_Grid" time="9.077"/>
  <system-out/>
  <testcase classname="collectionAgency.Disposition.CollectionAgencyDisposition_TestClass" name="Next_Action_Owner_Dropdown_Selection" time="3.356"/>
  <system-out/>
  <testcase classname="collectionAgency.Disposition.CollectionAgencyDisposition_TestClass" name="Cancel_Button_Functionality_in_Add_New_Interaction_Details" time="9.812"/>
  <system-out/>
  <testcase classname="collectionAgency.Disposition.CollectionAgencyDisposition_TestClass" name="Error_Guessing_Empty_Remarks_Field" time="14.594"/>
  <system-out/>
  <testcase classname="collectionAgency.Disposition.CollectionAgencyDisposition_TestClass" name="Committed_Amount_Field_BVA_Validations" time="4.778"/>
  <system-out/>
  <testcase classname="collectionAgency.Disposition.CollectionAgencyDisposition_TestClass" name="Customer_Details_Data_Accuracy" time="8.388"/>
  <system-out/>
  <testcase classname="collectionAgency.Disposition.CollectionAgencyDisposition_TestClass" name="Other_Account_Details_Grid_Validation" time="8.235"/>
  <system-out/>
  <testcase classname="collectionAgency.Disposition.CollectionAgencyDisposition_TestClass" name="Disposition_and_Sub_Disposition_Valid_Selections" time="15.536"/>
  <system-out/>
  <testcase classname="collectionAgency.Disposition.CollectionAgencyDisposition_TestClass" name="Search_Functionality_Invalid_Input" time="13.175"/>
  <system-out/>
</testsuite> <!-- collectionAgency.Disposition.CollectionAgencyDisposition_TestClass -->
