<?xml version="1.0" encoding="UTF-8"?>
<!-- Generated by org.testng.reporters.JUnitReportReporter -->
<testsuite hostname="SPCOKLAP-5140" failures="0" tests="14" name="com.test.Updation_of_DispositionModule.AllScenarios_Updation_of_DispositionModule" time="319.132" errors="0" timestamp="2024-12-16T17:54:26 IST" skipped="0">
  <testcase classname="com.test.Updation_of_DispositionModule.AllScenarios_Updation_of_DispositionModule" name="Open_Updation_of_Disposition_Screen" time="19.313"/>
  <system-out/>
  <testcase classname="com.test.Updation_of_DispositionModule.AllScenarios_Updation_of_DispositionModule" name="Account_Number_Field__ECP_Validations" time="3.243"/>
  <system-out/>
  <testcase classname="com.test.Updation_of_DispositionModule.AllScenarios_Updation_of_DispositionModule" name="Attempt_to_Enter_More_than_25_Characters" time="3.148"/>
  <system-out/>
  <testcase classname="com.test.Updation_of_DispositionModule.AllScenarios_Updation_of_DispositionModule" name="Enter_Invalid_Account_Number_and_Search" time="47.243"/>
  <system-out/>
  <testcase classname="com.test.Updation_of_DispositionModule.AllScenarios_Updation_of_DispositionModule" name="Search_with_Empty_Account_Number_Field" time="28.176"/>
  <system-out/>
  <testcase classname="com.test.Updation_of_DispositionModule.AllScenarios_Updation_of_DispositionModule" name="Enter_invalid_Account_Number_which_is_user_not_assigned_branches_and_Search" time="59.282"/>
  <system-out/>
  <testcase classname="com.test.Updation_of_DispositionModule.AllScenarios_Updation_of_DispositionModule" name="Enter_Valid_Account_Number_and_Search" time="11.229"/>
  <system-out/>
  <testcase classname="com.test.Updation_of_DispositionModule.AllScenarios_Updation_of_DispositionModule" name="Add_New_Interaction_Details__All_Fields_Missing_Validation" time="5.394"/>
  <system-out/>
  <testcase classname="com.test.Updation_of_DispositionModule.AllScenarios_Updation_of_DispositionModule" name="Add_New_Interaction_Details__Disposition_Missing_Validation" time="5.774"/>
  <system-out/>
  <testcase classname="com.test.Updation_of_DispositionModule.AllScenarios_Updation_of_DispositionModule" name="Add_New_Interaction_Details__Sub_Disposition_Missing_Validation" time="12.394"/>
  <system-out/>
  <testcase classname="com.test.Updation_of_DispositionModule.AllScenarios_Updation_of_DispositionModule" name="Add_New_Interaction_Details__NextAction_Date_Missing_Validation" time="5.902"/>
  <system-out/>
  <testcase classname="com.test.Updation_of_DispositionModule.AllScenarios_Updation_of_DispositionModule" name="Add_New_Interaction_Details__Remark_Missing_Validation" time="28.692"/>
  <system-out/>
  <testcase classname="com.test.Updation_of_DispositionModule.AllScenarios_Updation_of_DispositionModule" name="Add_New_Interaction_Details__Successful_Form_Submission" time="37.794"/>
  <system-out/>
  <testcase classname="com.test.Updation_of_DispositionModule.AllScenarios_Updation_of_DispositionModule" name="Verify_successfully_saved_interaction_in_history_of_interaction_details_section" time="51.548"/>
  <system-out/>
</testsuite> <!-- com.test.Updation_of_DispositionModule.AllScenarios_Updation_of_DispositionModule -->
