<?xml version="1.0" encoding="UTF-8"?>
<!-- Generated by org.testng.reporters.JUnitReportReporter -->
<testsuite hostname="SPCOKLAP-5140" failures="0" tests="18" name="com.test.Disposition_masterModule.AllScenarios_Disposition_masterModule" time="154.879" errors="0" timestamp="2024-11-29T00:18:26 IST" skipped="0">
  <testcase classname="com.test.Disposition_masterModule.AllScenarios_Disposition_masterModule" name="testDispositionMasterNavigation" time="3.994"/>
  <system-out/>
  <testcase classname="com.test.Disposition_masterModule.AllScenarios_Disposition_masterModule" name="verifyInitialLoadOfActiveDispositions" time="33.230"/>
  <system-out/>
  <testcase classname="com.test.Disposition_masterModule.AllScenarios_Disposition_masterModule" name="actionOwnerDropdownSelections" time="3.690"/>
  <system-out/>
  <testcase classname="com.test.Disposition_masterModule.AllScenarios_Disposition_masterModule" name="testVerifyIsActiveCheckboxDefaultState" time="3.192"/>
  <system-out/>
  <testcase classname="com.test.Disposition_masterModule.AllScenarios_Disposition_masterModule" name="verifyActionColumnOptions" time="3.394"/>
  <system-out/>
  <testcase classname="com.test.Disposition_masterModule.AllScenarios_Disposition_masterModule" name="verifyStatusColumnAppearance" time="3.295"/>
  <system-out/>
  <testcase classname="com.test.Disposition_masterModule.AllScenarios_Disposition_masterModule" name="validatePaginationInitialLoad" time="3.358"/>
  <system-out/>
  <testcase classname="com.test.Disposition_masterModule.AllScenarios_Disposition_masterModule" name="testValidateNextButton" time="4.558"/>
  <system-out/>
  <testcase classname="com.test.Disposition_masterModule.AllScenarios_Disposition_masterModule" name="testValidatePreviousButton" time="4.058"/>
  <system-out/>
  <testcase classname="com.test.Disposition_masterModule.AllScenarios_Disposition_masterModule" name="testJumpToLastPage" time="18.972"/>
  <system-out/>
  <testcase classname="com.test.Disposition_masterModule.AllScenarios_Disposition_masterModule" name="testJumpToFirstPage" time="18.996"/>
  <system-out/>
  <testcase classname="com.test.Disposition_masterModule.AllScenarios_Disposition_masterModule" name="testOpenAddDispositionForm" time="9.175"/>
  <system-out/>
  <testcase classname="com.test.Disposition_masterModule.AllScenarios_Disposition_masterModule" name="testCloseAddDispositionPopup" time="4.516"/>
  <system-out/>
  <testcase classname="com.test.Disposition_masterModule.AllScenarios_Disposition_masterModule" name="testSubmitWithAllFieldsValid" time="12.149"/>
  <system-out/>
  <testcase classname="com.test.Disposition_masterModule.AllScenarios_Disposition_masterModule" name="testMultiSelectActionOwner" time="13.402"/>
  <system-out/>
  <testcase classname="com.test.Disposition_masterModule.AllScenarios_Disposition_masterModule" name="testMultiAssetCategory" time="3.551"/>
  <system-out/>
  <testcase classname="com.test.Disposition_masterModule.AllScenarios_Disposition_masterModule" name="testSelectAllFunctionality" time="8.141"/>
  <system-out/>
  <testcase classname="com.test.Disposition_masterModule.AllScenarios_Disposition_masterModule" name="testDeselectAllOptions" time="3.208"/>
  <system-out/>
</testsuite> <!-- com.test.Disposition_masterModule.AllScenarios_Disposition_masterModule -->
