<?xml version="1.0" encoding="UTF-8"?>
<!-- Generated by org.testng.reporters.JUnitReportReporter -->
<testsuite hostname="SPCOKLAP-5140" failures="0" tests="15" name="core.AlertsandNotifications.AlertsTemplateManagement_TestClass" time="257.393" errors="0" timestamp="2025-03-19T10:15:29 IST" skipped="0">
  <testcase classname="core.AlertsandNotifications.AlertsTemplateManagement_TestClass" name="Test_Login_with_Valid_Credentials" time="87.148"/>
  <system-out/>
  <testcase classname="core.AlertsandNotifications.AlertsTemplateManagement_TestClass" name="Display_Alerts_and_Notifications_Menu_Option" time="8.120"/>
  <system-out/>
  <testcase classname="core.AlertsandNotifications.AlertsTemplateManagement_TestClass" name="Access_Alerts_and_Notifications_Page" time="3.284"/>
  <system-out/>
  <testcase classname="core.AlertsandNotifications.AlertsTemplateManagement_TestClass" name="Navigate_to_Template_Management" time="19.340"/>
  <system-out/>
  <testcase classname="core.AlertsandNotifications.AlertsTemplateManagement_TestClass" name="Interact_with_Template_Management_Fields" time="10.417"/>
  <system-out/>
  <testcase classname="core.AlertsandNotifications.AlertsTemplateManagement_TestClass" name="Clear_Input_Field_Test" time="3.294"/>
  <system-out/>
  <testcase classname="core.AlertsandNotifications.AlertsTemplateManagement_TestClass" name="Display_Template_Details_Table" time="3.427"/>
  <system-out/>
  <testcase classname="core.AlertsandNotifications.AlertsTemplateManagement_TestClass" name="Test_Template_Pagination" time="10.726"/>
  <system-out/>
  <testcase classname="core.AlertsandNotifications.AlertsTemplateManagement_TestClass" name="SMS_Template_Body_Character_Limit" time="23.083"/>
  <system-out/>
  <testcase classname="core.AlertsandNotifications.AlertsTemplateManagement_TestClass" name="Additional_Fields_for_Email_or_Notice" time="5.994"/>
  <system-out/>
  <testcase classname="core.AlertsandNotifications.AlertsTemplateManagement_TestClass" name="Add_New_Template" time="12.520"/>
  <system-out/>
  <testcase classname="core.AlertsandNotifications.AlertsTemplateManagement_TestClass" name="Save_New_Template" time="7.699"/>
  <system-out/>
  <testcase classname="core.AlertsandNotifications.AlertsTemplateManagement_TestClass" name="View_Template_Details" time="7.094"/>
  <system-out/>
  <testcase classname="core.AlertsandNotifications.AlertsTemplateManagement_TestClass" name="Edit_Existing_Template" time="45.143"/>
  <system-out/>
  <testcase classname="core.AlertsandNotifications.AlertsTemplateManagement_TestClass" name="View_Template_History" time="10.104"/>
  <system-out/>
</testsuite> <!-- core.AlertsandNotifications.AlertsTemplateManagement_TestClass -->
