<?xml version="1.0" encoding="UTF-8"?>
<!-- Generated by org.testng.reporters.JUnitReportReporter -->
<testsuite hostname="SPCOKLAP-5140" failures="0" tests="2" name="CollectionAgencyDisposition_Module.AllScenarios_CollectionAgencyDispositionModule" time="22.382" errors="0" timestamp="2025-02-12T20:10:26 IST" skipped="0">
  <testcase classname="CollectionAgencyDisposition_Module.AllScenarios_CollectionAgencyDispositionModule" name="testLoginAndNavigateToAgencyAccountAllocation" time="21.228"/>
  <system-out/>
  <testcase classname="CollectionAgencyDisposition_Module.AllScenarios_CollectionAgencyDispositionModule" name="testTruncateAndDeleteOperations" time="1.154"/>
  <system-out/>
</testsuite> <!-- CollectionAgencyDisposition_Module.AllScenarios_CollectionAgencyDispositionModule -->
