<?xml version="1.0" encoding="UTF-8"?>
<!-- Generated by org.testng.reporters.JUnitReportReporter -->
<testsuite hostname="SPCOKLAP-5140" failures="0" tests="25" name="com.test.CoreManualAllocation_Module.AllScenarios_CoreManualAllocationModule" time="638.141" errors="0" timestamp="2025-01-24T16:02:48 IST" skipped="0">
  <testcase classname="com.test.CoreManualAllocation_Module.AllScenarios_CoreManualAllocationModule" name="Login_to_call_centre_application_and_take_account_filtration_page" time="8.338"/>
  <system-out/>
  <testcase classname="com.test.CoreManualAllocation_Module.AllScenarios_CoreManualAllocationModule" name="Allocated_To_dropdown_mandatory_checking" time="8.807"/>
  <system-out/>
  <testcase classname="com.test.CoreManualAllocation_Module.AllScenarios_CoreManualAllocationModule" name="Asset_category_dropdown_mandatory_checking" time="8.767"/>
  <system-out/>
  <testcase classname="com.test.CoreManualAllocation_Module.AllScenarios_CoreManualAllocationModule" name="Select_SMA_and_NPA_Categories" time="23.446"/>
  <system-out/>
  <testcase classname="com.test.CoreManualAllocation_Module.AllScenarios_CoreManualAllocationModule" name="SMA_Category_Selection" time="3.574"/>
  <system-out/>
  <testcase classname="com.test.CoreManualAllocation_Module.AllScenarios_CoreManualAllocationModule" name="NPA_Category_Selection" time="3.569"/>
  <system-out/>
  <testcase classname="com.test.CoreManualAllocation_Module.AllScenarios_CoreManualAllocationModule" name="Allocation_Type_Selection_Manual_allocation" time="4.115"/>
  <system-out/>
  <testcase classname="com.test.CoreManualAllocation_Module.AllScenarios_CoreManualAllocationModule" name="Perform_Search_with_Valid_Data" time="10.247"/>
  <system-out/>
  <testcase classname="com.test.CoreManualAllocation_Module.AllScenarios_CoreManualAllocationModule" name="Login_and_Navigation_to_Manual_Allocation" time="110.925"/>
  <system-out/>
  <testcase classname="com.test.CoreManualAllocation_Module.AllScenarios_CoreManualAllocationModule" name="Verify_Fields_and_Buttons_on_Manual_Allocation_Page" time="4.821"/>
  <system-out/>
  <testcase classname="com.test.CoreManualAllocation_Module.AllScenarios_CoreManualAllocationModule" name="Mandatory_Field_Validation_for_Asset_Category" time="8.610"/>
  <system-out/>
  <testcase classname="com.test.CoreManualAllocation_Module.AllScenarios_CoreManualAllocationModule" name="Asset_Category_SMA_and_NPA_Selection" time="13.837"/>
  <system-out/>
  <testcase classname="com.test.CoreManualAllocation_Module.AllScenarios_CoreManualAllocationModule" name="SMA_Category_Dropdown_Selection" time="4.291"/>
  <system-out/>
  <testcase classname="com.test.CoreManualAllocation_Module.AllScenarios_CoreManualAllocationModule" name="NPA_Category_Dropdown_Selection" time="3.332"/>
  <system-out/>
  <testcase classname="com.test.CoreManualAllocation_Module.AllScenarios_CoreManualAllocationModule" name="OS_Balance_Field_Validation" time="3.673"/>
  <system-out/>
  <testcase classname="com.test.CoreManualAllocation_Module.AllScenarios_CoreManualAllocationModule" name="To_Field_Dropdown_Selection" time="3.453"/>
  <system-out/>
  <testcase classname="com.test.CoreManualAllocation_Module.AllScenarios_CoreManualAllocationModule" name="Search_with_Mandatory_Fields" time="15.438"/>
  <system-out/>
  <testcase classname="com.test.CoreManualAllocation_Module.AllScenarios_CoreManualAllocationModule" name="Download_Excel_Functionality" time="12.989"/>
  <system-out/>
  <testcase classname="com.test.CoreManualAllocation_Module.AllScenarios_CoreManualAllocationModule" name="Excel_Account_Count_Verification" time="3.259"/>
  <system-out/>
  <testcase classname="com.test.CoreManualAllocation_Module.AllScenarios_CoreManualAllocationModule" name="Login_to_call_centre_application_and_take_updation_of_disposition_page" time="85.414"/>
  <system-out/>
  <testcase classname="com.test.CoreManualAllocation_Module.AllScenarios_CoreManualAllocationModule" name="Login_and_Navigation_to_Manual_Allocation_Core_Application" time="265.331"/>
  <system-out/>
  <testcase classname="com.test.CoreManualAllocation_Module.AllScenarios_CoreManualAllocationModule" name="Mandatory_Field_Validation_for_Asset_Category_" time="9.594"/>
  <system-out/>
  <testcase classname="com.test.CoreManualAllocation_Module.AllScenarios_CoreManualAllocationModule" name="Asset_Category_SMA_and_NPA_Selection_" time="14.470"/>
  <system-out/>
  <testcase classname="com.test.CoreManualAllocation_Module.AllScenarios_CoreManualAllocationModule" name="SMA_Category_Dropdown_Selection_" time="4.231"/>
  <system-out/>
  <testcase classname="com.test.CoreManualAllocation_Module.AllScenarios_CoreManualAllocationModule" name="NPA_Category_Dropdown_Selection_" time="3.610"/>
  <system-out/>
</testsuite> <!-- com.test.CoreManualAllocation_Module.AllScenarios_CoreManualAllocationModule -->
