<?xml version="1.0" encoding="UTF-8"?>
<!-- Generated by org.testng.reporters.JUnitReportReporter -->
<testsuite hostname="SPCOKLAP-5140" failures="0" tests="13" name="core.Configurations.CollectionOfficerConfig_TestClass" time="663.633" errors="0" timestamp="2025-04-02T19:09:37 IST" skipped="0">
  <testcase classname="core.Configurations.CollectionOfficerConfig_TestClass" name="Add_core_users_to_mst_employee_table" time="3.799"/>
  <system-out/>
  <testcase classname="core.Configurations.CollectionOfficerConfig_TestClass" name="Test_Collection_Officer_Configurations_Page_Basic_Accessibility" time="17.361"/>
  <system-out/>
  <testcase classname="core.Configurations.CollectionOfficerConfig_TestClass" name="Test_Collection_Officer_Configurations_Page_Parameters" time="22.718"/>
  <system-out/>
  <testcase classname="core.Configurations.CollectionOfficerConfig_TestClass" name="Test_Search_Functionality" time="64.684"/>
  <system-out/>
  <testcase classname="core.Configurations.CollectionOfficerConfig_TestClass" name="Test_Save_Configurations_Functionality" time="20.633"/>
  <system-out/>
  <testcase classname="core.Configurations.CollectionOfficerConfig_TestClass" name="Test_Excel_Download_Functionality" time="17.566"/>
  <system-out/>
  <testcase classname="core.Configurations.CollectionOfficerConfig_TestClass" name="Test_Failed_Save_Configurations_without_Selections" time="3.235"/>
  <system-out/>
  <testcase classname="core.Configurations.CollectionOfficerConfig_TestClass" name="Test_Reset_Functionality" time="15.750"/>
  <system-out/>
  <testcase classname="core.Configurations.CollectionOfficerConfig_TestClass" name="Verify_My_Desk_Unassigned_accounts_Tile" time="64.046"/>
  <system-out/>
  <testcase classname="core.Configurations.CollectionOfficerConfig_TestClass" name="Verify_My_Desk_Branch_Attention_Required_Tile" time="43.171"/>
  <system-out/>
  <testcase classname="core.Configurations.CollectionOfficerConfig_TestClass" name="other_branch_user_is_not_showing_My_Desk_Unassigned_accounts_Tile" time="137.627"/>
  <system-out/>
  <testcase classname="core.Configurations.CollectionOfficerConfig_TestClass" name="other_branch_user_is_not_showing_My_Desk_Branch_Attention_Required_Tile" time="52.718"/>
  <system-out/>
  <testcase classname="core.Configurations.CollectionOfficerConfig_TestClass" name="Test_Uncheck_Collection_Officer_Functionality" time="200.325"/>
  <system-out/>
</testsuite> <!-- core.Configurations.CollectionOfficerConfig_TestClass -->
