<?xml version="1.0" encoding="UTF-8"?>
<!-- Generated by org.testng.reporters.JUnitReportReporter -->
<testsuite hostname="SPCOKLAP-5140" failures="0" tests="27" name="com.test.CoreRegularizationSummary_Module.AllScenarios_CoreRegularizationSummaryModule" time="333.805" errors="0" timestamp="2025-02-10T17:46:15 IST" skipped="0">
  <testcase classname="com.test.CoreRegularizationSummary_Module.AllScenarios_CoreRegularizationSummaryModule" name="Login_and_Navigation_to_Manual_Allocation" time="23.171"/>
  <system-out/>
  <testcase classname="com.test.CoreRegularizationSummary_Module.AllScenarios_CoreRegularizationSummaryModule" name="Asset_Category_SMA_and_NPA_Selection" time="13.917"/>
  <system-out/>
  <testcase classname="com.test.CoreRegularizationSummary_Module.AllScenarios_CoreRegularizationSummaryModule" name="SMA_Category_Dropdown_Selection" time="4.328"/>
  <system-out/>
  <testcase classname="com.test.CoreRegularizationSummary_Module.AllScenarios_CoreRegularizationSummaryModule" name="NPA_Category_Dropdown_Selection" time="3.367"/>
  <system-out/>
  <testcase classname="com.test.CoreRegularizationSummary_Module.AllScenarios_CoreRegularizationSummaryModule" name="OS_Balance_Field_Validation" time="3.667"/>
  <system-out/>
  <testcase classname="com.test.CoreRegularizationSummary_Module.AllScenarios_CoreRegularizationSummaryModule" name="To_Field_Dropdown_Selection" time="3.482"/>
  <system-out/>
  <testcase classname="com.test.CoreRegularizationSummary_Module.AllScenarios_CoreRegularizationSummaryModule" name="Search_with_Mandatory_Fields" time="16.636"/>
  <system-out/>
  <testcase classname="com.test.CoreRegularizationSummary_Module.AllScenarios_CoreRegularizationSummaryModule" name="Allocate_to_Field_Dropdown_Selection" time="3.299"/>
  <system-out/>
  <testcase classname="com.test.CoreRegularizationSummary_Module.AllScenarios_CoreRegularizationSummaryModule" name="Select_Call_Centre_Field_Dropdown_Selection" time="3.349"/>
  <system-out/>
  <testcase classname="com.test.CoreRegularizationSummary_Module.AllScenarios_CoreRegularizationSummaryModule" name="Assign_Button_Validation_Message" time="17.234"/>
  <system-out/>
  <testcase classname="com.test.CoreRegularizationSummary_Module.AllScenarios_CoreRegularizationSummaryModule" name="Create_entry_in_table_database" time="94.968"/>
  <system-out/>
  <testcase classname="com.test.CoreRegularizationSummary_Module.AllScenarios_CoreRegularizationSummaryModule" name="Side_Menu_Call_Centre_Listing" time="8.524"/>
  <system-out/>
  <testcase classname="com.test.CoreRegularizationSummary_Module.AllScenarios_CoreRegularizationSummaryModule" name="Sub_Menu_Regularization_Summary_Listing" time="3.130"/>
  <system-out/>
  <testcase classname="com.test.CoreRegularizationSummary_Module.AllScenarios_CoreRegularizationSummaryModule" name="Click_Regularization_Summary_" time="6.509"/>
  <system-out/>
  <testcase classname="com.test.CoreRegularizationSummary_Module.AllScenarios_CoreRegularizationSummaryModule" name="Regularization_Summary_Page_Dropdown_and_Search" time="3.053"/>
  <system-out/>
  <testcase classname="com.test.CoreRegularizationSummary_Module.AllScenarios_CoreRegularizationSummaryModule" name="Click_Search_Without_Selecting_Dropdown" time="8.474"/>
  <system-out/>
  <testcase classname="com.test.CoreRegularizationSummary_Module.AllScenarios_CoreRegularizationSummaryModule" name="Dropdown_Callcentre_Name" time="3.229"/>
  <system-out/>
  <testcase classname="com.test.CoreRegularizationSummary_Module.AllScenarios_CoreRegularizationSummaryModule" name="Search_Regularization_Summary" time="5.819"/>
  <system-out/>
  <testcase classname="com.test.CoreRegularizationSummary_Module.AllScenarios_CoreRegularizationSummaryModule" name="Download_the_regularization_summary_report" time="6.908"/>
  <system-out/>
  <testcase classname="com.test.CoreRegularizationSummary_Module.AllScenarios_CoreRegularizationSummaryModule" name="Data_Verification_in_Downloaded_File_" time="3.477"/>
  <system-out/>
  <testcase classname="com.test.CoreRegularizationSummary_Module.AllScenarios_CoreRegularizationSummaryModule" name="Download_the_regularization_summary_report_" time="6.887"/>
  <system-out/>
  <testcase classname="com.test.CoreRegularizationSummary_Module.AllScenarios_CoreRegularizationSummaryModule" name="Validate_Downloaded_File_" time="3.207"/>
  <system-out/>
  <testcase classname="com.test.CoreRegularizationSummary_Module.AllScenarios_CoreRegularizationSummaryModule" name="Login_to_call_centre_application" time="62.438"/>
  <system-out/>
  <testcase classname="com.test.CoreRegularizationSummary_Module.AllScenarios_CoreRegularizationSummaryModule" name="Click_Regularization_Summary" time="12.091"/>
  <system-out/>
  <testcase classname="com.test.CoreRegularizationSummary_Module.AllScenarios_CoreRegularizationSummaryModule" name="Data_Verification_in_Downloaded_File" time="3.143"/>
  <system-out/>
  <testcase classname="com.test.CoreRegularizationSummary_Module.AllScenarios_CoreRegularizationSummaryModule" name="Download_regularization_Summary" time="6.309"/>
  <system-out/>
  <testcase classname="com.test.CoreRegularizationSummary_Module.AllScenarios_CoreRegularizationSummaryModule" name="Validate_Downloaded_File" time="3.189"/>
  <system-out/>
</testsuite> <!-- com.test.CoreRegularizationSummary_Module.AllScenarios_CoreRegularizationSummaryModule -->
