<?xml version="1.0" encoding="UTF-8"?>
<!-- Generated by org.testng.reporters.JUnitReportReporter -->
<testsuite hostname="SPCOKLAP-5140" failures="0" tests="44" name="com.test.Disposition_masterModule.AllScenarios_Disposition_masterModule" time="639.183" errors="0" timestamp="2024-12-09T10:30:37 IST" skipped="0">
  <testcase classname="com.test.Disposition_masterModule.AllScenarios_Disposition_masterModule" name="Verify_Disposition_Master_Navigation" time="3.759"/>
  <system-out/>
  <testcase classname="com.test.Disposition_masterModule.AllScenarios_Disposition_masterModule" name="Verify_Initial_Load_of_Active_Dispositions" time="33.142"/>
  <system-out/>
  <testcase classname="com.test.Disposition_masterModule.AllScenarios_Disposition_masterModule" name="Action_Owner_Dropdown_Selections" time="3.734"/>
  <system-out/>
  <testcase classname="com.test.Disposition_masterModule.AllScenarios_Disposition_masterModule" name="Verify_Is_Active_Checkbox_Default_State" time="3.074"/>
  <system-out/>
  <testcase classname="com.test.Disposition_masterModule.AllScenarios_Disposition_masterModule" name="Verify_Action_Column_Options" time="3.336"/>
  <system-out/>
  <testcase classname="com.test.Disposition_masterModule.AllScenarios_Disposition_masterModule" name="Verify_Status_Column_Appearance" time="3.327"/>
  <system-out/>
  <testcase classname="com.test.Disposition_masterModule.AllScenarios_Disposition_masterModule" name="Validate_Pagination__Initial_Load" time="3.324"/>
  <system-out/>
  <testcase classname="com.test.Disposition_masterModule.AllScenarios_Disposition_masterModule" name="Validate_Next_Button" time="11.018"/>
  <system-out/>
  <testcase classname="com.test.Disposition_masterModule.AllScenarios_Disposition_masterModule" name="Validate_Previous_Button" time="16.254"/>
  <system-out/>
  <testcase classname="com.test.Disposition_masterModule.AllScenarios_Disposition_masterModule" name="Validate_Button__Jump_to_Last_Page" time="22.802"/>
  <system-out/>
  <testcase classname="com.test.Disposition_masterModule.AllScenarios_Disposition_masterModule" name="Validate_Button__Jump_to_First_Page" time="8.071"/>
  <system-out/>
  <testcase classname="com.test.Disposition_masterModule.AllScenarios_Disposition_masterModule" name="Open_Add_Disposition_Form" time="6.153"/>
  <system-out/>
  <testcase classname="com.test.Disposition_masterModule.AllScenarios_Disposition_masterModule" name="Close_Add_Disposition_Form" time="5.720"/>
  <system-out/>
  <testcase classname="com.test.Disposition_masterModule.AllScenarios_Disposition_masterModule" name="Add_Disposition__Submit_with_All_Fields_Valid" time="14.051"/>
  <system-out/>
  <testcase classname="com.test.Disposition_masterModule.AllScenarios_Disposition_masterModule" name="Test_Disposition_Grid_Visibility" time="9.793"/>
  <system-out/>
  <testcase classname="com.test.Disposition_masterModule.AllScenarios_Disposition_masterModule" name="Action_Owner_Multi_select_Functionality" time="8.383"/>
  <system-out/>
  <testcase classname="com.test.Disposition_masterModule.AllScenarios_Disposition_masterModule" name="Asset_Category_Multi_select_Functionality" time="3.588"/>
  <system-out/>
  <testcase classname="com.test.Disposition_masterModule.AllScenarios_Disposition_masterModule" name="Select_All_Functionality__Action_Owner" time="8.268"/>
  <system-out/>
  <testcase classname="com.test.Disposition_masterModule.AllScenarios_Disposition_masterModule" name="Deselecting_Via_Multi_select__Action_Owner" time="3.213"/>
  <system-out/>
  <testcase classname="com.test.Disposition_masterModule.AllScenarios_Disposition_masterModule" name="Select_All_Functionality__Asset_Category" time="3.387"/>
  <system-out/>
  <testcase classname="com.test.Disposition_masterModule.AllScenarios_Disposition_masterModule" name="Deselecting_Via_Multi_select__Asset_Category" time="3.241"/>
  <system-out/>
  <testcase classname="com.test.Disposition_masterModule.AllScenarios_Disposition_masterModule" name="Verify_Add_Disposition_without_Selection" time="8.229"/>
  <system-out/>
  <testcase classname="com.test.Disposition_masterModule.AllScenarios_Disposition_masterModule" name="Add_Disposition_with_Existing_Name" time="13.524"/>
  <system-out/>
  <testcase classname="com.test.Disposition_masterModule.AllScenarios_Disposition_masterModule" name="Edit_Disposition_Popup_Display" time="10.585"/>
  <system-out/>
  <testcase classname="com.test.Disposition_masterModule.AllScenarios_Disposition_masterModule" name="Update_Without_Changes" time="3.857"/>
  <system-out/>
  <testcase classname="com.test.Disposition_masterModule.AllScenarios_Disposition_masterModule" name="Verify_Add_Disposition_with_Valid_Data" time="13.379"/>
  <system-out/>
  <testcase classname="com.test.Disposition_masterModule.AllScenarios_Disposition_masterModule" name="Change_Name_to_Existing_and_Update" time="21.726"/>
  <system-out/>
  <testcase classname="com.test.Disposition_masterModule.AllScenarios_Disposition_masterModule" name="Edit_and_Verify_Disposition_Changes" time="16.484"/>
  <system-out/>
  <testcase classname="com.test.Disposition_masterModule.AllScenarios_Disposition_masterModule" name="Deactivate_Disposition" time="28.931"/>
  <system-out/>
  <testcase classname="com.test.Disposition_masterModule.AllScenarios_Disposition_masterModule" name="Search_Deactivated_Disposition" time="14.392"/>
  <system-out/>
  <testcase classname="com.test.Disposition_masterModule.AllScenarios_Disposition_masterModule" name="Activate_Deactivated_Disposition" time="22.561"/>
  <system-out/>
  <testcase classname="com.test.Disposition_masterModule.AllScenarios_Disposition_masterModule" name="Search_Active_Disposition" time="13.821"/>
  <system-out/>
  <testcase classname="com.test.Disposition_masterModule.AllScenarios_Disposition_masterModule" name="Verify_Sub_Disposition_Tab_UI_Elements" time="3.381"/>
  <system-out/>
  <testcase classname="com.test.Disposition_masterModule.AllScenarios_Disposition_masterModule" name="Verify_Add_Sub_Disposition_Popup" time="3.482"/>
  <system-out/>
  <testcase classname="com.test.Disposition_masterModule.AllScenarios_Disposition_masterModule" name="Close_Add_Sub_Disposition_Popup" time="3.237"/>
  <system-out/>
  <testcase classname="com.test.Disposition_masterModule.AllScenarios_Disposition_masterModule" name="Add_New_Sub_Disposition" time="18.967"/>
  <system-out/>
  <testcase classname="com.test.Disposition_masterModule.AllScenarios_Disposition_masterModule" name="Add_Duplicate_Sub_Disposition" time="25.502"/>
  <system-out/>
  <testcase classname="com.test.Disposition_masterModule.AllScenarios_Disposition_masterModule" name="Edit_Sub_Disposition_Popup_Display" time="8.403"/>
  <system-out/>
  <testcase classname="com.test.Disposition_masterModule.AllScenarios_Disposition_masterModule" name="Update_Sub_Disposition_Without_Changes" time="7.149"/>
  <system-out/>
  <testcase classname="com.test.Disposition_masterModule.AllScenarios_Disposition_masterModule" name="Update_Sub_Disposition_with_Duplicate_Name" time="72.484"/>
  <system-out/>
  <testcase classname="com.test.Disposition_masterModule.AllScenarios_Disposition_masterModule" name="Deactivate_Sub_Disposition" time="37.365"/>
  <system-out/>
  <testcase classname="com.test.Disposition_masterModule.AllScenarios_Disposition_masterModule" name="Search_Deactivated_Sub_Disposition" time="65.135"/>
  <system-out/>
  <testcase classname="com.test.Disposition_masterModule.AllScenarios_Disposition_masterModule" name="Reactivate_Sub_Disposition" time="23.340"/>
  <system-out/>
  <testcase classname="com.test.Disposition_masterModule.AllScenarios_Disposition_masterModule" name="Search_Active_Sub_Disposition" time="25.611"/>
  <system-out/>
</testsuite> <!-- com.test.Disposition_masterModule.AllScenarios_Disposition_masterModule -->
