<?xml version="1.0" encoding="UTF-8"?>
<!-- Generated by org.testng.reporters.JUnitReportReporter -->
<testsuite hostname="SPCOKLAP-5140" failures="0" tests="8" name="core.AlertsandNotifications.AlertsPlaceholderManagement_TestClass" time="141.722" errors="0" timestamp="2025-03-13T12:55:59 IST" skipped="0">
  <testcase classname="core.AlertsandNotifications.AlertsPlaceholderManagement_TestClass" name="testInsertNewEntryAllValidFields" time="4.199"/>
  <system-out/>
  <testcase classname="core.AlertsandNotifications.AlertsPlaceholderManagement_TestClass" name="Successful_Login" time="87.849"/>
  <system-out/>
  <testcase classname="core.AlertsandNotifications.AlertsPlaceholderManagement_TestClass" name="Access_Alerts_and_Notifications" time="8.227"/>
  <system-out/>
  <testcase classname="core.AlertsandNotifications.AlertsPlaceholderManagement_TestClass" name="Access_Placeholder_Management" time="7.641"/>
  <system-out/>
  <testcase classname="core.AlertsandNotifications.AlertsPlaceholderManagement_TestClass" name="Pagination_Controls_Display" time="8.129"/>
  <system-out/>
  <testcase classname="core.AlertsandNotifications.AlertsPlaceholderManagement_TestClass" name="Paginate_to_Next_Page" time="8.089"/>
  <system-out/>
  <testcase classname="core.AlertsandNotifications.AlertsPlaceholderManagement_TestClass" name="Paginate_to_Previous_Page" time="8.727"/>
  <system-out/>
  <testcase classname="core.AlertsandNotifications.AlertsPlaceholderManagement_TestClass" name="Search_Placeholder" time="8.861"/>
  <system-out/>
</testsuite> <!-- core.AlertsandNotifications.AlertsPlaceholderManagement_TestClass -->
