<?xml version="1.0" encoding="UTF-8"?>
<!-- Generated by org.testng.reporters.JUnitReportReporter -->
<testsuite hostname="SPCOKLAP-5140" failures="0" tests="18" name="core.CollectionAgency.CollectionAgencyAgentAcAllocat_TestClass" time="372.891" errors="0" timestamp="2025-03-14T16:28:54 IST" skipped="0">
  <testcase classname="core.CollectionAgency.CollectionAgencyAgentAcAllocat_TestClass" name="Login_to_core_application_and_navigate_to_agency_account_agency_menu" time="26.293"/>
  <system-out/>
  <testcase classname="core.CollectionAgency.CollectionAgencyAgentAcAllocat_TestClass" name="Truncate_mst_col_agency_acc_allocated_and_delete_data_from_trn_account_followup_where_disposition_date__today" time="4.424"/>
  <system-out/>
  <testcase classname="core.CollectionAgency.CollectionAgencyAgentAcAllocat_TestClass" name="Verify_that_the_Excel_file_is_successfully_downloaded_and_contains_the_details_of_the_chosen_account" time="48.910"/>
  <system-out/>
  <testcase classname="core.CollectionAgency.CollectionAgencyAgentAcAllocat_TestClass" name="Allocating_accounts_to_collection_agency" time="17.110"/>
  <system-out/>
  <testcase classname="core.CollectionAgency.CollectionAgencyAgentAcAllocat_TestClass" name="Login_to_allocated_collection_agency_from_collection_agency_application" time="59.129"/>
  <system-out/>
  <testcase classname="core.CollectionAgency.CollectionAgencyAgentAcAllocat_TestClass" name="verify_agent_account_allocation_page_is_available" time="11.800"/>
  <system-out/>
  <testcase classname="core.CollectionAgency.CollectionAgencyAgentAcAllocat_TestClass" name="Filter_Asset_Category" time="30.913"/>
  <system-out/>
  <testcase classname="core.CollectionAgency.CollectionAgencyAgentAcAllocat_TestClass" name="Reset_Filters" time="13.782"/>
  <system-out/>
  <testcase classname="core.CollectionAgency.CollectionAgencyAgentAcAllocat_TestClass" name="Allocate_Accounts" time="49.606"/>
  <system-out/>
  <testcase classname="core.CollectionAgency.CollectionAgencyAgentAcAllocat_TestClass" name="Verify_Allocated_Accounts" time="28.647"/>
  <system-out/>
  <testcase classname="core.CollectionAgency.CollectionAgencyAgentAcAllocat_TestClass" name="Download_Grid_Data" time="12.063"/>
  <system-out/>
  <testcase classname="core.CollectionAgency.CollectionAgencyAgentAcAllocat_TestClass" name="Deallocate_Accounts" time="13.658"/>
  <system-out/>
  <testcase classname="core.CollectionAgency.CollectionAgencyAgentAcAllocat_TestClass" name="Open_Allocated_List_Popup" time="9.110"/>
  <system-out/>
  <testcase classname="core.CollectionAgency.CollectionAgencyAgentAcAllocat_TestClass" name="Filter_Allocated_List_Action_Date" time="11.106"/>
  <system-out/>
  <testcase classname="core.CollectionAgency.CollectionAgencyAgentAcAllocat_TestClass" name="Reset_Allocated_List_Filters" time="3.269"/>
  <system-out/>
  <testcase classname="core.CollectionAgency.CollectionAgencyAgentAcAllocat_TestClass" name="Download_Allocated_List_Data" time="20.719"/>
  <system-out/>
  <testcase classname="core.CollectionAgency.CollectionAgencyAgentAcAllocat_TestClass" name="Close_Allocated_List_Popup" time="3.225"/>
  <system-out/>
  <testcase classname="core.CollectionAgency.CollectionAgencyAgentAcAllocat_TestClass" name="Close_Main_Page" time="9.127"/>
  <system-out/>
</testsuite> <!-- core.CollectionAgency.CollectionAgencyAgentAcAllocat_TestClass -->
