<?xml version="1.0" encoding="UTF-8"?>
<!-- Generated by org.testng.reporters.JUnitReportReporter -->
<testsuite hostname="SPCOKLAP-5140" failures="0" tests="18" name="core.AlertsandNotifications.AlertsNoticeTypeManagement_TestClass" time="655.224" errors="0" timestamp="2025-04-02T16:03:18 IST" skipped="0">
  <testcase classname="core.AlertsandNotifications.AlertsNoticeTypeManagement_TestClass" name="testSuccessfulLogin" time="125.806"/>
  <system-out/>
  <testcase classname="core.AlertsandNotifications.AlertsNoticeTypeManagement_TestClass" name="testAccessAlertsAndNotifications" time="5.275"/>
  <system-out/>
  <testcase classname="core.AlertsandNotifications.AlertsNoticeTypeManagement_TestClass" name="testAddNewTemplate" time="35.628"/>
  <system-out/>
  <testcase classname="core.AlertsandNotifications.AlertsNoticeTypeManagement_TestClass" name="testCreateTemplateWithValidDetails" time="17.928"/>
  <system-out/>
  <testcase classname="core.AlertsandNotifications.AlertsNoticeTypeManagement_TestClass" name="testCreateTemplateWithMissingDetails" time="22.921"/>
  <system-out/>
  <testcase classname="core.AlertsandNotifications.AlertsNoticeTypeManagement_TestClass" name="testDisplayAddNoticeTypePopUp" time="38.104"/>
  <system-out/>
  <testcase classname="core.AlertsandNotifications.AlertsNoticeTypeManagement_TestClass" name="testSaveValidNoticeType" time="30.525"/>
  <system-out/>
  <testcase classname="core.AlertsandNotifications.AlertsNoticeTypeManagement_TestClass" name="testAttemptSaveWithMissingFields" time="158.847"/>
  <system-out/>
  <testcase classname="core.AlertsandNotifications.AlertsNoticeTypeManagement_TestClass" name="testCancelNoticeTypeCreation" time="53.034"/>
  <system-out/>
  <testcase classname="core.AlertsandNotifications.AlertsNoticeTypeManagement_TestClass" name="testSearchFunctionality" time="42.766"/>
  <system-out/>
  <testcase classname="core.AlertsandNotifications.AlertsNoticeTypeManagement_TestClass" name="testViewPostedNotice" time="28.088"/>
  <system-out/>
  <testcase classname="core.AlertsandNotifications.AlertsNoticeTypeManagement_TestClass" name="testAddNewNotice" time="14.000"/>
  <system-out/>
  <testcase classname="core.AlertsandNotifications.AlertsNoticeTypeManagement_TestClass" name="testAccountNumberFieldBVAValidations" time="1.050"/>
  <system-out/>
  <testcase classname="core.AlertsandNotifications.AlertsNoticeTypeManagement_TestClass" name="testAccountNumberFieldECPValidations" time="0.757"/>
  <system-out/>
  <testcase classname="core.AlertsandNotifications.AlertsNoticeTypeManagement_TestClass" name="testSubmitNoticeWithoutSelectingCategory" time="8.290"/>
  <system-out/>
  <testcase classname="core.AlertsandNotifications.AlertsNoticeTypeManagement_TestClass" name="testPostNewNotice" time="52.280"/>
  <system-out/>
  <testcase classname="core.AlertsandNotifications.AlertsNoticeTypeManagement_TestClass" name="testOpenNoticeAcknowledgementSection" time="7.639"/>
  <system-out/>
  <testcase classname="core.AlertsandNotifications.AlertsNoticeTypeManagement_TestClass" name="testEnterInvalidAccountNumber" time="12.286"/>
  <system-out/>
</testsuite> <!-- core.AlertsandNotifications.AlertsNoticeTypeManagement_TestClass -->
