<?xml version="1.0" encoding="UTF-8"?>
<!-- Generated by org.testng.reporters.JUnitReportReporter -->
<testsuite hostname="SPCOKLAP-5140" failures="0" tests="45" name="com.test.Disposition_masterModule.AllScenarios_Disposition_masterModule" time="761.349" errors="2" timestamp="2024-12-09T22:58:53 IST" skipped="0">
  <testcase classname="com.test.Disposition_masterModule.AllScenarios_Disposition_masterModule" name="Verify_Disposition_Master_Navigation" time="6.706"/>
  <system-out/>
  <testcase classname="com.test.Disposition_masterModule.AllScenarios_Disposition_masterModule" name="Verify_Initial_Load_of_Active_Dispositions" time="33.176"/>
  <system-out/>
  <testcase classname="com.test.Disposition_masterModule.AllScenarios_Disposition_masterModule" name="Action_Owner_Dropdown_Selections" time="3.678"/>
  <system-out/>
  <testcase classname="com.test.Disposition_masterModule.AllScenarios_Disposition_masterModule" name="Verify_Is_Active_Checkbox_Default_State" time="3.119"/>
  <system-out/>
  <testcase classname="com.test.Disposition_masterModule.AllScenarios_Disposition_masterModule" name="Verify_Action_Column_Options" time="3.331"/>
  <system-out/>
  <testcase classname="com.test.Disposition_masterModule.AllScenarios_Disposition_masterModule" name="Verify_Status_Column_Appearance" time="3.257"/>
  <system-out/>
  <testcase classname="com.test.Disposition_masterModule.AllScenarios_Disposition_masterModule" name="Validate_Pagination__Initial_Load" time="3.346"/>
  <system-out/>
  <testcase classname="com.test.Disposition_masterModule.AllScenarios_Disposition_masterModule" name="Validate_Next_Button" time="25.169"/>
  <system-out/>
  <testcase classname="com.test.Disposition_masterModule.AllScenarios_Disposition_masterModule" name="Validate_Previous_Button" time="14.562"/>
  <system-out/>
  <testcase classname="com.test.Disposition_masterModule.AllScenarios_Disposition_masterModule" name="Validate_Button__Jump_to_Last_Page" time="18.206"/>
  <system-out/>
  <testcase classname="com.test.Disposition_masterModule.AllScenarios_Disposition_masterModule" name="Validate_Button__Jump_to_First_Page" time="19.798"/>
  <system-out/>
  <testcase classname="com.test.Disposition_masterModule.AllScenarios_Disposition_masterModule" name="Open_Add_Disposition_Form" time="3.459"/>
  <system-out/>
  <testcase classname="com.test.Disposition_masterModule.AllScenarios_Disposition_masterModule" name="Close_Add_Disposition_Form" time="6.302"/>
  <system-out/>
  <testcase classname="com.test.Disposition_masterModule.AllScenarios_Disposition_masterModule" name="Add_Disposition__Submit_with_All_Fields_Valid" time="66.602">
    <error message="Expected condition failed: waiting for visibility of element located by By.xpath: //div[@class=&#039;rz-growl-item&#039;]//div//span[contains(text(),&#039;Success &#039;)] (tried for 60 second(s) with 500 milliseconds interval)
Build info: version: &#039;4.13.0&#039;, revision: &#039;ba948ece5b*&#039;
System info: os.name: &#039;Windows 11&#039;, os.arch: &#039;amd64&#039;, os.version: &#039;10.0&#039;, java.version: &#039;23.0.1&#039;
Driver info: org.openqa.selenium.chrome.ChromeDriver
Capabilities {acceptInsecureCerts: false, browserName: chrome, browserVersion: 131.0.6778.109, chrome: {chromedriverVersion: 131.0.6778.87 (ce31cae94873..., userDataDir: C:\Users\PINKU~1.PET\AppDat...}, fedcm:accounts: true, goog:chromeOptions: {debuggerAddress: localhost:57807}, networkConnectionEnabled: false, pageLoadStrategy: normal, platformName: windows, proxy: Proxy(), se:cdp: ws://localhost:57807/devtoo..., se:cdpVersion: 131.0.6778.109, setWindowRect: true, strictFileInteractability: false, timeouts: {implicit: 0, pageLoad: 300000, script: 30000}, unhandledPromptBehavior: dismiss and notify, webauthn:extension:credBlob: true, webauthn:extension:largeBlob: true, webauthn:extension:minPinLength: true, webauthn:extension:prf: true, webauthn:virtualAuthenticators: true}
Session ID: 85c645ddb18de1a97a4d9ac6582a64d9" type="org.openqa.selenium.TimeoutException">
      <![CDATA[org.openqa.selenium.TimeoutException: Expected condition failed: waiting for visibility of element located by By.xpath: //div[@class='rz-growl-item']//div//span[contains(text(),'Success ')] (tried for 60 second(s) with 500 milliseconds interval)
Build info: version: '4.13.0', revision: 'ba948ece5b*'
System info: os.name: 'Windows 11', os.arch: 'amd64', os.version: '10.0', java.version: '23.0.1'
Driver info: org.openqa.selenium.chrome.ChromeDriver
Capabilities {acceptInsecureCerts: false, browserName: chrome, browserVersion: 131.0.6778.109, chrome: {chromedriverVersion: 131.0.6778.87 (ce31cae94873..., userDataDir: C:\Users\PINKU~1.PET\AppDat...}, fedcm:accounts: true, goog:chromeOptions: {debuggerAddress: localhost:57807}, networkConnectionEnabled: false, pageLoadStrategy: normal, platformName: windows, proxy: Proxy(), se:cdp: ws://localhost:57807/devtoo..., se:cdpVersion: 131.0.6778.109, setWindowRect: true, strictFileInteractability: false, timeouts: {implicit: 0, pageLoad: 300000, script: 30000}, unhandledPromptBehavior: dismiss and notify, webauthn:extension:credBlob: true, webauthn:extension:largeBlob: true, webauthn:extension:minPinLength: true, webauthn:extension:prf: true, webauthn:virtualAuthenticators: true}
Session ID: 85c645ddb18de1a97a4d9ac6582a64d9
at org.openqa.selenium.support.ui.WebDriverWait.timeoutException(WebDriverWait.java:84)
at org.openqa.selenium.support.ui.FluentWait.until(FluentWait.java:230)
at com.test.Disposition_masterModule.AllScenarios_Disposition_masterModule.Add_Disposition__Submit_with_All_Fields_Valid(AllScenarios_Disposition_masterModule.java:424)
at java.base/jdk.internal.reflect.DirectMethodHandleAccessor.invoke(DirectMethodHandleAccessor.java:103)
at java.base/java.lang.reflect.Method.invoke(Method.java:580)
at org.testng.internal.MethodInvocationHelper.invokeMethod(MethodInvocationHelper.java:133)
at org.testng.internal.TestInvoker.invokeMethod(TestInvoker.java:598)
at org.testng.internal.TestInvoker.invokeTestMethod(TestInvoker.java:173)
at org.testng.internal.MethodRunner.runInSequence(MethodRunner.java:46)
at org.testng.internal.TestInvoker$MethodInvocationAgent.invoke(TestInvoker.java:824)
at org.testng.internal.TestInvoker.invokeTestMethods(TestInvoker.java:146)
at org.testng.internal.TestMethodWorker.invokeTestMethods(TestMethodWorker.java:146)
at org.testng.internal.TestMethodWorker.run(TestMethodWorker.java:128)
at java.base/java.util.ArrayList.forEach(ArrayList.java:1597)
at org.testng.TestRunner.privateRun(TestRunner.java:794)
at org.testng.TestRunner.run(TestRunner.java:596)
at org.testng.SuiteRunner.runTest(SuiteRunner.java:377)
at org.testng.SuiteRunner.runSequentially(SuiteRunner.java:371)
at org.testng.SuiteRunner.privateRun(SuiteRunner.java:332)
at org.testng.SuiteRunner.run(SuiteRunner.java:276)
at org.testng.SuiteRunnerWorker.runSuite(SuiteRunnerWorker.java:53)
at org.testng.SuiteRunnerWorker.run(SuiteRunnerWorker.java:96)
at org.testng.TestNG.runSuitesSequentially(TestNG.java:1212)
at org.testng.TestNG.runSuitesLocally(TestNG.java:1134)
at org.testng.TestNG.runSuites(TestNG.java:1063)
at org.testng.TestNG.run(TestNG.java:1031)
at org.testng.remote.AbstractRemoteTestNG.run(AbstractRemoteTestNG.java:115)
at org.testng.remote.RemoteTestNG.initAndRun(RemoteTestNG.java:293)
at org.testng.remote.RemoteTestNG.main(RemoteTestNG.java:91)
]]>
    </error>
  </testcase> <!-- Add_Disposition__Submit_with_All_Fields_Valid -->
  <system-out/>
  <testcase classname="com.test.Disposition_masterModule.AllScenarios_Disposition_masterModule" name="Test_Disposition_Grid_Visibility" time="3.286"/>
  <system-out/>
  <testcase classname="com.test.Disposition_masterModule.AllScenarios_Disposition_masterModule" name="Action_Owner_Multi_select_Functionality" time="8.541"/>
  <system-out/>
  <testcase classname="com.test.Disposition_masterModule.AllScenarios_Disposition_masterModule" name="Asset_Category_Multi_select_Functionality" time="3.475"/>
  <system-out/>
  <testcase classname="com.test.Disposition_masterModule.AllScenarios_Disposition_masterModule" name="Select_All_Functionality__Action_Owner" time="9.561"/>
  <system-out/>
  <testcase classname="com.test.Disposition_masterModule.AllScenarios_Disposition_masterModule" name="Deselecting_Via_Multi_select__Action_Owner" time="3.203"/>
  <system-out/>
  <testcase classname="com.test.Disposition_masterModule.AllScenarios_Disposition_masterModule" name="Select_All_Functionality__Asset_Category" time="3.409"/>
  <system-out/>
  <testcase classname="com.test.Disposition_masterModule.AllScenarios_Disposition_masterModule" name="Deselecting_Via_Multi_select__Asset_Category" time="3.252"/>
  <system-out/>
  <testcase classname="com.test.Disposition_masterModule.AllScenarios_Disposition_masterModule" name="Verify_Add_Disposition_without_Selection" time="8.922"/>
  <system-out/>
  <testcase classname="com.test.Disposition_masterModule.AllScenarios_Disposition_masterModule" name="Add_Disposition_with_Existing_Name" time="14.671"/>
  <system-out/>
  <testcase classname="com.test.Disposition_masterModule.AllScenarios_Disposition_masterModule" name="Edit_Disposition_Popup_Display" time="12.931"/>
  <system-out/>
  <testcase classname="com.test.Disposition_masterModule.AllScenarios_Disposition_masterModule" name="Update_Without_Changes" time="11.098"/>
  <system-out/>
  <testcase classname="com.test.Disposition_masterModule.AllScenarios_Disposition_masterModule" name="Verify_Add_Disposition_with_Valid_Data" time="77.467">
    <error message="Expected condition failed: waiting for visibility of element located by By.xpath: //div[@class=&#039;rz-growl-item&#039;]//div//span[contains(text(),&#039;Success &#039;)]//following::p (tried for 60 second(s) with 500 milliseconds interval)
Build info: version: &#039;4.13.0&#039;, revision: &#039;ba948ece5b*&#039;
System info: os.name: &#039;Windows 11&#039;, os.arch: &#039;amd64&#039;, os.version: &#039;10.0&#039;, java.version: &#039;23.0.1&#039;
Driver info: org.openqa.selenium.chrome.ChromeDriver
Capabilities {acceptInsecureCerts: false, browserName: chrome, browserVersion: 131.0.6778.109, chrome: {chromedriverVersion: 131.0.6778.87 (ce31cae94873..., userDataDir: C:\Users\PINKU~1.PET\AppDat...}, fedcm:accounts: true, goog:chromeOptions: {debuggerAddress: localhost:57807}, networkConnectionEnabled: false, pageLoadStrategy: normal, platformName: windows, proxy: Proxy(), se:cdp: ws://localhost:57807/devtoo..., se:cdpVersion: 131.0.6778.109, setWindowRect: true, strictFileInteractability: false, timeouts: {implicit: 0, pageLoad: 300000, script: 30000}, unhandledPromptBehavior: dismiss and notify, webauthn:extension:credBlob: true, webauthn:extension:largeBlob: true, webauthn:extension:minPinLength: true, webauthn:extension:prf: true, webauthn:virtualAuthenticators: true}
Session ID: 85c645ddb18de1a97a4d9ac6582a64d9" type="org.openqa.selenium.TimeoutException">
      <![CDATA[org.openqa.selenium.TimeoutException: Expected condition failed: waiting for visibility of element located by By.xpath: //div[@class='rz-growl-item']//div//span[contains(text(),'Success ')]//following::p (tried for 60 second(s) with 500 milliseconds interval)
Build info: version: '4.13.0', revision: 'ba948ece5b*'
System info: os.name: 'Windows 11', os.arch: 'amd64', os.version: '10.0', java.version: '23.0.1'
Driver info: org.openqa.selenium.chrome.ChromeDriver
Capabilities {acceptInsecureCerts: false, browserName: chrome, browserVersion: 131.0.6778.109, chrome: {chromedriverVersion: 131.0.6778.87 (ce31cae94873..., userDataDir: C:\Users\PINKU~1.PET\AppDat...}, fedcm:accounts: true, goog:chromeOptions: {debuggerAddress: localhost:57807}, networkConnectionEnabled: false, pageLoadStrategy: normal, platformName: windows, proxy: Proxy(), se:cdp: ws://localhost:57807/devtoo..., se:cdpVersion: 131.0.6778.109, setWindowRect: true, strictFileInteractability: false, timeouts: {implicit: 0, pageLoad: 300000, script: 30000}, unhandledPromptBehavior: dismiss and notify, webauthn:extension:credBlob: true, webauthn:extension:largeBlob: true, webauthn:extension:minPinLength: true, webauthn:extension:prf: true, webauthn:virtualAuthenticators: true}
Session ID: 85c645ddb18de1a97a4d9ac6582a64d9
at org.openqa.selenium.support.ui.WebDriverWait.timeoutException(WebDriverWait.java:84)
at org.openqa.selenium.support.ui.FluentWait.until(FluentWait.java:230)
at com.testautomation.pages.DispositionMasterPage.SuccessMessageDisplayed(DispositionMasterPage.java:563)
at com.test.Disposition_masterModule.AllScenarios_Disposition_masterModule.Verify_Add_Disposition_with_Valid_Data(AllScenarios_Disposition_masterModule.java:747)
at java.base/jdk.internal.reflect.DirectMethodHandleAccessor.invoke(DirectMethodHandleAccessor.java:103)
at java.base/java.lang.reflect.Method.invoke(Method.java:580)
at org.testng.internal.MethodInvocationHelper.invokeMethod(MethodInvocationHelper.java:133)
at org.testng.internal.TestInvoker.invokeMethod(TestInvoker.java:598)
at org.testng.internal.TestInvoker.invokeTestMethod(TestInvoker.java:173)
at org.testng.internal.MethodRunner.runInSequence(MethodRunner.java:46)
at org.testng.internal.TestInvoker$MethodInvocationAgent.invoke(TestInvoker.java:824)
at org.testng.internal.TestInvoker.invokeTestMethods(TestInvoker.java:146)
at org.testng.internal.TestMethodWorker.invokeTestMethods(TestMethodWorker.java:146)
at org.testng.internal.TestMethodWorker.run(TestMethodWorker.java:128)
at java.base/java.util.ArrayList.forEach(ArrayList.java:1597)
at org.testng.TestRunner.privateRun(TestRunner.java:794)
at org.testng.TestRunner.run(TestRunner.java:596)
at org.testng.SuiteRunner.runTest(SuiteRunner.java:377)
at org.testng.SuiteRunner.runSequentially(SuiteRunner.java:371)
at org.testng.SuiteRunner.privateRun(SuiteRunner.java:332)
at org.testng.SuiteRunner.run(SuiteRunner.java:276)
at org.testng.SuiteRunnerWorker.runSuite(SuiteRunnerWorker.java:53)
at org.testng.SuiteRunnerWorker.run(SuiteRunnerWorker.java:96)
at org.testng.TestNG.runSuitesSequentially(TestNG.java:1212)
at org.testng.TestNG.runSuitesLocally(TestNG.java:1134)
at org.testng.TestNG.runSuites(TestNG.java:1063)
at org.testng.TestNG.run(TestNG.java:1031)
at org.testng.remote.AbstractRemoteTestNG.run(AbstractRemoteTestNG.java:115)
at org.testng.remote.RemoteTestNG.initAndRun(RemoteTestNG.java:293)
at org.testng.remote.RemoteTestNG.main(RemoteTestNG.java:91)
]]>
    </error>
  </testcase> <!-- Verify_Add_Disposition_with_Valid_Data -->
  <system-out/>
  <testcase classname="com.test.Disposition_masterModule.AllScenarios_Disposition_masterModule" name="Change_Name_to_Existing_and_Update" time="14.867"/>
  <system-out/>
  <testcase classname="com.test.Disposition_masterModule.AllScenarios_Disposition_masterModule" name="Edit_and_Verify_Disposition_Changes" time="18.899"/>
  <system-out/>
  <testcase classname="com.test.Disposition_masterModule.AllScenarios_Disposition_masterModule" name="Deactivate_Disposition" time="35.161"/>
  <system-out/>
  <testcase classname="com.test.Disposition_masterModule.AllScenarios_Disposition_masterModule" name="Search_Deactivated_Disposition" time="15.290"/>
  <system-out/>
  <testcase classname="com.test.Disposition_masterModule.AllScenarios_Disposition_masterModule" name="Activate_Deactivated_Disposition" time="24.931"/>
  <system-out/>
  <testcase classname="com.test.Disposition_masterModule.AllScenarios_Disposition_masterModule" name="Search_Active_Disposition" time="16.436"/>
  <system-out/>
  <testcase classname="com.test.Disposition_masterModule.AllScenarios_Disposition_masterModule" name="Verify_Sub_Disposition_Tab_UI_Elements" time="3.414"/>
  <system-out/>
  <testcase classname="com.test.Disposition_masterModule.AllScenarios_Disposition_masterModule" name="Verify_Add_Sub_Disposition_Popup" time="3.456"/>
  <system-out/>
  <testcase classname="com.test.Disposition_masterModule.AllScenarios_Disposition_masterModule" name="Close_Add_Sub_Disposition_Popup" time="3.311"/>
  <system-out/>
  <testcase classname="com.test.Disposition_masterModule.AllScenarios_Disposition_masterModule" name="Add_New_Sub_Disposition" time="21.886"/>
  <system-out/>
  <testcase classname="com.test.Disposition_masterModule.AllScenarios_Disposition_masterModule" name="Add_Duplicate_Sub_Disposition" time="29.668"/>
  <system-out/>
  <testcase classname="com.test.Disposition_masterModule.AllScenarios_Disposition_masterModule" name="Edit_Sub_Disposition_Popup_Display" time="10.823"/>
  <system-out/>
  <testcase classname="com.test.Disposition_masterModule.AllScenarios_Disposition_masterModule" name="Update_Sub_Disposition_Without_Changes" time="15.868"/>
  <system-out/>
  <testcase classname="com.test.Disposition_masterModule.AllScenarios_Disposition_masterModule" name="Update_Sub_Disposition_with_Duplicate_Name" time="32.450"/>
  <system-out/>
  <testcase classname="com.test.Disposition_masterModule.AllScenarios_Disposition_masterModule" name="Update_Sub_Disposition_Successfully" time="21.685"/>
  <system-out/>
  <testcase classname="com.test.Disposition_masterModule.AllScenarios_Disposition_masterModule" name="Deactivate_Sub_Disposition" time="36.088"/>
  <system-out/>
  <testcase classname="com.test.Disposition_masterModule.AllScenarios_Disposition_masterModule" name="Search_Deactivated_Sub_Disposition" time="24.255"/>
  <system-out/>
  <testcase classname="com.test.Disposition_masterModule.AllScenarios_Disposition_masterModule" name="Reactivate_Sub_Disposition" time="32.960"/>
  <system-out/>
  <testcase classname="com.test.Disposition_masterModule.AllScenarios_Disposition_masterModule" name="Search_Active_Sub_Disposition" time="29.374"/>
  <system-out/>
</testsuite> <!-- com.test.Disposition_masterModule.AllScenarios_Disposition_masterModule -->
