<?xml version="1.0" encoding="UTF-8"?>
<!-- Generated by org.testng.reporters.JUnitReportReporter -->
<testsuite hostname="SPCOKLAP-5140" failures="0" tests="14" name="com.test.Updation_of_DispositionModule.AllScenarios_Updation_of_DispositionModule" time="359.995" errors="0" timestamp="2024-12-15T21:22:28 IST" skipped="0">
  <testcase classname="com.test.Updation_of_DispositionModule.AllScenarios_Updation_of_DispositionModule" name="Open_Updation_of_Disposition_Screen" time="4.782"/>
  <system-out/>
  <testcase classname="com.test.Updation_of_DispositionModule.AllScenarios_Updation_of_DispositionModule" name="Account_Number_Field__ECP_Validations" time="3.259"/>
  <system-out/>
  <testcase classname="com.test.Updation_of_DispositionModule.AllScenarios_Updation_of_DispositionModule" name="Attempt_to_Enter_More_than_25_Characters" time="3.170"/>
  <system-out/>
  <testcase classname="com.test.Updation_of_DispositionModule.AllScenarios_Updation_of_DispositionModule" name="Enter_Invalid_Account_Number_and_Search" time="45.011"/>
  <system-out/>
  <testcase classname="com.test.Updation_of_DispositionModule.AllScenarios_Updation_of_DispositionModule" name="Search_with_Empty_Account_Number_Field" time="28.306"/>
  <system-out/>
  <testcase classname="com.test.Updation_of_DispositionModule.AllScenarios_Updation_of_DispositionModule" name="Enter_invalid_Account_Number_which_is_user_not_assigned_branches_and_Search" time="63.328"/>
  <system-out/>
  <testcase classname="com.test.Updation_of_DispositionModule.AllScenarios_Updation_of_DispositionModule" name="Enter_Valid_Account_Number_and_Search" time="48.391"/>
  <system-out/>
  <testcase classname="com.test.Updation_of_DispositionModule.AllScenarios_Updation_of_DispositionModule" name="Add_New_Interaction_Details__All_Fields_Missing_Validation" time="5.357"/>
  <system-out/>
  <testcase classname="com.test.Updation_of_DispositionModule.AllScenarios_Updation_of_DispositionModule" name="Add_New_Interaction_Details__Disposition_Missing_Validation" time="5.784"/>
  <system-out/>
  <testcase classname="com.test.Updation_of_DispositionModule.AllScenarios_Updation_of_DispositionModule" name="Add_New_Interaction_Details__Sub_Disposition_Missing_Validation" time="15.170"/>
  <system-out/>
  <testcase classname="com.test.Updation_of_DispositionModule.AllScenarios_Updation_of_DispositionModule" name="Add_New_Interaction_Details__NextAction_Date_Missing_Validation" time="6.045"/>
  <system-out/>
  <testcase classname="com.test.Updation_of_DispositionModule.AllScenarios_Updation_of_DispositionModule" name="Add_New_Interaction_Details__Remark_Missing_Validation" time="40.605"/>
  <system-out/>
  <testcase classname="com.test.Updation_of_DispositionModule.AllScenarios_Updation_of_DispositionModule" name="Add_New_Interaction_Details__Successful_Form_Submission" time="42.180"/>
  <system-out/>
  <testcase classname="com.test.Updation_of_DispositionModule.AllScenarios_Updation_of_DispositionModule" name="Verify_successfully_saved_interaction_in_history_of_interaction_details_section" time="48.607"/>
  <system-out/>
</testsuite> <!-- com.test.Updation_of_DispositionModule.AllScenarios_Updation_of_DispositionModule -->
