<?xml version="1.0" encoding="UTF-8"?>
<!-- Generated by org.testng.reporters.JUnitReportReporter -->
<testsuite hostname="SPCOKLAP-5140" failures="0" tests="5" name="com.test.CoreManualAllocation_Module.AllScenarios_CoreManualAllocationModule" time="111.364" errors="0" timestamp="2025-01-23T19:21:23 IST" skipped="0">
  <testcase classname="com.test.CoreManualAllocation_Module.AllScenarios_CoreManualAllocationModule" name="Login_and_Navigation_to_Manual_Allocation_Core_Application" time="92.111"/>
  <system-out/>
  <testcase classname="com.test.CoreManualAllocation_Module.AllScenarios_CoreManualAllocationModule" name="testMandatoryFieldValidations" time="6.311"/>
  <system-out/>
  <testcase classname="com.test.CoreManualAllocation_Module.AllScenarios_CoreManualAllocationModule" name="testAssetCategorySelections" time="11.024"/>
  <system-out/>
  <testcase classname="com.test.CoreManualAllocation_Module.AllScenarios_CoreManualAllocationModule" name="testSmaCategoryDropdownSelections" time="1.249"/>
  <system-out/>
  <testcase classname="com.test.CoreManualAllocation_Module.AllScenarios_CoreManualAllocationModule" name="testNpaCategoryDropdownSelection" time="0.669"/>
  <system-out/>
</testsuite> <!-- com.test.CoreManualAllocation_Module.AllScenarios_CoreManualAllocationModule -->
