<?xml version="1.0" encoding="UTF-8"?>
<!-- Generated by org.testng.reporters.JUnitReportReporter -->
<testsuite hostname="SPCOKLAP-5140" failures="0" tests="36" name="com.test.CoreAutoAllocation_Module.AllScenarios_CoreAutoAllocationModule" time="511.609" errors="0" timestamp="2025-01-22T18:23:53 IST" skipped="0">
  <testcase classname="com.test.CoreAutoAllocation_Module.AllScenarios_CoreAutoAllocationModule" name="Login_to_call_centre_application_and_take_account_filtration_page" time="7.757"/>
  <system-out/>
  <testcase classname="com.test.CoreAutoAllocation_Module.AllScenarios_CoreAutoAllocationModule" name="Allocated_To_dropdown_mandatory_checking" time="8.940"/>
  <system-out/>
  <testcase classname="com.test.CoreAutoAllocation_Module.AllScenarios_CoreAutoAllocationModule" name="Asset_category_dropdown_mandatory_checking" time="8.893"/>
  <system-out/>
  <testcase classname="com.test.CoreAutoAllocation_Module.AllScenarios_CoreAutoAllocationModule" name="Select_SMA_and_NPA_Categories" time="12.939"/>
  <system-out/>
  <testcase classname="com.test.CoreAutoAllocation_Module.AllScenarios_CoreAutoAllocationModule" name="SMA_Category_Selection" time="3.569"/>
  <system-out/>
  <testcase classname="com.test.CoreAutoAllocation_Module.AllScenarios_CoreAutoAllocationModule" name="NPA_Category_Selection" time="3.601"/>
  <system-out/>
  <testcase classname="com.test.CoreAutoAllocation_Module.AllScenarios_CoreAutoAllocationModule" name="Allocation_Type_Selection__Auto" time="4.337"/>
  <system-out/>
  <testcase classname="com.test.CoreAutoAllocation_Module.AllScenarios_CoreAutoAllocationModule" name="Perform_Search_with_Valid_Data" time="17.494"/>
  <system-out/>
  <testcase classname="com.test.CoreAutoAllocation_Module.AllScenarios_CoreAutoAllocationModule" name="Login_to_beacon_fcm_core_application_Verify_Auto_Allocation_Page_Load" time="81.425"/>
  <system-out/>
  <testcase classname="com.test.CoreAutoAllocation_Module.AllScenarios_CoreAutoAllocationModule" name="Verify_Fields_and_Buttons_on_Auto_Allocation_Page" time="3.642"/>
  <system-out/>
  <testcase classname="com.test.CoreAutoAllocation_Module.AllScenarios_CoreAutoAllocationModule" name="Enter_Allocation_Name_with_Alphabets" time="9.513"/>
  <system-out/>
  <testcase classname="com.test.CoreAutoAllocation_Module.AllScenarios_CoreAutoAllocationModule" name="Select_effect_Date_from_Date_Picker" time="3.421"/>
  <system-out/>
  <testcase classname="com.test.CoreAutoAllocation_Module.AllScenarios_CoreAutoAllocationModule" name="Select_NPA_and_SMA_Category_Checkbox" time="49.924"/>
  <system-out/>
  <testcase classname="com.test.CoreAutoAllocation_Module.AllScenarios_CoreAutoAllocationModule" name="Select_Zone_from_Dropdown" time="8.399"/>
  <system-out/>
  <testcase classname="com.test.CoreAutoAllocation_Module.AllScenarios_CoreAutoAllocationModule" name="Select_Processing_Interval_from_Dropdown" time="8.451"/>
  <system-out/>
  <testcase classname="com.test.CoreAutoAllocation_Module.AllScenarios_CoreAutoAllocationModule" name="Select_To_Dropdown" time="8.484"/>
  <system-out/>
  <testcase classname="com.test.CoreAutoAllocation_Module.AllScenarios_CoreAutoAllocationModule" name="Add_New_Allocation_Name" time="8.805"/>
  <system-out/>
  <testcase classname="com.test.CoreAutoAllocation_Module.AllScenarios_CoreAutoAllocationModule" name="Verify_Allocation_Name_Status_After_Creation" time="4.134"/>
  <system-out/>
  <testcase classname="com.test.CoreAutoAllocation_Module.AllScenarios_CoreAutoAllocationModule" name="Deactivate_Allocation_Name" time="24.103"/>
  <system-out/>
  <testcase classname="com.test.CoreAutoAllocation_Module.AllScenarios_CoreAutoAllocationModule" name="Reactivate_Allocation_Name" time="21.247"/>
  <system-out/>
  <testcase classname="com.test.CoreAutoAllocation_Module.AllScenarios_CoreAutoAllocationModule" name="Run_Database_Package_and_Verify_Accounts_Insertion" time="62.115"/>
  <system-out/>
  <testcase classname="com.test.CoreAutoAllocation_Module.AllScenarios_CoreAutoAllocationModule" name="Login_to_call_centre_application_and_take_account_filtration_pages" time="56.857"/>
  <system-out/>
  <testcase classname="com.test.CoreAutoAllocation_Module.AllScenarios_CoreAutoAllocationModule" name="Select_SMA_and_NPA_Categorie" time="13.336"/>
  <system-out/>
  <testcase classname="com.test.CoreAutoAllocation_Module.AllScenarios_CoreAutoAllocationModule" name="SMA_Category_Selections" time="3.598"/>
  <system-out/>
  <testcase classname="com.test.CoreAutoAllocation_Module.AllScenarios_CoreAutoAllocationModule" name="NPA_Category_Selections" time="4.233"/>
  <system-out/>
  <testcase classname="com.test.CoreAutoAllocation_Module.AllScenarios_CoreAutoAllocationModule" name="Allocation_Type_Selections__Auto" time="4.198"/>
  <system-out/>
  <testcase classname="com.test.CoreAutoAllocation_Module.AllScenarios_CoreAutoAllocationModule" name="Allocated_To_Selection__Call_Centre" time="3.704"/>
  <system-out/>
  <testcase classname="com.test.CoreAutoAllocation_Module.AllScenarios_CoreAutoAllocationModule" name="Perform_Search_with_Valid_Datas" time="10.297"/>
  <system-out/>
  <testcase classname="com.test.CoreAutoAllocation_Module.AllScenarios_CoreAutoAllocationModule" name="Verify_Total_Account_and_Amount_in_Grid" time="3.080"/>
  <system-out/>
  <testcase classname="com.test.CoreAutoAllocation_Module.AllScenarios_CoreAutoAllocationModule" name="Download_File__List_of_Accounts" time="8.130"/>
  <system-out/>
  <testcase classname="com.test.CoreAutoAllocation_Module.AllScenarios_CoreAutoAllocationModule" name="Verify_Downloaded_File" time="3.170"/>
  <system-out/>
  <testcase classname="com.test.CoreAutoAllocation_Module.AllScenarios_CoreAutoAllocationModule" name="Download_Dialer_File" time="8.605"/>
  <system-out/>
  <testcase classname="com.test.CoreAutoAllocation_Module.AllScenarios_CoreAutoAllocationModule" name="Verify_Dialer_Downloaded_File" time="3.071"/>
  <system-out/>
  <testcase classname="com.test.CoreAutoAllocation_Module.AllScenarios_CoreAutoAllocationModule" name="Download_Invalid_MobileNo_Excel_File" time="13.961"/>
  <system-out/>
  <testcase classname="com.test.CoreAutoAllocation_Module.AllScenarios_CoreAutoAllocationModule" name="Verify_Invalid_Mobile_Number_Downloaded_File" time="3.085"/>
  <system-out/>
  <testcase classname="com.test.CoreAutoAllocation_Module.AllScenarios_CoreAutoAllocationModule" name="Verify_Download_History" time="11.091"/>
  <system-out/>
</testsuite> <!-- com.test.CoreAutoAllocation_Module.AllScenarios_CoreAutoAllocationModule -->
