<?xml version="1.0" encoding="UTF-8"?>
<!-- Generated by org.testng.reporters.JUnitReportReporter -->
<testsuite hostname="SPCOKLAP-5140" failures="0" tests="4" name="core.SummaryReports.BankRegularizationSummary_TestClass" time="118.881" errors="0" timestamp="2025-04-17T17:37:42 IST" skipped="0">
  <testcase classname="core.SummaryReports.BankRegularizationSummary_TestClass" name="testNavigateToBankRegularizationSummary" time="101.874"/>
  <system-out/>
  <testcase classname="core.SummaryReports.BankRegularizationSummary_TestClass" name="testInsertTrnAcMovement" time="0.630"/>
  <system-out/>
  <testcase classname="core.SummaryReports.BankRegularizationSummary_TestClass" name="validateDataExecutionForBankRegularizationSummary" time="1.383"/>
  <system-out/>
  <testcase classname="core.SummaryReports.BankRegularizationSummary_TestClass" name="testValidateBankSummaryData" time="14.994"/>
  <system-out/>
</testsuite> <!-- core.SummaryReports.BankRegularizationSummary_TestClass -->
