<?xml version="1.0" encoding="UTF-8"?>
<!-- Generated by org.testng.reporters.JUnitReportReporter -->
<testsuite hostname="SPCOKLAP-5140" failures="0" tests="18" name="CollectionAgencyAgentAcAllocat_Module.AllScenarios_CollectionAgencyAgentAcAllocat_Module" time="394.924" errors="0" timestamp="2025-03-03T11:46:22 IST" skipped="0">
  <testcase classname="CollectionAgencyAgentAcAllocat_Module.AllScenarios_CollectionAgencyAgentAcAllocat_Module" name="Login_to_core_application_and_navigate_to_agency_account_agency_menu" time="45.901"/>
  <system-out/>
  <testcase classname="CollectionAgencyAgentAcAllocat_Module.AllScenarios_CollectionAgencyAgentAcAllocat_Module" name="Truncate_mst_col_agency_acc_allocated_and_delete_data_from_trn_account_followup_where_disposition_date__today" time="4.229"/>
  <system-out/>
  <testcase classname="CollectionAgencyAgentAcAllocat_Module.AllScenarios_CollectionAgencyAgentAcAllocat_Module" name="Verify_that_the_Excel_file_is_successfully_downloaded_and_contains_the_details_of_the_chosen_account" time="47.947"/>
  <system-out/>
  <testcase classname="CollectionAgencyAgentAcAllocat_Module.AllScenarios_CollectionAgencyAgentAcAllocat_Module" name="Allocating_accounts_to_collection_agency" time="28.655"/>
  <system-out/>
  <testcase classname="CollectionAgencyAgentAcAllocat_Module.AllScenarios_CollectionAgencyAgentAcAllocat_Module" name="Login_to_allocated_collection_agency_from_collection_agency_application" time="61.736"/>
  <system-out/>
  <testcase classname="CollectionAgencyAgentAcAllocat_Module.AllScenarios_CollectionAgencyAgentAcAllocat_Module" name="verify_agent_account_allocation_page_is_available" time="11.294"/>
  <system-out/>
  <testcase classname="CollectionAgencyAgentAcAllocat_Module.AllScenarios_CollectionAgencyAgentAcAllocat_Module" name="Filter_Asset_Category" time="30.697"/>
  <system-out/>
  <testcase classname="CollectionAgencyAgentAcAllocat_Module.AllScenarios_CollectionAgencyAgentAcAllocat_Module" name="Reset_Filters" time="13.658"/>
  <system-out/>
  <testcase classname="CollectionAgencyAgentAcAllocat_Module.AllScenarios_CollectionAgencyAgentAcAllocat_Module" name="Allocate_Accounts" time="40.279"/>
  <system-out/>
  <testcase classname="CollectionAgencyAgentAcAllocat_Module.AllScenarios_CollectionAgencyAgentAcAllocat_Module" name="Verify_Allocated_Accounts" time="27.844"/>
  <system-out/>
  <testcase classname="CollectionAgencyAgentAcAllocat_Module.AllScenarios_CollectionAgencyAgentAcAllocat_Module" name="Download_Grid_Data" time="13.764"/>
  <system-out/>
  <testcase classname="CollectionAgencyAgentAcAllocat_Module.AllScenarios_CollectionAgencyAgentAcAllocat_Module" name="Deallocate_Accounts" time="17.121"/>
  <system-out/>
  <testcase classname="CollectionAgencyAgentAcAllocat_Module.AllScenarios_CollectionAgencyAgentAcAllocat_Module" name="Open_Allocated_List_Popup" time="8.882"/>
  <system-out/>
  <testcase classname="CollectionAgencyAgentAcAllocat_Module.AllScenarios_CollectionAgencyAgentAcAllocat_Module" name="Filter_Allocated_List_Action_Date" time="9.584"/>
  <system-out/>
  <testcase classname="CollectionAgencyAgentAcAllocat_Module.AllScenarios_CollectionAgencyAgentAcAllocat_Module" name="Reset_Allocated_List_Filters" time="3.301"/>
  <system-out/>
  <testcase classname="CollectionAgencyAgentAcAllocat_Module.AllScenarios_CollectionAgencyAgentAcAllocat_Module" name="Download_Allocated_List_Data" time="19.172"/>
  <system-out/>
  <testcase classname="CollectionAgencyAgentAcAllocat_Module.AllScenarios_CollectionAgencyAgentAcAllocat_Module" name="Close_Allocated_List_Popup" time="3.282"/>
  <system-out/>
  <testcase classname="CollectionAgencyAgentAcAllocat_Module.AllScenarios_CollectionAgencyAgentAcAllocat_Module" name="Close_Main_Page" time="7.578"/>
  <system-out/>
</testsuite> <!-- CollectionAgencyAgentAcAllocat_Module.AllScenarios_CollectionAgencyAgentAcAllocat_Module -->
