<?xml version="1.0" encoding="UTF-8"?>
<!-- Generated by org.testng.reporters.JUnitReportReporter -->
<testsuite hostname="SPCOKLAP-5140" failures="0" tests="54" name="com.test.CoreManualAllocation_Module.AllScenarios_CoreManualAllocationModule" time="695.936" errors="0" timestamp="2025-01-31T20:40:36 IST" skipped="0">
  <testcase classname="com.test.CoreManualAllocation_Module.AllScenarios_CoreManualAllocationModule" name="Login_to_call_centre_application_and_take_account_filtration_page" time="10.008"/>
  <system-out/>
  <testcase classname="com.test.CoreManualAllocation_Module.AllScenarios_CoreManualAllocationModule" name="Allocated_To_dropdown_mandatory_checking" time="8.761"/>
  <system-out/>
  <testcase classname="com.test.CoreManualAllocation_Module.AllScenarios_CoreManualAllocationModule" name="Asset_category_dropdown_mandatory_checking" time="9.172"/>
  <system-out/>
  <testcase classname="com.test.CoreManualAllocation_Module.AllScenarios_CoreManualAllocationModule" name="Select_SMA_and_NPA_Categories" time="13.268"/>
  <system-out/>
  <testcase classname="com.test.CoreManualAllocation_Module.AllScenarios_CoreManualAllocationModule" name="SMA_Category_Selection" time="3.727"/>
  <system-out/>
  <testcase classname="com.test.CoreManualAllocation_Module.AllScenarios_CoreManualAllocationModule" name="NPA_Category_Selection_" time="3.631"/>
  <system-out/>
  <testcase classname="com.test.CoreManualAllocation_Module.AllScenarios_CoreManualAllocationModule" name="Allocation_Type_Selection_Manual_allocation" time="4.269"/>
  <system-out/>
  <testcase classname="com.test.CoreManualAllocation_Module.AllScenarios_CoreManualAllocationModule" name="Perform_Search_with_Valid_Data" time="11.146"/>
  <system-out/>
  <testcase classname="com.test.CoreManualAllocation_Module.AllScenarios_CoreManualAllocationModule" name="Login_and_Navigation_to_Manual_Allocation" time="89.626"/>
  <system-out/>
  <testcase classname="com.test.CoreManualAllocation_Module.AllScenarios_CoreManualAllocationModule" name="Verify_Fields_and_Buttons_on_Manual_Allocation_Page" time="4.807"/>
  <system-out/>
  <testcase classname="com.test.CoreManualAllocation_Module.AllScenarios_CoreManualAllocationModule" name="Mandatory_Field_Validation_for_Asset_Category" time="8.153"/>
  <system-out/>
  <testcase classname="com.test.CoreManualAllocation_Module.AllScenarios_CoreManualAllocationModule" name="Asset_Category_SMA_and_NPA_Selection" time="14.308"/>
  <system-out/>
  <testcase classname="com.test.CoreManualAllocation_Module.AllScenarios_CoreManualAllocationModule" name="SMA_Category_Dropdown_Selection" time="4.274"/>
  <system-out/>
  <testcase classname="com.test.CoreManualAllocation_Module.AllScenarios_CoreManualAllocationModule" name="NPA_Category_Dropdown_Selection" time="3.313"/>
  <system-out/>
  <testcase classname="com.test.CoreManualAllocation_Module.AllScenarios_CoreManualAllocationModule" name="OS_Balance_Field_Validation" time="3.651"/>
  <system-out/>
  <testcase classname="com.test.CoreManualAllocation_Module.AllScenarios_CoreManualAllocationModule" name="To_Field_Dropdown_Selection" time="3.402"/>
  <system-out/>
  <testcase classname="com.test.CoreManualAllocation_Module.AllScenarios_CoreManualAllocationModule" name="Search_with_Mandatory_Fields" time="14.257"/>
  <system-out/>
  <testcase classname="com.test.CoreManualAllocation_Module.AllScenarios_CoreManualAllocationModule" name="Download_Excel_Functionality" time="11.367"/>
  <system-out/>
  <testcase classname="com.test.CoreManualAllocation_Module.AllScenarios_CoreManualAllocationModule" name="Excel_Account_Count_Verification" time="3.264"/>
  <system-out/>
  <testcase classname="com.test.CoreManualAllocation_Module.AllScenarios_CoreManualAllocationModule" name="Login_to_call_centre_application_and_take_updation_of_disposition_page" time="70.075"/>
  <system-out/>
  <testcase classname="com.test.CoreManualAllocation_Module.AllScenarios_CoreManualAllocationModule" name="Login_and_Navigation_to_Manual_Allocation_Core_Application" time="99.966"/>
  <system-out/>
  <testcase classname="com.test.CoreManualAllocation_Module.AllScenarios_CoreManualAllocationModule" name="Mandatory_Field_Validation_for_Asset_Category_" time="9.657"/>
  <system-out/>
  <testcase classname="com.test.CoreManualAllocation_Module.AllScenarios_CoreManualAllocationModule" name="Asset_Category_SMA_and_NPA_Selection_" time="13.800"/>
  <system-out/>
  <testcase classname="com.test.CoreManualAllocation_Module.AllScenarios_CoreManualAllocationModule" name="SMA_Category_Dropdown_Selection_" time="4.250"/>
  <system-out/>
  <testcase classname="com.test.CoreManualAllocation_Module.AllScenarios_CoreManualAllocationModule" name="NPA_Category_Dropdown_Selection_" time="9.011"/>
  <system-out/>
  <testcase classname="com.test.CoreManualAllocation_Module.AllScenarios_CoreManualAllocationModule" name="OS_Balance_Field_Validation_" time="3.621"/>
  <system-out/>
  <testcase classname="com.test.CoreManualAllocation_Module.AllScenarios_CoreManualAllocationModule" name="To_Field_Dropdown_Selection_" time="3.462"/>
  <system-out/>
  <testcase classname="com.test.CoreManualAllocation_Module.AllScenarios_CoreManualAllocationModule" name="Search_with_Mandatory_Fields_" time="14.773"/>
  <system-out/>
  <testcase classname="com.test.CoreManualAllocation_Module.AllScenarios_CoreManualAllocationModule" name="Allocate_to_Field_Dropdown_Selection" time="3.343"/>
  <system-out/>
  <testcase classname="com.test.CoreManualAllocation_Module.AllScenarios_CoreManualAllocationModule" name="Select_Call_Centre_Field_Dropdown_Selection" time="3.426"/>
  <system-out/>
  <testcase classname="com.test.CoreManualAllocation_Module.AllScenarios_CoreManualAllocationModule" name="Assign_Button_Validation_Message" time="9.489"/>
  <system-out/>
  <testcase classname="com.test.CoreManualAllocation_Module.AllScenarios_CoreManualAllocationModule" name="Successful_Login_and_Navigation" time="64.408"/>
  <system-out/>
  <testcase classname="com.test.CoreManualAllocation_Module.AllScenarios_CoreManualAllocationModule" name="Verify_Mandatory_Fields" time="3.079"/>
  <system-out/>
  <testcase classname="com.test.CoreManualAllocation_Module.AllScenarios_CoreManualAllocationModule" name="Form_Submission_Without_Mandatory_Fields" time="9.196"/>
  <system-out/>
  <testcase classname="com.test.CoreManualAllocation_Module.AllScenarios_CoreManualAllocationModule" name="Asset_Category_Selection" time="12.617"/>
  <system-out/>
  <testcase classname="com.test.CoreManualAllocation_Module.AllScenarios_CoreManualAllocationModule" name="SMA_Category_Selection_" time="3.589"/>
  <system-out/>
  <testcase classname="com.test.CoreManualAllocation_Module.AllScenarios_CoreManualAllocationModule" name="NPA_Category_Selection" time="3.534"/>
  <system-out/>
  <testcase classname="com.test.CoreManualAllocation_Module.AllScenarios_CoreManualAllocationModule" name="Allocation_Type_Selection" time="4.119"/>
  <system-out/>
  <testcase classname="com.test.CoreManualAllocation_Module.AllScenarios_CoreManualAllocationModule" name="Allocated_To_Selection_Call_Centre" time="3.599"/>
  <system-out/>
  <testcase classname="com.test.CoreManualAllocation_Module.AllScenarios_CoreManualAllocationModule" name="Search_Functionality_with_Filters" time="9.744"/>
  <system-out/>
  <testcase classname="com.test.CoreManualAllocation_Module.AllScenarios_CoreManualAllocationModule" name="Download_File__List_of_Accounts" time="7.480"/>
  <system-out/>
  <testcase classname="com.test.CoreManualAllocation_Module.AllScenarios_CoreManualAllocationModule" name="Verify_Downloaded_File" time="3.146"/>
  <system-out/>
  <testcase classname="com.test.CoreManualAllocation_Module.AllScenarios_CoreManualAllocationModule" name="Verify_the_URL_after_navigating_to_the_Updation_of_Disposition_page" time="7.022"/>
  <system-out/>
  <testcase classname="com.test.CoreManualAllocation_Module.AllScenarios_CoreManualAllocationModule" name="Validate_presence_of_fields_and_buttons_on_the_Updation_of_Disposition_page" time="6.295"/>
  <system-out/>
  <testcase classname="com.test.CoreManualAllocation_Module.AllScenarios_CoreManualAllocationModule" name="Account_Number_Field_ECP_Validations" time="3.420"/>
  <system-out/>
  <testcase classname="com.test.CoreManualAllocation_Module.AllScenarios_CoreManualAllocationModule" name="Search_with_Invalid_Account_Number" time="18.833"/>
  <system-out/>
  <testcase classname="com.test.CoreManualAllocation_Module.AllScenarios_CoreManualAllocationModule" name="Search_with_Valid_Account_Number" time="15.268"/>
  <system-out/>
  <testcase classname="com.test.CoreManualAllocation_Module.AllScenarios_CoreManualAllocationModule" name="Verify_Fields_in_Add_Interaction_Details_Section" time="3.310"/>
  <system-out/>
  <testcase classname="com.test.CoreManualAllocation_Module.AllScenarios_CoreManualAllocationModule" name="Select_Internal_User_from_Action_Owner_Dropdown" time="3.367"/>
  <system-out/>
  <testcase classname="com.test.CoreManualAllocation_Module.AllScenarios_CoreManualAllocationModule" name="Select_Disposition_Type" time="8.826"/>
  <system-out/>
  <testcase classname="com.test.CoreManualAllocation_Module.AllScenarios_CoreManualAllocationModule" name="Select_Sub_Disposition" time="3.346"/>
  <system-out/>
  <testcase classname="com.test.CoreManualAllocation_Module.AllScenarios_CoreManualAllocationModule" name="Select_Date_in_Next_Action_Date_DatePicker" time="3.311"/>
  <system-out/>
  <testcase classname="com.test.CoreManualAllocation_Module.AllScenarios_CoreManualAllocationModule" name="Enter_Remarks_and_Save_Interaction" time="13.404"/>
  <system-out/>
  <testcase classname="com.test.CoreManualAllocation_Module.AllScenarios_CoreManualAllocationModule" name="Search_for_Previously_Saved_Account_Interaction_Details" time="15.746"/>
  <system-out/>
</testsuite> <!-- com.test.CoreManualAllocation_Module.AllScenarios_CoreManualAllocationModule -->
