<?xml version="1.0" encoding="UTF-8"?>
<!-- Generated by org.testng.reporters.JUnitReportReporter -->
<testsuite hostname="SPCOKLAP-5140" failures="0" tests="1" name="Login.Login" time="99.555" errors="0" timestamp="2024-11-15T18:11:06 IST" skipped="0">
  <testcase classname="Login.Login" name="RUNALL" time="99.555"/>
  <system-out/>
</testsuite> <!-- Login.Login -->
