<?xml version="1.0" encoding="UTF-8"?>
<!-- Generated by org.testng.reporters.JUnitReportReporter -->
<testsuite hostname="SPCOKLAP-5140" failures="0" tests="11" name="core.AlertsandNotifications.AlertsMaskAcAndMaskingAutho_TestClass" time="604.836" errors="0" timestamp="2025-04-02T19:29:40 IST" skipped="0">
  <testcase classname="core.AlertsandNotifications.AlertsMaskAcAndMaskingAutho_TestClass" name="Login_and_Navigate_to_Mask_Account_Window" time="83.844"/>
  <system-out/>
  <testcase classname="core.AlertsandNotifications.AlertsMaskAcAndMaskingAutho_TestClass" name="Mask_Account_with_Valid_Details" time="28.672"/>
  <system-out/>
  <testcase classname="core.AlertsandNotifications.AlertsMaskAcAndMaskingAutho_TestClass" name="Approve_Masking_Request" time="122.227"/>
  <system-out/>
  <testcase classname="core.AlertsandNotifications.AlertsMaskAcAndMaskingAutho_TestClass" name="Validate_Masked_Account_in_Notification_Management" time="130.797"/>
  <system-out/>
  <testcase classname="core.AlertsandNotifications.AlertsMaskAcAndMaskingAutho_TestClass" name="Unmask_Account" time="25.576"/>
  <system-out/>
  <testcase classname="core.AlertsandNotifications.AlertsMaskAcAndMaskingAutho_TestClass" name="Approve_Unmask_Request" time="122.628"/>
  <system-out/>
  <testcase classname="core.AlertsandNotifications.AlertsMaskAcAndMaskingAutho_TestClass" name="Account_Number_Field_BVA_Validations" time="27.358"/>
  <system-out/>
  <testcase classname="core.AlertsandNotifications.AlertsMaskAcAndMaskingAutho_TestClass" name="Account_Number_Field_ECP_Validations" time="19.005"/>
  <system-out/>
  <testcase classname="core.AlertsandNotifications.AlertsMaskAcAndMaskingAutho_TestClass" name="Enter_Invalid_Account_Number" time="16.360"/>
  <system-out/>
  <testcase classname="core.AlertsandNotifications.AlertsMaskAcAndMaskingAutho_TestClass" name="Leave_Account_Number_Empty" time="13.581"/>
  <system-out/>
  <testcase classname="core.AlertsandNotifications.AlertsMaskAcAndMaskingAutho_TestClass" name="Confirm_Masking_Without_Reason" time="14.788"/>
  <system-out/>
</testsuite> <!-- core.AlertsandNotifications.AlertsMaskAcAndMaskingAutho_TestClass -->
