<?xml version="1.0" encoding="UTF-8"?>
<!-- Generated by org.testng.reporters.JUnitReportReporter -->
<testsuite hostname="SPCOKLAP-5140" failures="0" tests="36" name="com.test.CoreAutoAllocation_Module.AllScenarios_CoreAutoAllocationModule" time="597.566" errors="0" timestamp="2025-01-27T13:21:33 IST" skipped="0">
  <testcase classname="com.test.CoreAutoAllocation_Module.AllScenarios_CoreAutoAllocationModule" name="Login_to_call_centre_application_and_take_account_filtration_page" time="7.739"/>
  <system-out/>
  <testcase classname="com.test.CoreAutoAllocation_Module.AllScenarios_CoreAutoAllocationModule" name="Allocated_To_dropdown_mandatory_checking" time="9.008"/>
  <system-out/>
  <testcase classname="com.test.CoreAutoAllocation_Module.AllScenarios_CoreAutoAllocationModule" name="Asset_category_dropdown_mandatory_checking" time="9.019"/>
  <system-out/>
  <testcase classname="com.test.CoreAutoAllocation_Module.AllScenarios_CoreAutoAllocationModule" name="Select_SMA_and_NPA_Categories" time="13.084"/>
  <system-out/>
  <testcase classname="com.test.CoreAutoAllocation_Module.AllScenarios_CoreAutoAllocationModule" name="SMA_Category_Selection" time="3.578"/>
  <system-out/>
  <testcase classname="com.test.CoreAutoAllocation_Module.AllScenarios_CoreAutoAllocationModule" name="NPA_Category_Selection" time="3.645"/>
  <system-out/>
  <testcase classname="com.test.CoreAutoAllocation_Module.AllScenarios_CoreAutoAllocationModule" name="Allocation_Type_Selection__Auto" time="4.188"/>
  <system-out/>
  <testcase classname="com.test.CoreAutoAllocation_Module.AllScenarios_CoreAutoAllocationModule" name="Perform_Search_with_Valid_Data" time="10.840"/>
  <system-out/>
  <testcase classname="com.test.CoreAutoAllocation_Module.AllScenarios_CoreAutoAllocationModule" name="Login_to_beacon_fcm_core_application_Verify_Auto_Allocation_Page_Load" time="74.059"/>
  <system-out/>
  <testcase classname="com.test.CoreAutoAllocation_Module.AllScenarios_CoreAutoAllocationModule" name="Verify_Fields_and_Buttons_on_Auto_Allocation_Page" time="3.669"/>
  <system-out/>
  <testcase classname="com.test.CoreAutoAllocation_Module.AllScenarios_CoreAutoAllocationModule" name="Enter_Allocation_Name_with_Alphabets" time="58.647"/>
  <system-out/>
  <testcase classname="com.test.CoreAutoAllocation_Module.AllScenarios_CoreAutoAllocationModule" name="Select_effect_Date_from_Date_Picker" time="3.615"/>
  <system-out/>
  <testcase classname="com.test.CoreAutoAllocation_Module.AllScenarios_CoreAutoAllocationModule" name="Select_NPA_and_SMA_Category_Checkbox" time="50.102"/>
  <system-out/>
  <testcase classname="com.test.CoreAutoAllocation_Module.AllScenarios_CoreAutoAllocationModule" name="Select_Zone_from_Dropdown" time="8.427"/>
  <system-out/>
  <testcase classname="com.test.CoreAutoAllocation_Module.AllScenarios_CoreAutoAllocationModule" name="Select_Processing_Interval_from_Dropdown" time="8.507"/>
  <system-out/>
  <testcase classname="com.test.CoreAutoAllocation_Module.AllScenarios_CoreAutoAllocationModule" name="Select_To_Dropdown" time="8.497"/>
  <system-out/>
  <testcase classname="com.test.CoreAutoAllocation_Module.AllScenarios_CoreAutoAllocationModule" name="Add_New_Allocation_Name" time="22.774"/>
  <system-out/>
  <testcase classname="com.test.CoreAutoAllocation_Module.AllScenarios_CoreAutoAllocationModule" name="Verify_Allocation_Name_Status_After_Creation" time="4.152"/>
  <system-out/>
  <testcase classname="com.test.CoreAutoAllocation_Module.AllScenarios_CoreAutoAllocationModule" name="Deactivate_Allocation_Name" time="20.049"/>
  <system-out/>
  <testcase classname="com.test.CoreAutoAllocation_Module.AllScenarios_CoreAutoAllocationModule" name="Reactivate_Allocation_Name" time="22.840"/>
  <system-out/>
  <testcase classname="com.test.CoreAutoAllocation_Module.AllScenarios_CoreAutoAllocationModule" name="Run_Database_Package_and_Verify_Accounts_Insertion" time="85.846"/>
  <system-out/>
  <testcase classname="com.test.CoreAutoAllocation_Module.AllScenarios_CoreAutoAllocationModule" name="Login_to_call_centre_application_and_take_account_filtration_pages" time="66.954"/>
  <system-out/>
  <testcase classname="com.test.CoreAutoAllocation_Module.AllScenarios_CoreAutoAllocationModule" name="Select_SMA_and_NPA_Categorie" time="13.408"/>
  <system-out/>
  <testcase classname="com.test.CoreAutoAllocation_Module.AllScenarios_CoreAutoAllocationModule" name="SMA_Category_Selections" time="3.574"/>
  <system-out/>
  <testcase classname="com.test.CoreAutoAllocation_Module.AllScenarios_CoreAutoAllocationModule" name="NPA_Category_Selections" time="4.324"/>
  <system-out/>
  <testcase classname="com.test.CoreAutoAllocation_Module.AllScenarios_CoreAutoAllocationModule" name="Allocation_Type_Selections__Auto" time="4.245"/>
  <system-out/>
  <testcase classname="com.test.CoreAutoAllocation_Module.AllScenarios_CoreAutoAllocationModule" name="Allocated_To_Selection__Call_Centre" time="3.631"/>
  <system-out/>
  <testcase classname="com.test.CoreAutoAllocation_Module.AllScenarios_CoreAutoAllocationModule" name="Perform_Search_with_Valid_Datas" time="14.091"/>
  <system-out/>
  <testcase classname="com.test.CoreAutoAllocation_Module.AllScenarios_CoreAutoAllocationModule" name="Verify_Total_Account_and_Amount_in_Grid" time="3.067"/>
  <system-out/>
  <testcase classname="com.test.CoreAutoAllocation_Module.AllScenarios_CoreAutoAllocationModule" name="Download_File__List_of_Accounts" time="11.407"/>
  <system-out/>
  <testcase classname="com.test.CoreAutoAllocation_Module.AllScenarios_CoreAutoAllocationModule" name="Verify_Downloaded_File" time="3.267"/>
  <system-out/>
  <testcase classname="com.test.CoreAutoAllocation_Module.AllScenarios_CoreAutoAllocationModule" name="Download_Dialer_File" time="10.131"/>
  <system-out/>
  <testcase classname="com.test.CoreAutoAllocation_Module.AllScenarios_CoreAutoAllocationModule" name="Verify_Dialer_Downloaded_File" time="3.062"/>
  <system-out/>
  <testcase classname="com.test.CoreAutoAllocation_Module.AllScenarios_CoreAutoAllocationModule" name="Download_Invalid_MobileNo_Excel_File" time="11.030"/>
  <system-out/>
  <testcase classname="com.test.CoreAutoAllocation_Module.AllScenarios_CoreAutoAllocationModule" name="Verify_Invalid_Mobile_Number_Downloaded_File" time="3.043"/>
  <system-out/>
  <testcase classname="com.test.CoreAutoAllocation_Module.AllScenarios_CoreAutoAllocationModule" name="Verify_Download_History" time="10.047"/>
  <system-out/>
</testsuite> <!-- com.test.CoreAutoAllocation_Module.AllScenarios_CoreAutoAllocationModule -->
