<?xml version="1.0" encoding="UTF-8"?>
<!-- Generated by org.testng.reporters.JUnitReportReporter -->
<testsuite hostname="SPCOKLAP-5140" failures="0" tests="6" name="core.AgencyManagement.AgencyAllocationSummary_TestClass" time="254.373" errors="0" timestamp="2025-04-29T16:49:07 IST" skipped="0">
  <testcase classname="core.AgencyManagement.AgencyAllocationSummary_TestClass" name="Truncate_mst_col_agency_acc_allocated" time="4.237"/>
  <system-out/>
  <testcase classname="core.AgencyManagement.AgencyAllocationSummary_TestClass" name="Login_to_core_application_and_navigate_to_agency_account_agency_menu" time="156.564"/>
  <system-out/>
  <testcase classname="core.AgencyManagement.AgencyAllocationSummary_TestClass" name="Allocating_accounts_to_collection_agency" time="79.233"/>
  <system-out/>
  <testcase classname="core.AgencyManagement.AgencyAllocationSummary_TestClass" name="Validate_Data_process_for_agency_allocation_Summary" time="3.684"/>
  <system-out/>
  <testcase classname="core.AgencyManagement.AgencyAllocationSummary_TestClass" name="Navigate_to_agency_allocation_summary_page" time="5.761"/>
  <system-out/>
  <testcase classname="core.AgencyManagement.AgencyAllocationSummary_TestClass" name="Search_Without_Selecting_Select_collection_agency_dropdown" time="4.894"/>
  <system-out/>
</testsuite> <!-- core.AgencyManagement.AgencyAllocationSummary_TestClass -->
