<?xml version="1.0" encoding="UTF-8"?>
<!-- Generated by org.testng.reporters.JUnitReportReporter -->
<testsuite hostname="SPCOKLAP-5140" failures="0" tests="27" name="com.test.CoreRegularizationSummary_Module.AllScenarios_CoreRegularizationSummaryModule" time="288.790" errors="0" timestamp="2025-02-13T15:08:01 IST" skipped="0">
  <testcase classname="com.test.CoreRegularizationSummary_Module.AllScenarios_CoreRegularizationSummaryModule" name="Login_and_Navigation_to_Manual_Allocation" time="22.591"/>
  <system-out/>
  <testcase classname="com.test.CoreRegularizationSummary_Module.AllScenarios_CoreRegularizationSummaryModule" name="Asset_Category_SMA_and_NPA_Selection" time="13.797"/>
  <system-out/>
  <testcase classname="com.test.CoreRegularizationSummary_Module.AllScenarios_CoreRegularizationSummaryModule" name="SMA_Category_Dropdown_Selection" time="4.260"/>
  <system-out/>
  <testcase classname="com.test.CoreRegularizationSummary_Module.AllScenarios_CoreRegularizationSummaryModule" name="NPA_Category_Dropdown_Selection" time="3.325"/>
  <system-out/>
  <testcase classname="com.test.CoreRegularizationSummary_Module.AllScenarios_CoreRegularizationSummaryModule" name="OS_Balance_Field_Validation" time="3.669"/>
  <system-out/>
  <testcase classname="com.test.CoreRegularizationSummary_Module.AllScenarios_CoreRegularizationSummaryModule" name="To_Field_Dropdown_Selection" time="3.410"/>
  <system-out/>
  <testcase classname="com.test.CoreRegularizationSummary_Module.AllScenarios_CoreRegularizationSummaryModule" name="Search_with_Mandatory_Fields" time="19.968"/>
  <system-out/>
  <testcase classname="com.test.CoreRegularizationSummary_Module.AllScenarios_CoreRegularizationSummaryModule" name="Allocate_to_Field_Dropdown_Selection" time="3.326"/>
  <system-out/>
  <testcase classname="com.test.CoreRegularizationSummary_Module.AllScenarios_CoreRegularizationSummaryModule" name="Select_Call_Centre_Field_Dropdown_Selection" time="3.350"/>
  <system-out/>
  <testcase classname="com.test.CoreRegularizationSummary_Module.AllScenarios_CoreRegularizationSummaryModule" name="Assign_Button_Validation_Message" time="22.946"/>
  <system-out/>
  <testcase classname="com.test.CoreRegularizationSummary_Module.AllScenarios_CoreRegularizationSummaryModule" name="Create_entry_in_table_database" time="31.263"/>
  <system-out/>
  <testcase classname="com.test.CoreRegularizationSummary_Module.AllScenarios_CoreRegularizationSummaryModule" name="Side_Menu_Call_Centre_Listing" time="9.803"/>
  <system-out/>
  <testcase classname="com.test.CoreRegularizationSummary_Module.AllScenarios_CoreRegularizationSummaryModule" name="Sub_Menu_Regularization_Summary_Listing" time="3.132"/>
  <system-out/>
  <testcase classname="com.test.CoreRegularizationSummary_Module.AllScenarios_CoreRegularizationSummaryModule" name="Click_Regularization_Summary_" time="7.562"/>
  <system-out/>
  <testcase classname="com.test.CoreRegularizationSummary_Module.AllScenarios_CoreRegularizationSummaryModule" name="Regularization_Summary_Page_Dropdown_and_Search" time="3.067"/>
  <system-out/>
  <testcase classname="com.test.CoreRegularizationSummary_Module.AllScenarios_CoreRegularizationSummaryModule" name="Click_Search_Without_Selecting_Dropdown" time="8.513"/>
  <system-out/>
  <testcase classname="com.test.CoreRegularizationSummary_Module.AllScenarios_CoreRegularizationSummaryModule" name="Dropdown_Callcentre_Name" time="3.241"/>
  <system-out/>
  <testcase classname="com.test.CoreRegularizationSummary_Module.AllScenarios_CoreRegularizationSummaryModule" name="Search_Regularization_Summary" time="6.803"/>
  <system-out/>
  <testcase classname="com.test.CoreRegularizationSummary_Module.AllScenarios_CoreRegularizationSummaryModule" name="Download_the_regularization_summary_report" time="5.841"/>
  <system-out/>
  <testcase classname="com.test.CoreRegularizationSummary_Module.AllScenarios_CoreRegularizationSummaryModule" name="Data_Verification_in_Downloaded_File_" time="5.390"/>
  <system-out/>
  <testcase classname="com.test.CoreRegularizationSummary_Module.AllScenarios_CoreRegularizationSummaryModule" name="Download_the_regularization_summary_report_" time="8.017"/>
  <system-out/>
  <testcase classname="com.test.CoreRegularizationSummary_Module.AllScenarios_CoreRegularizationSummaryModule" name="Validate_Downloaded_File_" time="3.290"/>
  <system-out/>
  <testcase classname="com.test.CoreRegularizationSummary_Module.AllScenarios_CoreRegularizationSummaryModule" name="Login_to_call_centre_application" time="66.698"/>
  <system-out/>
  <testcase classname="com.test.CoreRegularizationSummary_Module.AllScenarios_CoreRegularizationSummaryModule" name="Click_Regularization_Summary" time="10.568"/>
  <system-out/>
  <testcase classname="com.test.CoreRegularizationSummary_Module.AllScenarios_CoreRegularizationSummaryModule" name="Data_Verification_in_Downloaded_File" time="5.382"/>
  <system-out/>
  <testcase classname="com.test.CoreRegularizationSummary_Module.AllScenarios_CoreRegularizationSummaryModule" name="Download_regularization_Summary" time="6.359"/>
  <system-out/>
  <testcase classname="com.test.CoreRegularizationSummary_Module.AllScenarios_CoreRegularizationSummaryModule" name="Validate_Downloaded_File" time="3.219"/>
  <system-out/>
</testsuite> <!-- com.test.CoreRegularizationSummary_Module.AllScenarios_CoreRegularizationSummaryModule -->
