<?xml version="1.0" encoding="UTF-8"?>
<!-- Generated by org.testng.reporters.JUnitReportReporter -->
<testsuite hostname="SPCOKLAP-5140" failures="0" tests="31" name="com.test.CallCenter_AccountFiltration_Module.AllScenarios_CallCenter_AccountFiltrationModule" time="423.704" errors="0" timestamp="2025-01-07T20:37:16 IST" skipped="0">
  <testcase classname="com.test.CallCenter_AccountFiltration_Module.AllScenarios_CallCenter_AccountFiltrationModule" name="Login_to_call_centre_application_and_take_account_filtration_page" time="10.000"/>
  <system-out/>
  <testcase classname="com.test.CallCenter_AccountFiltration_Module.AllScenarios_CallCenter_AccountFiltrationModule" name="Allocated_To_dropdown_mandatory_checking" time="8.730"/>
  <system-out/>
  <testcase classname="com.test.CallCenter_AccountFiltration_Module.AllScenarios_CallCenter_AccountFiltrationModule" name="Asset_category_dropdown_mandatory_checking" time="8.759"/>
  <system-out/>
  <testcase classname="com.test.CallCenter_AccountFiltration_Module.AllScenarios_CallCenter_AccountFiltrationModule" name="Select_SMA_and_NPA_Categories" time="12.239"/>
  <system-out/>
  <testcase classname="com.test.CallCenter_AccountFiltration_Module.AllScenarios_CallCenter_AccountFiltrationModule" name="SMA_Category_Selection" time="3.561"/>
  <system-out/>
  <testcase classname="com.test.CallCenter_AccountFiltration_Module.AllScenarios_CallCenter_AccountFiltrationModule" name="NPA_Category_Selection" time="3.551"/>
  <system-out/>
  <testcase classname="com.test.CallCenter_AccountFiltration_Module.AllScenarios_CallCenter_AccountFiltrationModule" name="Allocation_Type_Selection__Auto" time="4.212"/>
  <system-out/>
  <testcase classname="com.test.CallCenter_AccountFiltration_Module.AllScenarios_CallCenter_AccountFiltrationModule" name="Perform_Search_with_Valid_Data" time="10.384"/>
  <system-out/>
  <testcase classname="com.test.CallCenter_AccountFiltration_Module.AllScenarios_CallCenter_AccountFiltrationModule" name="Login_to_beacon_fcm_core_application_Verify_Auto_Allocation_Page_Load" time="74.769"/>
  <system-out/>
  <testcase classname="com.test.CallCenter_AccountFiltration_Module.AllScenarios_CallCenter_AccountFiltrationModule" name="Verify_Fields_and_Buttons_on_Auto_Allocation_Page" time="3.623"/>
  <system-out/>
  <testcase classname="com.test.CallCenter_AccountFiltration_Module.AllScenarios_CallCenter_AccountFiltrationModule" name="Enter_Allocation_Name_with_Alphabets" time="7.121"/>
  <system-out/>
  <testcase classname="com.test.CallCenter_AccountFiltration_Module.AllScenarios_CallCenter_AccountFiltrationModule" name="Select_effect_Date_from_Date_Picker" time="3.399"/>
  <system-out/>
  <testcase classname="com.test.CallCenter_AccountFiltration_Module.AllScenarios_CallCenter_AccountFiltrationModule" name="Select_NPA_and_SMA_Category_Checkbox" time="49.737"/>
  <system-out/>
  <testcase classname="com.test.CallCenter_AccountFiltration_Module.AllScenarios_CallCenter_AccountFiltrationModule" name="Select_Zone_from_Dropdown" time="8.404"/>
  <system-out/>
  <testcase classname="com.test.CallCenter_AccountFiltration_Module.AllScenarios_CallCenter_AccountFiltrationModule" name="Select_Processing_Interval_from_Dropdown" time="8.449"/>
  <system-out/>
  <testcase classname="com.test.CallCenter_AccountFiltration_Module.AllScenarios_CallCenter_AccountFiltrationModule" name="Select_To_Dropdown" time="8.462"/>
  <system-out/>
  <testcase classname="com.test.CallCenter_AccountFiltration_Module.AllScenarios_CallCenter_AccountFiltrationModule" name="Add_New_Allocation_Name" time="21.433"/>
  <system-out/>
  <testcase classname="com.test.CallCenter_AccountFiltration_Module.AllScenarios_CallCenter_AccountFiltrationModule" name="Verify_Allocation_Name_Status_After_Creation" time="4.109"/>
  <system-out/>
  <testcase classname="com.test.CallCenter_AccountFiltration_Module.AllScenarios_CallCenter_AccountFiltrationModule" name="Deactivate_Allocation_Name" time="20.974"/>
  <system-out/>
  <testcase classname="com.test.CallCenter_AccountFiltration_Module.AllScenarios_CallCenter_AccountFiltrationModule" name="Reactivate_Allocation_Name" time="15.905"/>
  <system-out/>
  <testcase classname="com.test.CallCenter_AccountFiltration_Module.AllScenarios_CallCenter_AccountFiltrationModule" name="Run_Database_Package_and_Verify_Accounts_Insertion" time="31.410"/>
  <system-out/>
  <testcase classname="com.test.CallCenter_AccountFiltration_Module.AllScenarios_CallCenter_AccountFiltrationModule" name="Login_to_call_centre_application_and_take_account_filtration_pages" time="50.529"/>
  <system-out/>
  <testcase classname="com.test.CallCenter_AccountFiltration_Module.AllScenarios_CallCenter_AccountFiltrationModule" name="Select_SMA_and_NPA_Categorie" time="12.796"/>
  <system-out/>
  <testcase classname="com.test.CallCenter_AccountFiltration_Module.AllScenarios_CallCenter_AccountFiltrationModule" name="SMA_Category_Selections" time="3.542"/>
  <system-out/>
  <testcase classname="com.test.CallCenter_AccountFiltration_Module.AllScenarios_CallCenter_AccountFiltrationModule" name="NPA_Category_Selections" time="4.203"/>
  <system-out/>
  <testcase classname="com.test.CallCenter_AccountFiltration_Module.AllScenarios_CallCenter_AccountFiltrationModule" name="Allocation_Type_Selections__Auto" time="4.146"/>
  <system-out/>
  <testcase classname="com.test.CallCenter_AccountFiltration_Module.AllScenarios_CallCenter_AccountFiltrationModule" name="Allocated_To_Selection__Call_Centre" time="3.566"/>
  <system-out/>
  <testcase classname="com.test.CallCenter_AccountFiltration_Module.AllScenarios_CallCenter_AccountFiltrationModule" name="Perform_Search_with_Valid_Datas" time="11.351"/>
  <system-out/>
  <testcase classname="com.test.CallCenter_AccountFiltration_Module.AllScenarios_CallCenter_AccountFiltrationModule" name="Verify_Total_Account_and_Amount_in_Grid" time="3.054"/>
  <system-out/>
  <testcase classname="com.test.CallCenter_AccountFiltration_Module.AllScenarios_CallCenter_AccountFiltrationModule" name="Download_File__List_of_Accounts" time="8.095"/>
  <system-out/>
  <testcase classname="com.test.CallCenter_AccountFiltration_Module.AllScenarios_CallCenter_AccountFiltrationModule" name="Verify_Downloaded_File" time="3.191"/>
  <system-out/>
</testsuite> <!-- com.test.CallCenter_AccountFiltration_Module.AllScenarios_CallCenter_AccountFiltrationModule -->
