<?xml version="1.0" encoding="UTF-8"?>
<!-- Generated by org.testng.reporters.JUnitReportReporter -->
<testsuite hostname="SPCOKLAP-5140" failures="0" tests="7" name="com.test.Updation_of_DispositionModule.AllScenarios_Updation_of_DispositionModule" time="157.895" errors="0" timestamp="2024-12-11T15:47:46 IST" skipped="0">
  <testcase classname="com.test.Updation_of_DispositionModule.AllScenarios_Updation_of_DispositionModule" name="Open_Updation_of_Disposition_Screen" time="6.740"/>
  <system-out/>
  <testcase classname="com.test.Updation_of_DispositionModule.AllScenarios_Updation_of_DispositionModule" name="Account_Number_Field__ECP_Validations" time="3.245"/>
  <system-out/>
  <testcase classname="com.test.Updation_of_DispositionModule.AllScenarios_Updation_of_DispositionModule" name="Attempt_to_Enter_More_than_25_Characters" time="3.141"/>
  <system-out/>
  <testcase classname="com.test.Updation_of_DispositionModule.AllScenarios_Updation_of_DispositionModule" name="Enter_Invalid_Account_Number_and_Search" time="47.214"/>
  <system-out/>
  <testcase classname="com.test.Updation_of_DispositionModule.AllScenarios_Updation_of_DispositionModule" name="Search_with_Empty_Account_Number_Field" time="26.640"/>
  <system-out/>
  <testcase classname="com.test.Updation_of_DispositionModule.AllScenarios_Updation_of_DispositionModule" name="Enter_Valid_Account_Number_and_Search" time="65.394"/>
  <system-out/>
  <testcase classname="com.test.Updation_of_DispositionModule.AllScenarios_Updation_of_DispositionModule" name="testAllFieldsMissingValidation" time="5.521"/>
  <system-out/>
</testsuite> <!-- com.test.Updation_of_DispositionModule.AllScenarios_Updation_of_DispositionModule -->
