<?xml version="1.0" encoding="UTF-8"?>
<!-- Generated by org.testng.reporters.JUnitReportReporter -->
<testsuite hostname="SPCOKLAP-5140" failures="0" tests="11" name="CoreCollectionOfficerConfig_Module.AllScenarios_Core_CollectionOfficerConfig_Module" time="305.986" errors="0" timestamp="2025-03-07T15:11:39 IST" skipped="0">
  <testcase classname="CoreCollectionOfficerConfig_Module.AllScenarios_Core_CollectionOfficerConfig_Module" name="testAddCoreUsersToMstEmployee" time="0.686"/>
  <system-out/>
  <testcase classname="CoreCollectionOfficerConfig_Module.AllScenarios_Core_CollectionOfficerConfig_Module" name="testCollectionOfficerConfigurationsAccessibility" time="13.222"/>
  <system-out/>
  <testcase classname="CoreCollectionOfficerConfig_Module.AllScenarios_Core_CollectionOfficerConfig_Module" name="testCollectionOfficerConfigurationsPageParameters" time="13.571"/>
  <system-out/>
  <testcase classname="CoreCollectionOfficerConfig_Module.AllScenarios_Core_CollectionOfficerConfig_Module" name="testSearchFunctionality" time="31.556"/>
  <system-out/>
  <testcase classname="CoreCollectionOfficerConfig_Module.AllScenarios_Core_CollectionOfficerConfig_Module" name="testSaveConfigurations" time="18.630"/>
  <system-out/>
  <testcase classname="CoreCollectionOfficerConfig_Module.AllScenarios_Core_CollectionOfficerConfig_Module" name="testExcelDownload" time="14.321"/>
  <system-out/>
  <testcase classname="CoreCollectionOfficerConfig_Module.AllScenarios_Core_CollectionOfficerConfig_Module" name="testFailedSaveWithoutSelections" time="0.123"/>
  <system-out/>
  <testcase classname="CoreCollectionOfficerConfig_Module.AllScenarios_Core_CollectionOfficerConfig_Module" name="testResetFunctionality" time="12.609"/>
  <system-out/>
  <testcase classname="CoreCollectionOfficerConfig_Module.AllScenarios_Core_CollectionOfficerConfig_Module" name="testUnassignedAccountsTile" time="56.350"/>
  <system-out/>
  <testcase classname="CoreCollectionOfficerConfig_Module.AllScenarios_Core_CollectionOfficerConfig_Module" name="verifyUsersListedInAssignReassignDropdown" time="44.042"/>
  <system-out/>
  <testcase classname="CoreCollectionOfficerConfig_Module.AllScenarios_Core_CollectionOfficerConfig_Module" name="Test_Uncheck_Collection_Officer_Functionality" time="100.876"/>
  <system-out/>
</testsuite> <!-- CoreCollectionOfficerConfig_Module.AllScenarios_Core_CollectionOfficerConfig_Module -->
